13:43:21 INFO  : Registering command handlers for SDK TCF services
13:43:23 INFO  : Launching XSCT server: xsct.bat -interactive F:\work\zynq_work2020\Zedboard_lab2020\leds_sw_btns\leds_sw_btns.sdk\temp_xsdb_launch_script.tcl
13:43:30 INFO  : XSCT server has started successfully.
13:43:31 INFO  : Successfully done setting XSCT server connection channel  
13:43:31 INFO  : Processing command line option -hwspec F:/work/zynq_work2020/Zedboard_lab2020/leds_sw_btns/leds_sw_btns.sdk/system_wrapper.hdf.
13:43:31 INFO  : Successfully done setting SDK workspace  
13:49:30 INFO  : 'targets -set -filter {jtag_cable_name =~ "Digilent Zed 210248657754" && level==0} -index 1' command is executed.
13:49:30 INFO  : 'fpga -state' command is executed.
13:49:33 INFO  : Connected to target on host '127.0.0.1' and port '3121'.
13:49:33 INFO  : Jtag cable 'Digilent Zed 210248657754' is selected.
13:49:33 INFO  : 'jtag frequency' command is executed.
13:49:33 INFO  : Sourcing of 'F:/work/zynq_work2020/Zedboard_lab2020/leds_sw_btns/leds_sw_btns.sdk/system_wrapper_hw_platform_0/ps7_init.tcl' is done.
13:49:33 INFO  : Context for 'APU' is selected.
13:49:33 INFO  : System reset is completed.
13:49:36 INFO  : 'after 3000' command is executed.
13:49:36 INFO  : Context for 'APU' is selected.
13:49:36 INFO  : Hardware design information is loaded from 'F:/work/zynq_work2020/Zedboard_lab2020/leds_sw_btns/leds_sw_btns.sdk/system_wrapper_hw_platform_0/system.hdf'.
13:49:36 INFO  : 'configparams force-mem-access 1' command is executed.
13:49:36 INFO  : Context for 'APU' is selected.
13:49:37 INFO  : 'ps7_init' command is executed.
13:49:37 INFO  : 'ps7_post_config' command is executed.
13:49:37 INFO  : Context for processor 'ps7_cortexa9_0' is selected.
13:49:37 INFO  : The application 'F:/work/zynq_work2020/Zedboard_lab2020/leds_sw_btns/leds_sw_btns.sdk/prj_test/Debug/prj_test.elf' is downloaded to processor 'ps7_cortexa9_0'.
13:49:37 INFO  : 'configparams force-mem-access 0' command is executed.
13:49:37 INFO  : ----------------XSDB Script----------------
connect -url tcp:127.0.0.1:3121
source F:/work/zynq_work2020/Zedboard_lab2020/leds_sw_btns/leds_sw_btns.sdk/system_wrapper_hw_platform_0/ps7_init.tcl
targets -set -nocase -filter {name =~"APU*" && jtag_cable_name =~ "Digilent Zed 210248657754"} -index 0
rst -system
after 3000
targets -set -nocase -filter {name =~"APU*" && jtag_cable_name =~ "Digilent Zed 210248657754"} -index 0
loadhw -hw F:/work/zynq_work2020/Zedboard_lab2020/leds_sw_btns/leds_sw_btns.sdk/system_wrapper_hw_platform_0/system.hdf -mem-ranges [list {0x40000000 0xbfffffff}]
configparams force-mem-access 1
targets -set -nocase -filter {name =~"APU*" && jtag_cable_name =~ "Digilent Zed 210248657754"} -index 0
ps7_init
ps7_post_config
targets -set -nocase -filter {name =~ "ARM*#0" && jtag_cable_name =~ "Digilent Zed 210248657754"} -index 0
dow F:/work/zynq_work2020/Zedboard_lab2020/leds_sw_btns/leds_sw_btns.sdk/prj_test/Debug/prj_test.elf
configparams force-mem-access 0
----------------End of Script----------------

13:49:37 INFO  : Memory regions updated for context APU
13:49:37 INFO  : Context for processor 'ps7_cortexa9_0' is selected.
13:49:37 INFO  : 'con' command is executed.
13:49:37 INFO  : ----------------XSDB Script (After Launch)----------------
targets -set -nocase -filter {name =~ "ARM*#0" && jtag_cable_name =~ "Digilent Zed 210248657754"} -index 0
con
----------------End of Script----------------

13:49:37 INFO  : Launch script is exported to file 'F:\work\zynq_work2020\Zedboard_lab2020\leds_sw_btns\leds_sw_btns.sdk\.sdk\launch_scripts\xilinx_c-c++_application_(system_debugger)\system_debugger_using_debug_prj_test.elf_on_local.tcl'
13:50:00 INFO  : Disconnected from the channel tcfchan#1.
13:50:01 INFO  : Connected to target on host '127.0.0.1' and port '3121'.
13:50:02 INFO  : Jtag cable 'Digilent Zed 210248657754' is selected.
13:50:02 INFO  : 'jtag frequency' command is executed.
13:50:02 INFO  : Sourcing of 'F:/work/zynq_work2020/Zedboard_lab2020/leds_sw_btns/leds_sw_btns.sdk/system_wrapper_hw_platform_0/ps7_init.tcl' is done.
13:50:02 INFO  : Context for 'APU' is selected.
13:50:02 INFO  : System reset is completed.
13:50:05 INFO  : 'after 3000' command is executed.
13:50:05 INFO  : 'targets -set -filter {jtag_cable_name =~ "Digilent Zed 210248657754" && level==0} -index 1' command is executed.
13:50:07 INFO  : FPGA configured successfully with bitstream "F:/work/zynq_work2020/Zedboard_lab2020/leds_sw_btns/leds_sw_btns.sdk/system_wrapper_hw_platform_0/system_wrapper.bit"
13:50:07 INFO  : Context for 'APU' is selected.
13:50:10 INFO  : Hardware design information is loaded from 'F:/work/zynq_work2020/Zedboard_lab2020/leds_sw_btns/leds_sw_btns.sdk/system_wrapper_hw_platform_0/system.hdf'.
13:50:10 INFO  : 'configparams force-mem-access 1' command is executed.
13:50:10 INFO  : Context for 'APU' is selected.
13:50:11 INFO  : 'ps7_init' command is executed.
13:50:11 INFO  : 'ps7_post_config' command is executed.
13:50:11 INFO  : Context for processor 'ps7_cortexa9_0' is selected.
13:50:11 INFO  : The application 'F:/work/zynq_work2020/Zedboard_lab2020/leds_sw_btns/leds_sw_btns.sdk/prj_test/Debug/prj_test.elf' is downloaded to processor 'ps7_cortexa9_0'.
13:50:11 INFO  : 'configparams force-mem-access 0' command is executed.
13:50:11 INFO  : ----------------XSDB Script----------------
connect -url tcp:127.0.0.1:3121
source F:/work/zynq_work2020/Zedboard_lab2020/leds_sw_btns/leds_sw_btns.sdk/system_wrapper_hw_platform_0/ps7_init.tcl
targets -set -nocase -filter {name =~"APU*" && jtag_cable_name =~ "Digilent Zed 210248657754"} -index 0
rst -system
after 3000
targets -set -filter {jtag_cable_name =~ "Digilent Zed 210248657754" && level==0} -index 1
fpga -file F:/work/zynq_work2020/Zedboard_lab2020/leds_sw_btns/leds_sw_btns.sdk/system_wrapper_hw_platform_0/system_wrapper.bit
targets -set -nocase -filter {name =~"APU*" && jtag_cable_name =~ "Digilent Zed 210248657754"} -index 0
loadhw -hw F:/work/zynq_work2020/Zedboard_lab2020/leds_sw_btns/leds_sw_btns.sdk/system_wrapper_hw_platform_0/system.hdf -mem-ranges [list {0x40000000 0xbfffffff}]
configparams force-mem-access 1
targets -set -nocase -filter {name =~"APU*" && jtag_cable_name =~ "Digilent Zed 210248657754"} -index 0
ps7_init
ps7_post_config
targets -set -nocase -filter {name =~ "ARM*#0" && jtag_cable_name =~ "Digilent Zed 210248657754"} -index 0
dow F:/work/zynq_work2020/Zedboard_lab2020/leds_sw_btns/leds_sw_btns.sdk/prj_test/Debug/prj_test.elf
configparams force-mem-access 0
----------------End of Script----------------

13:50:11 INFO  : Memory regions updated for context APU
13:50:11 INFO  : Context for processor 'ps7_cortexa9_0' is selected.
13:50:11 INFO  : 'con' command is executed.
13:50:11 INFO  : ----------------XSDB Script (After Launch)----------------
targets -set -nocase -filter {name =~ "ARM*#0" && jtag_cable_name =~ "Digilent Zed 210248657754"} -index 0
con
----------------End of Script----------------

13:50:11 INFO  : Launch script is exported to file 'F:\work\zynq_work2020\Zedboard_lab2020\leds_sw_btns\leds_sw_btns.sdk\.sdk\launch_scripts\xilinx_c-c++_application_(system_debugger)\system_debugger_using_debug_prj_test.elf_on_local.tcl'
13:51:08 INFO  : Disconnected from the channel tcfchan#2.
13:51:09 INFO  : Connected to target on host '127.0.0.1' and port '3121'.
13:51:09 INFO  : Jtag cable 'Digilent Zed 210248657754' is selected.
13:51:09 INFO  : 'jtag frequency' command is executed.
13:51:09 INFO  : Sourcing of 'F:/work/zynq_work2020/Zedboard_lab2020/leds_sw_btns/leds_sw_btns.sdk/system_wrapper_hw_platform_0/ps7_init.tcl' is done.
13:51:09 INFO  : Context for 'APU' is selected.
13:51:09 INFO  : System reset is completed.
13:51:12 INFO  : 'after 3000' command is executed.
13:51:12 INFO  : 'targets -set -filter {jtag_cable_name =~ "Digilent Zed 210248657754" && level==0} -index 1' command is executed.
13:51:15 INFO  : FPGA configured successfully with bitstream "F:/work/zynq_work2020/Zedboard_lab2020/leds_sw_btns/leds_sw_btns.sdk/system_wrapper_hw_platform_0/system_wrapper.bit"
13:51:15 INFO  : Context for 'APU' is selected.
13:51:18 INFO  : Hardware design information is loaded from 'F:/work/zynq_work2020/Zedboard_lab2020/leds_sw_btns/leds_sw_btns.sdk/system_wrapper_hw_platform_0/system.hdf'.
13:51:18 INFO  : 'configparams force-mem-access 1' command is executed.
13:51:18 INFO  : Context for 'APU' is selected.
13:51:18 INFO  : 'ps7_init' command is executed.
13:51:18 INFO  : 'ps7_post_config' command is executed.
13:51:18 INFO  : Context for processor 'ps7_cortexa9_0' is selected.
13:51:18 INFO  : The application 'F:/work/zynq_work2020/Zedboard_lab2020/leds_sw_btns/leds_sw_btns.sdk/prj_test/Debug/prj_test.elf' is downloaded to processor 'ps7_cortexa9_0'.
13:51:18 INFO  : 'configparams force-mem-access 0' command is executed.
13:51:18 INFO  : ----------------XSDB Script----------------
connect -url tcp:127.0.0.1:3121
source F:/work/zynq_work2020/Zedboard_lab2020/leds_sw_btns/leds_sw_btns.sdk/system_wrapper_hw_platform_0/ps7_init.tcl
targets -set -nocase -filter {name =~"APU*" && jtag_cable_name =~ "Digilent Zed 210248657754"} -index 0
rst -system
after 3000
targets -set -filter {jtag_cable_name =~ "Digilent Zed 210248657754" && level==0} -index 1
fpga -file F:/work/zynq_work2020/Zedboard_lab2020/leds_sw_btns/leds_sw_btns.sdk/system_wrapper_hw_platform_0/system_wrapper.bit
targets -set -nocase -filter {name =~"APU*" && jtag_cable_name =~ "Digilent Zed 210248657754"} -index 0
loadhw -hw F:/work/zynq_work2020/Zedboard_lab2020/leds_sw_btns/leds_sw_btns.sdk/system_wrapper_hw_platform_0/system.hdf -mem-ranges [list {0x40000000 0xbfffffff}]
configparams force-mem-access 1
targets -set -nocase -filter {name =~"APU*" && jtag_cable_name =~ "Digilent Zed 210248657754"} -index 0
ps7_init
ps7_post_config
targets -set -nocase -filter {name =~ "ARM*#0" && jtag_cable_name =~ "Digilent Zed 210248657754"} -index 0
dow F:/work/zynq_work2020/Zedboard_lab2020/leds_sw_btns/leds_sw_btns.sdk/prj_test/Debug/prj_test.elf
configparams force-mem-access 0
----------------End of Script----------------

13:51:18 INFO  : Memory regions updated for context APU
13:51:18 INFO  : Context for processor 'ps7_cortexa9_0' is selected.
13:51:18 INFO  : 'con' command is executed.
13:51:18 INFO  : ----------------XSDB Script (After Launch)----------------
targets -set -nocase -filter {name =~ "ARM*#0" && jtag_cable_name =~ "Digilent Zed 210248657754"} -index 0
con
----------------End of Script----------------

13:51:18 INFO  : Launch script is exported to file 'F:\work\zynq_work2020\Zedboard_lab2020\leds_sw_btns\leds_sw_btns.sdk\.sdk\launch_scripts\xilinx_c-c++_application_(system_debugger)\system_debugger_using_debug_prj_test.elf_on_local.tcl'
13:54:28 INFO  : Disconnected from the channel tcfchan#3.
13:54:29 INFO  : Connected to target on host '127.0.0.1' and port '3121'.
13:54:30 INFO  : Jtag cable 'Digilent Zed 210248657754' is selected.
13:54:30 INFO  : 'jtag frequency' command is executed.
13:54:30 INFO  : Sourcing of 'F:/work/zynq_work2020/Zedboard_lab2020/leds_sw_btns/leds_sw_btns.sdk/system_wrapper_hw_platform_0/ps7_init.tcl' is done.
13:54:30 INFO  : Context for 'APU' is selected.
13:54:30 INFO  : System reset is completed.
13:54:33 INFO  : 'after 3000' command is executed.
13:54:33 INFO  : 'targets -set -filter {jtag_cable_name =~ "Digilent Zed 210248657754" && level==0} -index 1' command is executed.
13:54:35 INFO  : FPGA configured successfully with bitstream "F:/work/zynq_work2020/Zedboard_lab2020/leds_sw_btns/leds_sw_btns.sdk/system_wrapper_hw_platform_0/system_wrapper.bit"
13:54:35 INFO  : Context for 'APU' is selected.
13:54:38 INFO  : Hardware design information is loaded from 'F:/work/zynq_work2020/Zedboard_lab2020/leds_sw_btns/leds_sw_btns.sdk/system_wrapper_hw_platform_0/system.hdf'.
13:54:38 INFO  : 'configparams force-mem-access 1' command is executed.
13:54:38 INFO  : Context for 'APU' is selected.
13:54:38 INFO  : 'ps7_init' command is executed.
13:54:38 INFO  : 'ps7_post_config' command is executed.
13:54:38 INFO  : Context for processor 'ps7_cortexa9_0' is selected.
13:54:38 INFO  : The application 'F:/work/zynq_work2020/Zedboard_lab2020/leds_sw_btns/leds_sw_btns.sdk/prj_test/Debug/prj_test.elf' is downloaded to processor 'ps7_cortexa9_0'.
13:54:38 INFO  : 'configparams force-mem-access 0' command is executed.
13:54:38 INFO  : ----------------XSDB Script----------------
connect -url tcp:127.0.0.1:3121
source F:/work/zynq_work2020/Zedboard_lab2020/leds_sw_btns/leds_sw_btns.sdk/system_wrapper_hw_platform_0/ps7_init.tcl
targets -set -nocase -filter {name =~"APU*" && jtag_cable_name =~ "Digilent Zed 210248657754"} -index 0
rst -system
after 3000
targets -set -filter {jtag_cable_name =~ "Digilent Zed 210248657754" && level==0} -index 1
fpga -file F:/work/zynq_work2020/Zedboard_lab2020/leds_sw_btns/leds_sw_btns.sdk/system_wrapper_hw_platform_0/system_wrapper.bit
targets -set -nocase -filter {name =~"APU*" && jtag_cable_name =~ "Digilent Zed 210248657754"} -index 0
loadhw -hw F:/work/zynq_work2020/Zedboard_lab2020/leds_sw_btns/leds_sw_btns.sdk/system_wrapper_hw_platform_0/system.hdf -mem-ranges [list {0x40000000 0xbfffffff}]
configparams force-mem-access 1
targets -set -nocase -filter {name =~"APU*" && jtag_cable_name =~ "Digilent Zed 210248657754"} -index 0
ps7_init
ps7_post_config
targets -set -nocase -filter {name =~ "ARM*#0" && jtag_cable_name =~ "Digilent Zed 210248657754"} -index 0
dow F:/work/zynq_work2020/Zedboard_lab2020/leds_sw_btns/leds_sw_btns.sdk/prj_test/Debug/prj_test.elf
configparams force-mem-access 0
----------------End of Script----------------

13:54:38 INFO  : Memory regions updated for context APU
13:54:38 INFO  : Context for processor 'ps7_cortexa9_0' is selected.
13:54:38 INFO  : 'con' command is executed.
13:54:38 INFO  : ----------------XSDB Script (After Launch)----------------
targets -set -nocase -filter {name =~ "ARM*#0" && jtag_cable_name =~ "Digilent Zed 210248657754"} -index 0
con
----------------End of Script----------------

13:54:38 INFO  : Launch script is exported to file 'F:\work\zynq_work2020\Zedboard_lab2020\leds_sw_btns\leds_sw_btns.sdk\.sdk\launch_scripts\xilinx_c-c++_application_(system_debugger)\system_debugger_using_debug_prj_test.elf_on_local.tcl'
14:28:53 INFO  : Registering command handlers for SDK TCF services
14:28:54 INFO  : Launching XSCT server: xsct.bat -interactive F:\work\zynq_work2020\Zedboard_lab2020\leds_sw_btns\leds_sw_btns.sdk\temp_xsdb_launch_script.tcl
14:29:00 INFO  : XSCT server has started successfully.
14:29:01 INFO  : Successfully done setting XSCT server connection channel  
14:29:01 INFO  : Successfully done setting SDK workspace  
14:29:01 INFO  : Processing command line option -hwspec F:/work/zynq_work2020/Zedboard_lab2020/leds_sw_btns/leds_sw_btns.sdk/system_wrapper.hdf.
14:29:01 INFO  : Checking for hwspec changes in the project system_wrapper_hw_platform_0.
14:34:35 INFO  : Connected to target on host '127.0.0.1' and port '3121'.
14:34:36 INFO  : Jtag cable 'Digilent Zed 210248657754' is selected.
14:34:36 INFO  : 'jtag frequency' command is executed.
14:34:36 INFO  : Sourcing of 'F:/work/zynq_work2020/Zedboard_lab2020/leds_sw_btns/leds_sw_btns.sdk/system_wrapper_hw_platform_0/ps7_init.tcl' is done.
14:34:36 INFO  : Context for 'APU' is selected.
14:34:36 INFO  : System reset is completed.
14:34:39 INFO  : 'after 3000' command is executed.
14:34:39 INFO  : 'targets -set -filter {jtag_cable_name =~ "Digilent Zed 210248657754" && level==0} -index 1' command is executed.
14:34:42 INFO  : FPGA configured successfully with bitstream "F:/work/zynq_work2020/Zedboard_lab2020/leds_sw_btns/leds_sw_btns.sdk/system_wrapper_hw_platform_0/system_wrapper.bit"
14:34:42 INFO  : Context for 'APU' is selected.
14:34:42 INFO  : Hardware design information is loaded from 'F:/work/zynq_work2020/Zedboard_lab2020/leds_sw_btns/leds_sw_btns.sdk/system_wrapper_hw_platform_0/system.hdf'.
14:34:42 INFO  : 'configparams force-mem-access 1' command is executed.
14:34:42 INFO  : Context for 'APU' is selected.
14:34:42 INFO  : 'ps7_init' command is executed.
14:34:42 INFO  : 'ps7_post_config' command is executed.
14:34:42 INFO  : Context for processor 'ps7_cortexa9_0' is selected.
14:34:42 INFO  : The application 'F:/work/zynq_work2020/Zedboard_lab2020/leds_sw_btns/leds_sw_btns.sdk/prj_test/Debug/prj_test.elf' is downloaded to processor 'ps7_cortexa9_0'.
14:34:42 INFO  : 'configparams force-mem-access 0' command is executed.
14:34:42 INFO  : ----------------XSDB Script----------------
connect -url tcp:127.0.0.1:3121
source F:/work/zynq_work2020/Zedboard_lab2020/leds_sw_btns/leds_sw_btns.sdk/system_wrapper_hw_platform_0/ps7_init.tcl
targets -set -nocase -filter {name =~"APU*" && jtag_cable_name =~ "Digilent Zed 210248657754"} -index 0
rst -system
after 3000
targets -set -filter {jtag_cable_name =~ "Digilent Zed 210248657754" && level==0} -index 1
fpga -file F:/work/zynq_work2020/Zedboard_lab2020/leds_sw_btns/leds_sw_btns.sdk/system_wrapper_hw_platform_0/system_wrapper.bit
targets -set -nocase -filter {name =~"APU*" && jtag_cable_name =~ "Digilent Zed 210248657754"} -index 0
loadhw -hw F:/work/zynq_work2020/Zedboard_lab2020/leds_sw_btns/leds_sw_btns.sdk/system_wrapper_hw_platform_0/system.hdf -mem-ranges [list {0x40000000 0xbfffffff}]
configparams force-mem-access 1
targets -set -nocase -filter {name =~"APU*" && jtag_cable_name =~ "Digilent Zed 210248657754"} -index 0
ps7_init
ps7_post_config
targets -set -nocase -filter {name =~ "ARM*#0" && jtag_cable_name =~ "Digilent Zed 210248657754"} -index 0
dow F:/work/zynq_work2020/Zedboard_lab2020/leds_sw_btns/leds_sw_btns.sdk/prj_test/Debug/prj_test.elf
configparams force-mem-access 0
----------------End of Script----------------

14:34:42 INFO  : Memory regions updated for context APU
14:34:43 INFO  : Context for processor 'ps7_cortexa9_0' is selected.
14:34:43 INFO  : 'con' command is executed.
14:34:43 INFO  : ----------------XSDB Script (After Launch)----------------
targets -set -nocase -filter {name =~ "ARM*#0" && jtag_cable_name =~ "Digilent Zed 210248657754"} -index 0
con
----------------End of Script----------------

14:34:43 INFO  : Launch script is exported to file 'F:\work\zynq_work2020\Zedboard_lab2020\leds_sw_btns\leds_sw_btns.sdk\.sdk\launch_scripts\xilinx_c-c++_application_(system_debugger)\system_debugger_using_debug_prj_test.elf_on_local.tcl'
14:36:58 INFO  : Disconnected from the channel tcfchan#1.
14:37:00 INFO  : 'targets -set -filter {jtag_cable_name =~ "Digilent Zed 210248657754" && level==0} -index 1' command is executed.
14:37:00 INFO  : 'fpga -state' command is executed.
14:37:00 INFO  : Connected to target on host '127.0.0.1' and port '3121'.
14:37:00 INFO  : Jtag cable 'Digilent Zed 210248657754' is selected.
14:37:00 INFO  : 'jtag frequency' command is executed.
14:37:00 INFO  : Sourcing of 'F:/work/zynq_work2020/Zedboard_lab2020/leds_sw_btns/leds_sw_btns.sdk/system_wrapper_hw_platform_0/ps7_init.tcl' is done.
14:37:00 INFO  : Context for 'APU' is selected.
14:37:02 INFO  : Hardware design information is loaded from 'F:/work/zynq_work2020/Zedboard_lab2020/leds_sw_btns/leds_sw_btns.sdk/system_wrapper_hw_platform_0/system.hdf'.
14:37:02 INFO  : 'configparams force-mem-access 1' command is executed.
14:37:02 INFO  : Context for 'APU' is selected.
14:37:03 INFO  : 'stop' command is executed.
14:37:03 INFO  : 'ps7_init' command is executed.
14:37:03 INFO  : 'ps7_post_config' command is executed.
14:37:03 INFO  : Context for processor 'ps7_cortexa9_0' is selected.
14:37:03 INFO  : Processor reset is completed for 'ps7_cortexa9_0'.
14:37:03 INFO  : Context for processor 'ps7_cortexa9_0' is selected.
14:37:03 INFO  : The application 'F:/work/zynq_work2020/Zedboard_lab2020/leds_sw_btns/leds_sw_btns.sdk/prj_test/Debug/prj_test.elf' is downloaded to processor 'ps7_cortexa9_0'.
14:37:03 INFO  : 'configparams force-mem-access 0' command is executed.
14:37:03 INFO  : ----------------XSDB Script----------------
connect -url tcp:127.0.0.1:3121
source F:/work/zynq_work2020/Zedboard_lab2020/leds_sw_btns/leds_sw_btns.sdk/system_wrapper_hw_platform_0/ps7_init.tcl
targets -set -nocase -filter {name =~"APU*" && jtag_cable_name =~ "Digilent Zed 210248657754"} -index 0
loadhw -hw F:/work/zynq_work2020/Zedboard_lab2020/leds_sw_btns/leds_sw_btns.sdk/system_wrapper_hw_platform_0/system.hdf -mem-ranges [list {0x40000000 0xbfffffff}]
configparams force-mem-access 1
targets -set -nocase -filter {name =~"APU*" && jtag_cable_name =~ "Digilent Zed 210248657754"} -index 0
stop
ps7_init
ps7_post_config
targets -set -nocase -filter {name =~ "ARM*#0" && jtag_cable_name =~ "Digilent Zed 210248657754"} -index 0
rst -processor
targets -set -nocase -filter {name =~ "ARM*#0" && jtag_cable_name =~ "Digilent Zed 210248657754"} -index 0
dow F:/work/zynq_work2020/Zedboard_lab2020/leds_sw_btns/leds_sw_btns.sdk/prj_test/Debug/prj_test.elf
configparams force-mem-access 0
----------------End of Script----------------

14:37:03 INFO  : Memory regions updated for context APU
14:37:03 INFO  : Context for processor 'ps7_cortexa9_0' is selected.
14:37:03 INFO  : 'con' command is executed.
14:37:03 INFO  : ----------------XSDB Script (After Launch)----------------
targets -set -nocase -filter {name =~ "ARM*#0" && jtag_cable_name =~ "Digilent Zed 210248657754"} -index 0
con
----------------End of Script----------------

14:37:03 INFO  : Launch script is exported to file 'F:\work\zynq_work2020\Zedboard_lab2020\leds_sw_btns\leds_sw_btns.sdk\.sdk\launch_scripts\xilinx_c-c++_application_(system_debugger)\system_debugger_using_debug_prj_test.elf_on_local.tcl'
14:47:21 INFO  : Disconnected from the channel tcfchan#2.
14:47:22 INFO  : 'targets -set -filter {jtag_cable_name =~ "Digilent Zed 210248657754" && level==0} -index 1' command is executed.
14:47:22 INFO  : 'fpga -state' command is executed.
14:47:22 INFO  : Connected to target on host '127.0.0.1' and port '3121'.
14:47:22 INFO  : Jtag cable 'Digilent Zed 210248657754' is selected.
14:47:22 INFO  : 'jtag frequency' command is executed.
14:47:22 INFO  : Sourcing of 'F:/work/zynq_work2020/Zedboard_lab2020/leds_sw_btns/leds_sw_btns.sdk/system_wrapper_hw_platform_0/ps7_init.tcl' is done.
14:47:22 INFO  : Context for 'APU' is selected.
14:47:26 INFO  : Hardware design information is loaded from 'F:/work/zynq_work2020/Zedboard_lab2020/leds_sw_btns/leds_sw_btns.sdk/system_wrapper_hw_platform_0/system.hdf'.
14:47:26 INFO  : 'configparams force-mem-access 1' command is executed.
14:47:26 INFO  : Context for 'APU' is selected.
14:47:26 INFO  : 'stop' command is executed.
14:47:26 INFO  : 'ps7_init' command is executed.
14:47:26 INFO  : 'ps7_post_config' command is executed.
14:47:26 INFO  : Context for processor 'ps7_cortexa9_0' is selected.
14:47:26 INFO  : Processor reset is completed for 'ps7_cortexa9_0'.
14:47:26 INFO  : Context for processor 'ps7_cortexa9_0' is selected.
14:47:26 INFO  : The application 'F:/work/zynq_work2020/Zedboard_lab2020/leds_sw_btns/leds_sw_btns.sdk/prj_test/Debug/prj_test.elf' is downloaded to processor 'ps7_cortexa9_0'.
14:47:26 INFO  : 'configparams force-mem-access 0' command is executed.
14:47:26 INFO  : ----------------XSDB Script----------------
connect -url tcp:127.0.0.1:3121
source F:/work/zynq_work2020/Zedboard_lab2020/leds_sw_btns/leds_sw_btns.sdk/system_wrapper_hw_platform_0/ps7_init.tcl
targets -set -nocase -filter {name =~"APU*" && jtag_cable_name =~ "Digilent Zed 210248657754"} -index 0
loadhw -hw F:/work/zynq_work2020/Zedboard_lab2020/leds_sw_btns/leds_sw_btns.sdk/system_wrapper_hw_platform_0/system.hdf -mem-ranges [list {0x40000000 0xbfffffff}]
configparams force-mem-access 1
targets -set -nocase -filter {name =~"APU*" && jtag_cable_name =~ "Digilent Zed 210248657754"} -index 0
stop
ps7_init
ps7_post_config
targets -set -nocase -filter {name =~ "ARM*#0" && jtag_cable_name =~ "Digilent Zed 210248657754"} -index 0
rst -processor
targets -set -nocase -filter {name =~ "ARM*#0" && jtag_cable_name =~ "Digilent Zed 210248657754"} -index 0
dow F:/work/zynq_work2020/Zedboard_lab2020/leds_sw_btns/leds_sw_btns.sdk/prj_test/Debug/prj_test.elf
configparams force-mem-access 0
----------------End of Script----------------

14:47:26 INFO  : Memory regions updated for context APU
14:47:27 INFO  : Context for processor 'ps7_cortexa9_0' is selected.
14:47:27 INFO  : 'con' command is executed.
14:47:27 INFO  : ----------------XSDB Script (After Launch)----------------
targets -set -nocase -filter {name =~ "ARM*#0" && jtag_cable_name =~ "Digilent Zed 210248657754"} -index 0
con
----------------End of Script----------------

14:47:27 INFO  : Launch script is exported to file 'F:\work\zynq_work2020\Zedboard_lab2020\leds_sw_btns\leds_sw_btns.sdk\.sdk\launch_scripts\xilinx_c-c++_application_(system_debugger)\system_debugger_using_debug_prj_test.elf_on_local.tcl'
14:48:06 INFO  : Disconnected from the channel tcfchan#3.
14:48:07 INFO  : Connected to target on host '127.0.0.1' and port '3121'.
14:48:07 INFO  : Jtag cable 'Digilent Zed 210248657754' is selected.
14:48:07 INFO  : 'jtag frequency' command is executed.
14:48:07 INFO  : Sourcing of 'F:/work/zynq_work2020/Zedboard_lab2020/leds_sw_btns/leds_sw_btns.sdk/system_wrapper_hw_platform_0/ps7_init.tcl' is done.
14:48:08 INFO  : Context for 'APU' is selected.
14:48:08 INFO  : System reset is completed.
14:48:11 INFO  : 'after 3000' command is executed.
14:48:11 INFO  : 'targets -set -filter {jtag_cable_name =~ "Digilent Zed 210248657754" && level==0} -index 1' command is executed.
14:48:13 INFO  : FPGA configured successfully with bitstream "F:/work/zynq_work2020/Zedboard_lab2020/leds_sw_btns/leds_sw_btns.sdk/system_wrapper_hw_platform_0/system_wrapper.bit"
14:48:13 INFO  : Context for 'APU' is selected.
14:48:16 INFO  : Hardware design information is loaded from 'F:/work/zynq_work2020/Zedboard_lab2020/leds_sw_btns/leds_sw_btns.sdk/system_wrapper_hw_platform_0/system.hdf'.
14:48:16 INFO  : 'configparams force-mem-access 1' command is executed.
14:48:16 INFO  : Context for 'APU' is selected.
14:48:16 INFO  : 'ps7_init' command is executed.
14:48:16 INFO  : 'ps7_post_config' command is executed.
14:48:17 INFO  : Context for processor 'ps7_cortexa9_0' is selected.
14:48:17 INFO  : The application 'F:/work/zynq_work2020/Zedboard_lab2020/leds_sw_btns/leds_sw_btns.sdk/prj_test/Debug/prj_test.elf' is downloaded to processor 'ps7_cortexa9_0'.
14:48:17 INFO  : 'configparams force-mem-access 0' command is executed.
14:48:17 INFO  : ----------------XSDB Script----------------
connect -url tcp:127.0.0.1:3121
source F:/work/zynq_work2020/Zedboard_lab2020/leds_sw_btns/leds_sw_btns.sdk/system_wrapper_hw_platform_0/ps7_init.tcl
targets -set -nocase -filter {name =~"APU*" && jtag_cable_name =~ "Digilent Zed 210248657754"} -index 0
rst -system
after 3000
targets -set -filter {jtag_cable_name =~ "Digilent Zed 210248657754" && level==0} -index 1
fpga -file F:/work/zynq_work2020/Zedboard_lab2020/leds_sw_btns/leds_sw_btns.sdk/system_wrapper_hw_platform_0/system_wrapper.bit
targets -set -nocase -filter {name =~"APU*" && jtag_cable_name =~ "Digilent Zed 210248657754"} -index 0
loadhw -hw F:/work/zynq_work2020/Zedboard_lab2020/leds_sw_btns/leds_sw_btns.sdk/system_wrapper_hw_platform_0/system.hdf -mem-ranges [list {0x40000000 0xbfffffff}]
configparams force-mem-access 1
targets -set -nocase -filter {name =~"APU*" && jtag_cable_name =~ "Digilent Zed 210248657754"} -index 0
ps7_init
ps7_post_config
targets -set -nocase -filter {name =~ "ARM*#0" && jtag_cable_name =~ "Digilent Zed 210248657754"} -index 0
dow F:/work/zynq_work2020/Zedboard_lab2020/leds_sw_btns/leds_sw_btns.sdk/prj_test/Debug/prj_test.elf
configparams force-mem-access 0
----------------End of Script----------------

14:48:17 INFO  : Memory regions updated for context APU
14:48:17 INFO  : Context for processor 'ps7_cortexa9_0' is selected.
14:48:17 INFO  : 'con' command is executed.
14:48:17 INFO  : ----------------XSDB Script (After Launch)----------------
targets -set -nocase -filter {name =~ "ARM*#0" && jtag_cable_name =~ "Digilent Zed 210248657754"} -index 0
con
----------------End of Script----------------

14:48:17 INFO  : Launch script is exported to file 'F:\work\zynq_work2020\Zedboard_lab2020\leds_sw_btns\leds_sw_btns.sdk\.sdk\launch_scripts\xilinx_c-c++_application_(system_debugger)\system_debugger_using_debug_prj_test.elf_on_local.tcl'
14:49:51 INFO  : Disconnected from the channel tcfchan#4.
14:49:52 INFO  : Connected to target on host '127.0.0.1' and port '3121'.
14:49:52 INFO  : Jtag cable 'Digilent Zed 210248657754' is selected.
14:49:52 INFO  : 'jtag frequency' command is executed.
14:49:52 INFO  : Sourcing of 'F:/work/zynq_work2020/Zedboard_lab2020/leds_sw_btns/leds_sw_btns.sdk/system_wrapper_hw_platform_0/ps7_init.tcl' is done.
14:49:52 INFO  : Context for 'APU' is selected.
14:49:52 INFO  : System reset is completed.
14:49:55 INFO  : 'after 3000' command is executed.
14:49:55 INFO  : 'targets -set -filter {jtag_cable_name =~ "Digilent Zed 210248657754" && level==0} -index 1' command is executed.
14:49:58 INFO  : FPGA configured successfully with bitstream "F:/work/zynq_work2020/Zedboard_lab2020/leds_sw_btns/leds_sw_btns.sdk/system_wrapper_hw_platform_0/system_wrapper.bit"
14:49:58 INFO  : Context for 'APU' is selected.
14:50:01 INFO  : Hardware design information is loaded from 'F:/work/zynq_work2020/Zedboard_lab2020/leds_sw_btns/leds_sw_btns.sdk/system_wrapper_hw_platform_0/system.hdf'.
14:50:01 INFO  : 'configparams force-mem-access 1' command is executed.
14:50:01 INFO  : Context for 'APU' is selected.
14:50:02 INFO  : 'ps7_init' command is executed.
14:50:02 INFO  : 'ps7_post_config' command is executed.
14:50:02 INFO  : Context for processor 'ps7_cortexa9_0' is selected.
14:50:02 INFO  : The application 'F:/work/zynq_work2020/Zedboard_lab2020/leds_sw_btns/leds_sw_btns.sdk/hello_leds_sws/Debug/hello_leds_sws.elf' is downloaded to processor 'ps7_cortexa9_0'.
14:50:02 INFO  : 'configparams force-mem-access 0' command is executed.
14:50:02 INFO  : ----------------XSDB Script----------------
connect -url tcp:127.0.0.1:3121
source F:/work/zynq_work2020/Zedboard_lab2020/leds_sw_btns/leds_sw_btns.sdk/system_wrapper_hw_platform_0/ps7_init.tcl
targets -set -nocase -filter {name =~"APU*" && jtag_cable_name =~ "Digilent Zed 210248657754"} -index 0
rst -system
after 3000
targets -set -filter {jtag_cable_name =~ "Digilent Zed 210248657754" && level==0} -index 1
fpga -file F:/work/zynq_work2020/Zedboard_lab2020/leds_sw_btns/leds_sw_btns.sdk/system_wrapper_hw_platform_0/system_wrapper.bit
targets -set -nocase -filter {name =~"APU*" && jtag_cable_name =~ "Digilent Zed 210248657754"} -index 0
loadhw -hw F:/work/zynq_work2020/Zedboard_lab2020/leds_sw_btns/leds_sw_btns.sdk/system_wrapper_hw_platform_0/system.hdf -mem-ranges [list {0x40000000 0xbfffffff}]
configparams force-mem-access 1
targets -set -nocase -filter {name =~"APU*" && jtag_cable_name =~ "Digilent Zed 210248657754"} -index 0
ps7_init
ps7_post_config
targets -set -nocase -filter {name =~ "ARM*#0" && jtag_cable_name =~ "Digilent Zed 210248657754"} -index 0
dow F:/work/zynq_work2020/Zedboard_lab2020/leds_sw_btns/leds_sw_btns.sdk/hello_leds_sws/Debug/hello_leds_sws.elf
configparams force-mem-access 0
----------------End of Script----------------

14:50:02 INFO  : Memory regions updated for context APU
14:50:02 INFO  : Context for processor 'ps7_cortexa9_0' is selected.
14:50:02 INFO  : 'con' command is executed.
14:50:02 INFO  : ----------------XSDB Script (After Launch)----------------
targets -set -nocase -filter {name =~ "ARM*#0" && jtag_cable_name =~ "Digilent Zed 210248657754"} -index 0
con
----------------End of Script----------------

14:50:02 INFO  : Launch script is exported to file 'F:\work\zynq_work2020\Zedboard_lab2020\leds_sw_btns\leds_sw_btns.sdk\.sdk\launch_scripts\xilinx_c-c++_application_(system_debugger)\system_debugger_using_debug_prj_test.elf_on_local.tcl'
14:58:25 INFO  : Disconnected from the channel tcfchan#5.
14:58:26 INFO  : Connected to target on host '127.0.0.1' and port '3121'.
14:58:26 INFO  : Jtag cable 'Digilent Zed 210248657754' is selected.
14:58:26 INFO  : 'jtag frequency' command is executed.
14:58:26 INFO  : Sourcing of 'F:/work/zynq_work2020/Zedboard_lab2020/leds_sw_btns/leds_sw_btns.sdk/system_wrapper_hw_platform_0/ps7_init.tcl' is done.
14:58:26 INFO  : Context for 'APU' is selected.
14:58:26 INFO  : System reset is completed.
14:58:29 INFO  : 'after 3000' command is executed.
14:58:29 INFO  : 'targets -set -filter {jtag_cable_name =~ "Digilent Zed 210248657754" && level==0} -index 1' command is executed.
14:58:32 INFO  : FPGA configured successfully with bitstream "F:/work/zynq_work2020/Zedboard_lab2020/leds_sw_btns/leds_sw_btns.sdk/system_wrapper_hw_platform_0/system_wrapper.bit"
14:58:32 INFO  : Context for 'APU' is selected.
14:58:36 INFO  : Hardware design information is loaded from 'F:/work/zynq_work2020/Zedboard_lab2020/leds_sw_btns/leds_sw_btns.sdk/system_wrapper_hw_platform_0/system.hdf'.
14:58:36 INFO  : 'configparams force-mem-access 1' command is executed.
14:58:36 INFO  : Context for 'APU' is selected.
14:58:36 INFO  : 'ps7_init' command is executed.
14:58:36 INFO  : 'ps7_post_config' command is executed.
14:58:36 INFO  : Context for processor 'ps7_cortexa9_0' is selected.
14:58:36 INFO  : The application 'F:/work/zynq_work2020/Zedboard_lab2020/leds_sw_btns/leds_sw_btns.sdk/hello_leds_sws/Debug/hello_leds_sws.elf' is downloaded to processor 'ps7_cortexa9_0'.
14:58:36 INFO  : 'configparams force-mem-access 0' command is executed.
14:58:36 INFO  : ----------------XSDB Script----------------
connect -url tcp:127.0.0.1:3121
source F:/work/zynq_work2020/Zedboard_lab2020/leds_sw_btns/leds_sw_btns.sdk/system_wrapper_hw_platform_0/ps7_init.tcl
targets -set -nocase -filter {name =~"APU*" && jtag_cable_name =~ "Digilent Zed 210248657754"} -index 0
rst -system
after 3000
targets -set -filter {jtag_cable_name =~ "Digilent Zed 210248657754" && level==0} -index 1
fpga -file F:/work/zynq_work2020/Zedboard_lab2020/leds_sw_btns/leds_sw_btns.sdk/system_wrapper_hw_platform_0/system_wrapper.bit
targets -set -nocase -filter {name =~"APU*" && jtag_cable_name =~ "Digilent Zed 210248657754"} -index 0
loadhw -hw F:/work/zynq_work2020/Zedboard_lab2020/leds_sw_btns/leds_sw_btns.sdk/system_wrapper_hw_platform_0/system.hdf -mem-ranges [list {0x40000000 0xbfffffff}]
configparams force-mem-access 1
targets -set -nocase -filter {name =~"APU*" && jtag_cable_name =~ "Digilent Zed 210248657754"} -index 0
ps7_init
ps7_post_config
targets -set -nocase -filter {name =~ "ARM*#0" && jtag_cable_name =~ "Digilent Zed 210248657754"} -index 0
dow F:/work/zynq_work2020/Zedboard_lab2020/leds_sw_btns/leds_sw_btns.sdk/hello_leds_sws/Debug/hello_leds_sws.elf
configparams force-mem-access 0
----------------End of Script----------------

14:58:36 INFO  : Memory regions updated for context APU
14:58:37 INFO  : Context for processor 'ps7_cortexa9_0' is selected.
14:58:37 INFO  : 'con' command is executed.
14:58:37 INFO  : ----------------XSDB Script (After Launch)----------------
targets -set -nocase -filter {name =~ "ARM*#0" && jtag_cable_name =~ "Digilent Zed 210248657754"} -index 0
con
----------------End of Script----------------

14:58:37 INFO  : Launch script is exported to file 'F:\work\zynq_work2020\Zedboard_lab2020\leds_sw_btns\leds_sw_btns.sdk\.sdk\launch_scripts\xilinx_c-c++_application_(system_debugger)\system_debugger_using_debug_prj_test.elf_on_local.tcl'
14:59:30 INFO  : Disconnected from the channel tcfchan#6.
14:59:31 INFO  : 'targets -set -filter {jtag_cable_name =~ "Digilent Zed 210248657754" && level==0} -index 1' command is executed.
14:59:31 INFO  : 'fpga -state' command is executed.
14:59:31 INFO  : Connected to target on host '127.0.0.1' and port '3121'.
14:59:31 INFO  : Jtag cable 'Digilent Zed 210248657754' is selected.
14:59:31 INFO  : 'jtag frequency' command is executed.
14:59:31 INFO  : Sourcing of 'F:/work/zynq_work2020/Zedboard_lab2020/leds_sw_btns/leds_sw_btns.sdk/system_wrapper_hw_platform_0/ps7_init.tcl' is done.
14:59:31 INFO  : Context for 'APU' is selected.
14:59:34 INFO  : Hardware design information is loaded from 'F:/work/zynq_work2020/Zedboard_lab2020/leds_sw_btns/leds_sw_btns.sdk/system_wrapper_hw_platform_0/system.hdf'.
14:59:34 INFO  : 'configparams force-mem-access 1' command is executed.
14:59:34 INFO  : Context for 'APU' is selected.
14:59:34 INFO  : 'stop' command is executed.
14:59:35 INFO  : 'ps7_init' command is executed.
14:59:35 INFO  : 'ps7_post_config' command is executed.
14:59:35 INFO  : Context for processor 'ps7_cortexa9_0' is selected.
14:59:35 INFO  : Processor reset is completed for 'ps7_cortexa9_0'.
14:59:35 INFO  : Context for processor 'ps7_cortexa9_0' is selected.
14:59:35 INFO  : The application 'F:/work/zynq_work2020/Zedboard_lab2020/leds_sw_btns/leds_sw_btns.sdk/hello_leds_sws/Debug/hello_leds_sws.elf' is downloaded to processor 'ps7_cortexa9_0'.
14:59:35 INFO  : 'configparams force-mem-access 0' command is executed.
14:59:35 INFO  : ----------------XSDB Script----------------
connect -url tcp:127.0.0.1:3121
source F:/work/zynq_work2020/Zedboard_lab2020/leds_sw_btns/leds_sw_btns.sdk/system_wrapper_hw_platform_0/ps7_init.tcl
targets -set -nocase -filter {name =~"APU*" && jtag_cable_name =~ "Digilent Zed 210248657754"} -index 0
loadhw -hw F:/work/zynq_work2020/Zedboard_lab2020/leds_sw_btns/leds_sw_btns.sdk/system_wrapper_hw_platform_0/system.hdf -mem-ranges [list {0x40000000 0xbfffffff}]
configparams force-mem-access 1
targets -set -nocase -filter {name =~"APU*" && jtag_cable_name =~ "Digilent Zed 210248657754"} -index 0
stop
ps7_init
ps7_post_config
targets -set -nocase -filter {name =~ "ARM*#0" && jtag_cable_name =~ "Digilent Zed 210248657754"} -index 0
rst -processor
targets -set -nocase -filter {name =~ "ARM*#0" && jtag_cable_name =~ "Digilent Zed 210248657754"} -index 0
dow F:/work/zynq_work2020/Zedboard_lab2020/leds_sw_btns/leds_sw_btns.sdk/hello_leds_sws/Debug/hello_leds_sws.elf
configparams force-mem-access 0
----------------End of Script----------------

14:59:35 INFO  : Memory regions updated for context APU
14:59:36 INFO  : Context for processor 'ps7_cortexa9_0' is selected.
14:59:36 INFO  : 'con' command is executed.
14:59:36 INFO  : ----------------XSDB Script (After Launch)----------------
targets -set -nocase -filter {name =~ "ARM*#0" && jtag_cable_name =~ "Digilent Zed 210248657754"} -index 0
con
----------------End of Script----------------

14:59:36 INFO  : Launch script is exported to file 'F:\work\zynq_work2020\Zedboard_lab2020\leds_sw_btns\leds_sw_btns.sdk\.sdk\launch_scripts\xilinx_c-c++_application_(system_debugger)\system_debugger_using_debug_prj_test.elf_on_local.tcl'
