21:10:36 INFO  : Registering command handlers for SDK TCF services
21:10:38 INFO  : Launching XSCT server: xsct.bat -interactive F:\work\zynq_work2020\Zedboard_lab2020\oled\oled.sdk\temp_xsdb_launch_script.tcl
21:10:43 INFO  : XSCT server has started successfully.
21:10:44 INFO  : Successfully done setting XSCT server connection channel  
21:10:44 INFO  : Successfully done setting SDK workspace  
21:10:44 INFO  : Processing command line option -hwspec F:/work/zynq_work2020/Zedboard_lab2020/oled/oled.sdk/system_wrapper.hdf.
21:13:16 INFO  : Connected to target on host '127.0.0.1' and port '3121'.
21:13:17 INFO  : Jtag cable 'Digilent Zed 210248657754' is selected.
21:13:17 INFO  : 'jtag frequency' command is executed.
21:13:17 INFO  : Sourcing of 'F:/work/zynq_work2020/Zedboard_lab2020/oled/oled.sdk/system_wrapper_hw_platform_0/ps7_init.tcl' is done.
21:13:17 INFO  : Context for 'APU' is selected.
21:13:17 INFO  : System reset is completed.
21:13:20 INFO  : 'after 3000' command is executed.
21:13:20 INFO  : 'targets -set -filter {jtag_cable_name =~ "Digilent Zed 210248657754" && level==0} -index 1' command is executed.
21:13:22 INFO  : FPGA configured successfully with bitstream "F:/work/zynq_work2020/Zedboard_lab2020/oled/oled.sdk/system_wrapper_hw_platform_0/system_wrapper.bit"
21:13:22 INFO  : Context for 'APU' is selected.
21:13:22 INFO  : Hardware design information is loaded from 'F:/work/zynq_work2020/Zedboard_lab2020/oled/oled.sdk/system_wrapper_hw_platform_0/system.hdf'.
21:13:22 INFO  : 'configparams force-mem-access 1' command is executed.
21:13:22 INFO  : Context for 'APU' is selected.
21:13:23 INFO  : 'ps7_init' command is executed.
21:13:23 INFO  : 'ps7_post_config' command is executed.
21:13:23 INFO  : 'configparams force-mem-access 0' command is executed.
21:13:23 INFO  : ----------------XSDB Script----------------
connect -url tcp:127.0.0.1:3121
source F:/work/zynq_work2020/Zedboard_lab2020/oled/oled.sdk/system_wrapper_hw_platform_0/ps7_init.tcl
targets -set -nocase -filter {name =~"APU*" && jtag_cable_name =~ "Digilent Zed 210248657754"} -index 0
rst -system
after 3000
targets -set -filter {jtag_cable_name =~ "Digilent Zed 210248657754" && level==0} -index 1
fpga -file F:/work/zynq_work2020/Zedboard_lab2020/oled/oled.sdk/system_wrapper_hw_platform_0/system_wrapper.bit
targets -set -nocase -filter {name =~"APU*" && jtag_cable_name =~ "Digilent Zed 210248657754"} -index 0
loadhw -hw F:/work/zynq_work2020/Zedboard_lab2020/oled/oled.sdk/system_wrapper_hw_platform_0/system.hdf -mem-ranges [list {0x40000000 0xbfffffff}]
configparams force-mem-access 1
targets -set -nocase -filter {name =~"APU*" && jtag_cable_name =~ "Digilent Zed 210248657754"} -index 0
ps7_init
ps7_post_config
configparams force-mem-access 0
----------------End of Script----------------

21:13:23 INFO  : Memory regions updated for context APU
21:13:23 INFO  : Launch script is exported to file 'F:\work\zynq_work2020\Zedboard_lab2020\oled\oled.sdk\.sdk\launch_scripts\xilinx_c-c++_application_(system_debugger)\system_debugger_on_local.tcl'
21:17:25 INFO  : Disconnected from the channel tcfchan#1.
21:17:26 INFO  : Connected to target on host '127.0.0.1' and port '3121'.
21:17:26 INFO  : Jtag cable 'Digilent Zed 210248657754' is selected.
21:17:26 INFO  : 'jtag frequency' command is executed.
21:17:26 INFO  : Sourcing of 'F:/work/zynq_work2020/Zedboard_lab2020/oled/oled.sdk/system_wrapper_hw_platform_0/ps7_init.tcl' is done.
21:17:26 INFO  : Context for 'APU' is selected.
21:17:27 INFO  : System reset is completed.
21:17:30 INFO  : 'after 3000' command is executed.
21:17:30 INFO  : 'targets -set -filter {jtag_cable_name =~ "Digilent Zed 210248657754" && level==0} -index 1' command is executed.
21:17:32 INFO  : FPGA configured successfully with bitstream "F:/work/zynq_work2020/Zedboard_lab2020/oled/oled.sdk/system_wrapper_hw_platform_0/system_wrapper.bit"
21:17:32 INFO  : Context for 'APU' is selected.
21:17:35 INFO  : Hardware design information is loaded from 'F:/work/zynq_work2020/Zedboard_lab2020/oled/oled.sdk/system_wrapper_hw_platform_0/system.hdf'.
21:17:35 INFO  : 'configparams force-mem-access 1' command is executed.
21:17:35 INFO  : Context for 'APU' is selected.
21:17:36 INFO  : 'ps7_init' command is executed.
21:17:36 INFO  : 'ps7_post_config' command is executed.
21:17:36 INFO  : 'configparams force-mem-access 0' command is executed.
21:17:36 INFO  : ----------------XSDB Script----------------
connect -url tcp:127.0.0.1:3121
source F:/work/zynq_work2020/Zedboard_lab2020/oled/oled.sdk/system_wrapper_hw_platform_0/ps7_init.tcl
targets -set -nocase -filter {name =~"APU*" && jtag_cable_name =~ "Digilent Zed 210248657754"} -index 0
rst -system
after 3000
targets -set -filter {jtag_cable_name =~ "Digilent Zed 210248657754" && level==0} -index 1
fpga -file F:/work/zynq_work2020/Zedboard_lab2020/oled/oled.sdk/system_wrapper_hw_platform_0/system_wrapper.bit
targets -set -nocase -filter {name =~"APU*" && jtag_cable_name =~ "Digilent Zed 210248657754"} -index 0
loadhw -hw F:/work/zynq_work2020/Zedboard_lab2020/oled/oled.sdk/system_wrapper_hw_platform_0/system.hdf -mem-ranges [list {0x40000000 0xbfffffff}]
configparams force-mem-access 1
targets -set -nocase -filter {name =~"APU*" && jtag_cable_name =~ "Digilent Zed 210248657754"} -index 0
ps7_init
ps7_post_config
configparams force-mem-access 0
----------------End of Script----------------

21:17:36 INFO  : Memory regions updated for context APU
21:17:36 INFO  : Launch script is exported to file 'F:\work\zynq_work2020\Zedboard_lab2020\oled\oled.sdk\.sdk\launch_scripts\xilinx_c-c++_application_(system_debugger)\system_debugger_on_local.tcl'
21:17:59 INFO  : Disconnected from the channel tcfchan#2.
21:18:00 INFO  : Connected to target on host '127.0.0.1' and port '3121'.
21:18:00 INFO  : Jtag cable 'Digilent Zed 210248657754' is selected.
21:18:00 INFO  : 'jtag frequency' command is executed.
21:18:00 INFO  : Sourcing of 'F:/work/zynq_work2020/Zedboard_lab2020/oled/oled.sdk/system_wrapper_hw_platform_0/ps7_init.tcl' is done.
21:18:00 INFO  : Context for 'APU' is selected.
21:18:00 INFO  : System reset is completed.
21:18:03 INFO  : 'after 3000' command is executed.
21:18:03 INFO  : 'targets -set -filter {jtag_cable_name =~ "Digilent Zed 210248657754" && level==0} -index 1' command is executed.
21:18:06 INFO  : FPGA configured successfully with bitstream "F:/work/zynq_work2020/Zedboard_lab2020/oled/oled.sdk/system_wrapper_hw_platform_0/system_wrapper.bit"
21:18:06 INFO  : Context for 'APU' is selected.
21:18:09 INFO  : Hardware design information is loaded from 'F:/work/zynq_work2020/Zedboard_lab2020/oled/oled.sdk/system_wrapper_hw_platform_0/system.hdf'.
21:18:09 INFO  : 'configparams force-mem-access 1' command is executed.
21:18:09 INFO  : Context for 'APU' is selected.
21:18:09 INFO  : 'ps7_init' command is executed.
21:18:09 INFO  : 'ps7_post_config' command is executed.
21:18:09 INFO  : 'configparams force-mem-access 0' command is executed.
21:18:09 INFO  : ----------------XSDB Script----------------
connect -url tcp:127.0.0.1:3121
source F:/work/zynq_work2020/Zedboard_lab2020/oled/oled.sdk/system_wrapper_hw_platform_0/ps7_init.tcl
targets -set -nocase -filter {name =~"APU*" && jtag_cable_name =~ "Digilent Zed 210248657754"} -index 0
rst -system
after 3000
targets -set -filter {jtag_cable_name =~ "Digilent Zed 210248657754" && level==0} -index 1
fpga -file F:/work/zynq_work2020/Zedboard_lab2020/oled/oled.sdk/system_wrapper_hw_platform_0/system_wrapper.bit
targets -set -nocase -filter {name =~"APU*" && jtag_cable_name =~ "Digilent Zed 210248657754"} -index 0
loadhw -hw F:/work/zynq_work2020/Zedboard_lab2020/oled/oled.sdk/system_wrapper_hw_platform_0/system.hdf -mem-ranges [list {0x40000000 0xbfffffff}]
configparams force-mem-access 1
targets -set -nocase -filter {name =~"APU*" && jtag_cable_name =~ "Digilent Zed 210248657754"} -index 0
ps7_init
ps7_post_config
configparams force-mem-access 0
----------------End of Script----------------

21:18:09 INFO  : Memory regions updated for context APU
21:18:09 INFO  : Launch script is exported to file 'F:\work\zynq_work2020\Zedboard_lab2020\oled\oled.sdk\.sdk\launch_scripts\xilinx_c-c++_application_(system_debugger)\system_debugger_on_local.tcl'
21:19:03 INFO  : Disconnected from the channel tcfchan#3.
21:19:05 INFO  : 'targets -set -filter {jtag_cable_name =~ "Digilent Zed 210248657754" && level==0} -index 1' command is executed.
21:19:05 INFO  : 'fpga -state' command is executed.
21:19:05 INFO  : Connected to target on host '127.0.0.1' and port '3121'.
21:19:05 INFO  : Jtag cable 'Digilent Zed 210248657754' is selected.
21:19:05 INFO  : 'jtag frequency' command is executed.
21:19:05 INFO  : Sourcing of 'F:/work/zynq_work2020/Zedboard_lab2020/oled/oled.sdk/system_wrapper_hw_platform_0/ps7_init.tcl' is done.
21:19:05 INFO  : Context for 'APU' is selected.
21:19:08 INFO  : Hardware design information is loaded from 'F:/work/zynq_work2020/Zedboard_lab2020/oled/oled.sdk/system_wrapper_hw_platform_0/system.hdf'.
21:19:08 INFO  : 'configparams force-mem-access 1' command is executed.
21:19:08 INFO  : Context for 'APU' is selected.
21:19:08 INFO  : 'stop' command is executed.
21:19:09 INFO  : 'ps7_init' command is executed.
21:19:09 INFO  : 'ps7_post_config' command is executed.
21:19:09 INFO  : 'configparams force-mem-access 0' command is executed.
21:19:09 INFO  : ----------------XSDB Script----------------
connect -url tcp:127.0.0.1:3121
source F:/work/zynq_work2020/Zedboard_lab2020/oled/oled.sdk/system_wrapper_hw_platform_0/ps7_init.tcl
targets -set -nocase -filter {name =~"APU*" && jtag_cable_name =~ "Digilent Zed 210248657754"} -index 0
loadhw -hw F:/work/zynq_work2020/Zedboard_lab2020/oled/oled.sdk/system_wrapper_hw_platform_0/system.hdf -mem-ranges [list {0x40000000 0xbfffffff}]
configparams force-mem-access 1
targets -set -nocase -filter {name =~"APU*" && jtag_cable_name =~ "Digilent Zed 210248657754"} -index 0
stop
ps7_init
ps7_post_config
configparams force-mem-access 0
----------------End of Script----------------

21:19:09 INFO  : Memory regions updated for context APU
21:19:09 INFO  : Launch script is exported to file 'F:\work\zynq_work2020\Zedboard_lab2020\oled\oled.sdk\.sdk\launch_scripts\xilinx_c-c++_application_(system_debugger)\system_debugger_on_local.tcl'
21:20:20 INFO  : Disconnected from the channel tcfchan#4.
21:20:21 INFO  : Connected to target on host '127.0.0.1' and port '3121'.
21:20:21 INFO  : Jtag cable 'Digilent Zed 210248657754' is selected.
21:20:21 INFO  : 'jtag frequency' command is executed.
21:20:21 INFO  : Sourcing of 'F:/work/zynq_work2020/Zedboard_lab2020/oled/oled.sdk/system_wrapper_hw_platform_0/ps7_init.tcl' is done.
21:20:21 INFO  : Context for 'APU' is selected.
21:20:21 INFO  : System reset is completed.
21:20:24 INFO  : 'after 3000' command is executed.
21:20:24 INFO  : 'targets -set -filter {jtag_cable_name =~ "Digilent Zed 210248657754" && level==0} -index 1' command is executed.
21:20:27 INFO  : FPGA configured successfully with bitstream "F:/work/zynq_work2020/Zedboard_lab2020/oled/oled.sdk/system_wrapper_hw_platform_0/system_wrapper.bit"
21:20:27 INFO  : Context for 'APU' is selected.
21:20:30 INFO  : Hardware design information is loaded from 'F:/work/zynq_work2020/Zedboard_lab2020/oled/oled.sdk/system_wrapper_hw_platform_0/system.hdf'.
21:20:30 INFO  : 'configparams force-mem-access 1' command is executed.
21:20:30 INFO  : Context for 'APU' is selected.
21:20:31 INFO  : 'ps7_init' command is executed.
21:20:31 INFO  : 'ps7_post_config' command is executed.
21:20:31 INFO  : 'configparams force-mem-access 0' command is executed.
21:20:31 INFO  : ----------------XSDB Script----------------
connect -url tcp:127.0.0.1:3121
source F:/work/zynq_work2020/Zedboard_lab2020/oled/oled.sdk/system_wrapper_hw_platform_0/ps7_init.tcl
targets -set -nocase -filter {name =~"APU*" && jtag_cable_name =~ "Digilent Zed 210248657754"} -index 0
rst -system
after 3000
targets -set -filter {jtag_cable_name =~ "Digilent Zed 210248657754" && level==0} -index 1
fpga -file F:/work/zynq_work2020/Zedboard_lab2020/oled/oled.sdk/system_wrapper_hw_platform_0/system_wrapper.bit
targets -set -nocase -filter {name =~"APU*" && jtag_cable_name =~ "Digilent Zed 210248657754"} -index 0
loadhw -hw F:/work/zynq_work2020/Zedboard_lab2020/oled/oled.sdk/system_wrapper_hw_platform_0/system.hdf -mem-ranges [list {0x40000000 0xbfffffff}]
configparams force-mem-access 1
targets -set -nocase -filter {name =~"APU*" && jtag_cable_name =~ "Digilent Zed 210248657754"} -index 0
ps7_init
ps7_post_config
configparams force-mem-access 0
----------------End of Script----------------

21:20:31 INFO  : Memory regions updated for context APU
21:20:31 INFO  : Launch script is exported to file 'F:\work\zynq_work2020\Zedboard_lab2020\oled\oled.sdk\.sdk\launch_scripts\xilinx_c-c++_application_(system_debugger)\system_debugger_on_local.tcl'
21:23:05 INFO  : Connected to target on host '127.0.0.1' and port '3121'.
21:23:05 INFO  : Jtag cable 'Digilent Zed 210248657754' is selected.
21:23:05 INFO  : 'jtag frequency' command is executed.
21:23:05 INFO  : Sourcing of 'F:/work/zynq_work2020/Zedboard_lab2020/oled/oled.sdk/system_wrapper_hw_platform_0/ps7_init.tcl' is done.
21:23:05 INFO  : Context for 'APU' is selected.
21:23:05 INFO  : System reset is completed.
21:23:08 INFO  : 'after 3000' command is executed.
21:23:08 INFO  : 'targets -set -filter {jtag_cable_name =~ "Digilent Zed 210248657754" && level==0} -index 1' command is executed.
21:23:11 INFO  : FPGA configured successfully with bitstream "F:/work/zynq_work2020/Zedboard_lab2020/oled/oled.sdk/system_wrapper_hw_platform_0/system_wrapper.bit"
21:23:11 INFO  : Context for 'APU' is selected.
21:23:11 INFO  : Hardware design information is loaded from 'F:/work/zynq_work2020/Zedboard_lab2020/oled/oled.sdk/system_wrapper_hw_platform_0/system.hdf'.
21:23:11 INFO  : 'configparams force-mem-access 1' command is executed.
21:23:11 INFO  : Context for 'APU' is selected.
21:23:11 INFO  : 'ps7_init' command is executed.
21:23:11 INFO  : 'ps7_post_config' command is executed.
21:23:11 INFO  : Context for processor 'ps7_cortexa9_0' is selected.
21:23:11 INFO  : The application 'F:/work/zynq_work2020/Zedboard_lab2020/oled/oled.sdk/hello/Debug/hello.elf' is downloaded to processor 'ps7_cortexa9_0'.
21:23:11 INFO  : 'configparams force-mem-access 0' command is executed.
21:23:11 INFO  : ----------------XSDB Script----------------
connect -url tcp:127.0.0.1:3121
source F:/work/zynq_work2020/Zedboard_lab2020/oled/oled.sdk/system_wrapper_hw_platform_0/ps7_init.tcl
targets -set -nocase -filter {name =~"APU*" && jtag_cable_name =~ "Digilent Zed 210248657754"} -index 0
rst -system
after 3000
targets -set -filter {jtag_cable_name =~ "Digilent Zed 210248657754" && level==0} -index 1
fpga -file F:/work/zynq_work2020/Zedboard_lab2020/oled/oled.sdk/system_wrapper_hw_platform_0/system_wrapper.bit
targets -set -nocase -filter {name =~"APU*" && jtag_cable_name =~ "Digilent Zed 210248657754"} -index 0
loadhw -hw F:/work/zynq_work2020/Zedboard_lab2020/oled/oled.sdk/system_wrapper_hw_platform_0/system.hdf -mem-ranges [list {0x40000000 0xbfffffff}]
configparams force-mem-access 1
targets -set -nocase -filter {name =~"APU*" && jtag_cable_name =~ "Digilent Zed 210248657754"} -index 0
ps7_init
ps7_post_config
targets -set -nocase -filter {name =~ "ARM*#0" && jtag_cable_name =~ "Digilent Zed 210248657754"} -index 0
dow F:/work/zynq_work2020/Zedboard_lab2020/oled/oled.sdk/hello/Debug/hello.elf
configparams force-mem-access 0
----------------End of Script----------------

21:23:11 INFO  : Memory regions updated for context APU
21:23:11 INFO  : Context for processor 'ps7_cortexa9_0' is selected.
21:23:11 INFO  : 'con' command is executed.
21:23:11 INFO  : ----------------XSDB Script (After Launch)----------------
targets -set -nocase -filter {name =~ "ARM*#0" && jtag_cable_name =~ "Digilent Zed 210248657754"} -index 0
con
----------------End of Script----------------

21:23:11 INFO  : Launch script is exported to file 'F:\work\zynq_work2020\Zedboard_lab2020\oled\oled.sdk\.sdk\launch_scripts\xilinx_c-c++_application_(system_debugger)\system_debugger_using_debug_hello.elf_on_local.tcl'
21:36:25 INFO  : Disconnected from the channel tcfchan#5.
21:36:27 INFO  : 'targets -set -filter {jtag_cable_name =~ "Digilent Zed 210248657754" && level==0} -index 1' command is executed.
21:36:27 INFO  : 'fpga -state' command is executed.
21:36:27 INFO  : Connected to target on host '127.0.0.1' and port '3121'.
21:36:27 INFO  : Jtag cable 'Digilent Zed 210248657754' is selected.
21:36:27 INFO  : 'jtag frequency' command is executed.
21:36:27 INFO  : Sourcing of 'F:/work/zynq_work2020/Zedboard_lab2020/oled/oled.sdk/system_wrapper_hw_platform_0/ps7_init.tcl' is done.
21:36:27 INFO  : Context for 'APU' is selected.
21:36:30 INFO  : Hardware design information is loaded from 'F:/work/zynq_work2020/Zedboard_lab2020/oled/oled.sdk/system_wrapper_hw_platform_0/system.hdf'.
21:36:30 INFO  : 'configparams force-mem-access 1' command is executed.
21:36:30 INFO  : Context for 'APU' is selected.
21:36:30 INFO  : 'stop' command is executed.
21:36:30 INFO  : 'ps7_init' command is executed.
21:36:30 INFO  : 'ps7_post_config' command is executed.
21:36:30 INFO  : Context for processor 'ps7_cortexa9_0' is selected.
21:36:30 INFO  : Processor reset is completed for 'ps7_cortexa9_0'.
21:36:30 INFO  : Context for processor 'ps7_cortexa9_0' is selected.
21:36:31 INFO  : The application 'F:/work/zynq_work2020/Zedboard_lab2020/oled/oled.sdk/hello/Debug/hello.elf' is downloaded to processor 'ps7_cortexa9_0'.
21:36:31 INFO  : 'configparams force-mem-access 0' command is executed.
21:36:31 INFO  : ----------------XSDB Script----------------
connect -url tcp:127.0.0.1:3121
source F:/work/zynq_work2020/Zedboard_lab2020/oled/oled.sdk/system_wrapper_hw_platform_0/ps7_init.tcl
targets -set -nocase -filter {name =~"APU*" && jtag_cable_name =~ "Digilent Zed 210248657754"} -index 0
loadhw -hw F:/work/zynq_work2020/Zedboard_lab2020/oled/oled.sdk/system_wrapper_hw_platform_0/system.hdf -mem-ranges [list {0x40000000 0xbfffffff}]
configparams force-mem-access 1
targets -set -nocase -filter {name =~"APU*" && jtag_cable_name =~ "Digilent Zed 210248657754"} -index 0
stop
ps7_init
ps7_post_config
targets -set -nocase -filter {name =~ "ARM*#0" && jtag_cable_name =~ "Digilent Zed 210248657754"} -index 0
rst -processor
targets -set -nocase -filter {name =~ "ARM*#0" && jtag_cable_name =~ "Digilent Zed 210248657754"} -index 0
dow F:/work/zynq_work2020/Zedboard_lab2020/oled/oled.sdk/hello/Debug/hello.elf
configparams force-mem-access 0
----------------End of Script----------------

21:36:31 INFO  : Memory regions updated for context APU
21:36:31 INFO  : Context for processor 'ps7_cortexa9_0' is selected.
21:36:31 INFO  : 'con' command is executed.
21:36:31 INFO  : ----------------XSDB Script (After Launch)----------------
targets -set -nocase -filter {name =~ "ARM*#0" && jtag_cable_name =~ "Digilent Zed 210248657754"} -index 0
con
----------------End of Script----------------

21:36:31 INFO  : Launch script is exported to file 'F:\work\zynq_work2020\Zedboard_lab2020\oled\oled.sdk\.sdk\launch_scripts\xilinx_c-c++_application_(system_debugger)\system_debugger_using_debug_hello.elf_on_local.tcl'
21:55:04 INFO  : Registering command handlers for SDK TCF services
21:55:05 INFO  : Launching XSCT server: xsct.bat -interactive F:\work\zynq_work2020\Zedboard_lab2020\oled\oled.sdk\temp_xsdb_launch_script.tcl
21:55:09 INFO  : XSCT server has started successfully.
21:55:12 INFO  : Processing command line option -hwspec F:/work/zynq_work2020/Zedboard_lab2020/oled/oled.sdk/system_wrapper.hdf.
21:55:12 INFO  : Successfully done setting XSCT server connection channel  
21:55:12 INFO  : Successfully done setting SDK workspace  
21:55:12 INFO  : Checking for hwspec changes in the project system_wrapper_hw_platform_0.
21:55:51 INFO  : 'targets -set -filter {jtag_cable_name =~ "Digilent Zed 210248657754" && level==0} -index 1' command is executed.
21:55:51 INFO  : 'fpga -state' command is executed.
21:55:51 INFO  : Connected to target on host '127.0.0.1' and port '3121'.
21:55:51 INFO  : Jtag cable 'Digilent Zed 210248657754' is selected.
21:55:51 INFO  : 'jtag frequency' command is executed.
21:55:51 INFO  : Sourcing of 'F:/work/zynq_work2020/Zedboard_lab2020/oled/oled.sdk/system_wrapper_hw_platform_0/ps7_init.tcl' is done.
21:55:51 INFO  : Context for 'APU' is selected.
21:55:51 INFO  : Hardware design information is loaded from 'F:/work/zynq_work2020/Zedboard_lab2020/oled/oled.sdk/system_wrapper_hw_platform_0/system.hdf'.
21:55:51 INFO  : 'configparams force-mem-access 1' command is executed.
21:55:51 INFO  : Context for 'APU' is selected.
21:55:51 INFO  : 'stop' command is executed.
21:55:52 INFO  : 'ps7_init' command is executed.
21:55:52 INFO  : 'ps7_post_config' command is executed.
21:55:52 INFO  : 'configparams force-mem-access 0' command is executed.
21:55:52 INFO  : ----------------XSDB Script----------------
connect -url tcp:127.0.0.1:3121
source F:/work/zynq_work2020/Zedboard_lab2020/oled/oled.sdk/system_wrapper_hw_platform_0/ps7_init.tcl
targets -set -nocase -filter {name =~"APU*" && jtag_cable_name =~ "Digilent Zed 210248657754"} -index 0
loadhw -hw F:/work/zynq_work2020/Zedboard_lab2020/oled/oled.sdk/system_wrapper_hw_platform_0/system.hdf -mem-ranges [list {0x40000000 0xbfffffff}]
configparams force-mem-access 1
targets -set -nocase -filter {name =~"APU*" && jtag_cable_name =~ "Digilent Zed 210248657754"} -index 0
stop
ps7_init
ps7_post_config
configparams force-mem-access 0
----------------End of Script----------------

21:55:52 INFO  : Memory regions updated for context APU
21:55:52 INFO  : Launch script is exported to file 'F:\work\zynq_work2020\Zedboard_lab2020\oled\oled.sdk\.sdk\launch_scripts\xilinx_c-c++_application_(system_debugger)\system_debugger_using_debug_hello.elf_on_local.tcl'
21:59:52 INFO  : Disconnected from the channel tcfchan#1.
21:59:53 INFO  : 'targets -set -filter {jtag_cable_name =~ "Digilent Zed 210248657754" && level==0} -index 1' command is executed.
21:59:53 INFO  : 'fpga -state' command is executed.
21:59:53 INFO  : Connected to target on host '127.0.0.1' and port '3121'.
21:59:53 INFO  : Jtag cable 'Digilent Zed 210248657754' is selected.
21:59:53 INFO  : 'jtag frequency' command is executed.
21:59:53 INFO  : Sourcing of 'F:/work/zynq_work2020/Zedboard_lab2020/oled/oled.sdk/system_wrapper_hw_platform_0/ps7_init.tcl' is done.
21:59:53 INFO  : Context for 'APU' is selected.
21:59:56 INFO  : Hardware design information is loaded from 'F:/work/zynq_work2020/Zedboard_lab2020/oled/oled.sdk/system_wrapper_hw_platform_0/system.hdf'.
21:59:56 INFO  : 'configparams force-mem-access 1' command is executed.
21:59:56 INFO  : Context for 'APU' is selected.
21:59:56 INFO  : 'stop' command is executed.
21:59:56 INFO  : 'ps7_init' command is executed.
21:59:56 INFO  : 'ps7_post_config' command is executed.
21:59:56 INFO  : Context for processor 'ps7_cortexa9_0' is selected.
21:59:56 INFO  : Processor reset is completed for 'ps7_cortexa9_0'.
21:59:56 INFO  : Context for processor 'ps7_cortexa9_0' is selected.
21:59:57 INFO  : The application 'F:/work/zynq_work2020/Zedboard_lab2020/oled/oled.sdk/hello/Debug/hello.elf' is downloaded to processor 'ps7_cortexa9_0'.
21:59:57 INFO  : 'configparams force-mem-access 0' command is executed.
21:59:57 INFO  : ----------------XSDB Script----------------
connect -url tcp:127.0.0.1:3121
source F:/work/zynq_work2020/Zedboard_lab2020/oled/oled.sdk/system_wrapper_hw_platform_0/ps7_init.tcl
targets -set -nocase -filter {name =~"APU*" && jtag_cable_name =~ "Digilent Zed 210248657754"} -index 0
loadhw -hw F:/work/zynq_work2020/Zedboard_lab2020/oled/oled.sdk/system_wrapper_hw_platform_0/system.hdf -mem-ranges [list {0x40000000 0xbfffffff}]
configparams force-mem-access 1
targets -set -nocase -filter {name =~"APU*" && jtag_cable_name =~ "Digilent Zed 210248657754"} -index 0
stop
ps7_init
ps7_post_config
targets -set -nocase -filter {name =~ "ARM*#0" && jtag_cable_name =~ "Digilent Zed 210248657754"} -index 0
rst -processor
targets -set -nocase -filter {name =~ "ARM*#0" && jtag_cable_name =~ "Digilent Zed 210248657754"} -index 0
dow F:/work/zynq_work2020/Zedboard_lab2020/oled/oled.sdk/hello/Debug/hello.elf
configparams force-mem-access 0
----------------End of Script----------------

21:59:57 INFO  : Memory regions updated for context APU
21:59:57 INFO  : Context for processor 'ps7_cortexa9_0' is selected.
21:59:57 INFO  : 'con' command is executed.
21:59:57 INFO  : ----------------XSDB Script (After Launch)----------------
targets -set -nocase -filter {name =~ "ARM*#0" && jtag_cable_name =~ "Digilent Zed 210248657754"} -index 0
con
----------------End of Script----------------

21:59:57 INFO  : Launch script is exported to file 'F:\work\zynq_work2020\Zedboard_lab2020\oled\oled.sdk\.sdk\launch_scripts\xilinx_c-c++_application_(system_debugger)\system_debugger_using_debug_hello.elf_on_local.tcl'
22:04:35 INFO  : Disconnected from the channel tcfchan#2.
22:04:36 INFO  : 'targets -set -filter {jtag_cable_name =~ "Digilent Zed 210248657754" && level==0} -index 1' command is executed.
22:04:36 INFO  : 'fpga -state' command is executed.
22:04:36 INFO  : Connected to target on host '127.0.0.1' and port '3121'.
22:04:36 INFO  : Jtag cable 'Digilent Zed 210248657754' is selected.
22:04:36 INFO  : 'jtag frequency' command is executed.
22:04:36 INFO  : Sourcing of 'F:/work/zynq_work2020/Zedboard_lab2020/oled/oled.sdk/system_wrapper_hw_platform_0/ps7_init.tcl' is done.
22:04:36 INFO  : Context for 'APU' is selected.
22:04:39 INFO  : Hardware design information is loaded from 'F:/work/zynq_work2020/Zedboard_lab2020/oled/oled.sdk/system_wrapper_hw_platform_0/system.hdf'.
22:04:39 INFO  : 'configparams force-mem-access 1' command is executed.
22:04:39 INFO  : Context for 'APU' is selected.
22:04:39 INFO  : 'stop' command is executed.
22:04:39 INFO  : 'ps7_init' command is executed.
22:04:39 INFO  : 'ps7_post_config' command is executed.
22:04:39 INFO  : Context for processor 'ps7_cortexa9_0' is selected.
22:04:39 INFO  : Processor reset is completed for 'ps7_cortexa9_0'.
22:04:39 INFO  : Context for processor 'ps7_cortexa9_0' is selected.
22:04:39 INFO  : The application 'F:/work/zynq_work2020/Zedboard_lab2020/oled/oled.sdk/hello/Debug/hello.elf' is downloaded to processor 'ps7_cortexa9_0'.
22:04:39 INFO  : 'configparams force-mem-access 0' command is executed.
22:04:39 INFO  : ----------------XSDB Script----------------
connect -url tcp:127.0.0.1:3121
source F:/work/zynq_work2020/Zedboard_lab2020/oled/oled.sdk/system_wrapper_hw_platform_0/ps7_init.tcl
targets -set -nocase -filter {name =~"APU*" && jtag_cable_name =~ "Digilent Zed 210248657754"} -index 0
loadhw -hw F:/work/zynq_work2020/Zedboard_lab2020/oled/oled.sdk/system_wrapper_hw_platform_0/system.hdf -mem-ranges [list {0x40000000 0xbfffffff}]
configparams force-mem-access 1
targets -set -nocase -filter {name =~"APU*" && jtag_cable_name =~ "Digilent Zed 210248657754"} -index 0
stop
ps7_init
ps7_post_config
targets -set -nocase -filter {name =~ "ARM*#0" && jtag_cable_name =~ "Digilent Zed 210248657754"} -index 0
rst -processor
targets -set -nocase -filter {name =~ "ARM*#0" && jtag_cable_name =~ "Digilent Zed 210248657754"} -index 0
dow F:/work/zynq_work2020/Zedboard_lab2020/oled/oled.sdk/hello/Debug/hello.elf
configparams force-mem-access 0
----------------End of Script----------------

22:04:39 INFO  : Memory regions updated for context APU
22:04:40 INFO  : Context for processor 'ps7_cortexa9_0' is selected.
22:04:40 INFO  : 'con' command is executed.
22:04:40 INFO  : ----------------XSDB Script (After Launch)----------------
targets -set -nocase -filter {name =~ "ARM*#0" && jtag_cable_name =~ "Digilent Zed 210248657754"} -index 0
con
----------------End of Script----------------

22:04:40 INFO  : Launch script is exported to file 'F:\work\zynq_work2020\Zedboard_lab2020\oled\oled.sdk\.sdk\launch_scripts\xilinx_c-c++_application_(system_debugger)\system_debugger_using_debug_hello.elf_on_local.tcl'
23:16:33 INFO  : Disconnected from the channel tcfchan#3.
23:16:34 INFO  : 'targets -set -filter {jtag_cable_name =~ "Digilent Zed 210248657754" && level==0} -index 1' command is executed.
23:16:34 INFO  : 'fpga -state' command is executed.
23:16:34 INFO  : Connected to target on host '127.0.0.1' and port '3121'.
23:16:34 INFO  : Jtag cable 'Digilent Zed 210248657754' is selected.
23:16:34 INFO  : 'jtag frequency' command is executed.
23:16:34 INFO  : Sourcing of 'F:/work/zynq_work2020/Zedboard_lab2020/oled/oled.sdk/system_wrapper_hw_platform_0/ps7_init.tcl' is done.
23:16:34 INFO  : Context for 'APU' is selected.
23:16:38 INFO  : Hardware design information is loaded from 'F:/work/zynq_work2020/Zedboard_lab2020/oled/oled.sdk/system_wrapper_hw_platform_0/system.hdf'.
23:16:38 INFO  : 'configparams force-mem-access 1' command is executed.
23:16:38 INFO  : Context for 'APU' is selected.
23:16:38 INFO  : 'stop' command is executed.
23:16:38 INFO  : 'ps7_init' command is executed.
23:16:38 INFO  : 'ps7_post_config' command is executed.
23:16:38 INFO  : Context for processor 'ps7_cortexa9_0' is selected.
23:16:38 INFO  : Processor reset is completed for 'ps7_cortexa9_0'.
23:16:38 INFO  : Context for processor 'ps7_cortexa9_0' is selected.
23:16:39 INFO  : The application 'F:/work/zynq_work2020/Zedboard_lab2020/oled/oled.sdk/hello/Debug/hello.elf' is downloaded to processor 'ps7_cortexa9_0'.
23:16:39 INFO  : 'configparams force-mem-access 0' command is executed.
23:16:39 INFO  : ----------------XSDB Script----------------
connect -url tcp:127.0.0.1:3121
source F:/work/zynq_work2020/Zedboard_lab2020/oled/oled.sdk/system_wrapper_hw_platform_0/ps7_init.tcl
targets -set -nocase -filter {name =~"APU*" && jtag_cable_name =~ "Digilent Zed 210248657754"} -index 0
loadhw -hw F:/work/zynq_work2020/Zedboard_lab2020/oled/oled.sdk/system_wrapper_hw_platform_0/system.hdf -mem-ranges [list {0x40000000 0xbfffffff}]
configparams force-mem-access 1
targets -set -nocase -filter {name =~"APU*" && jtag_cable_name =~ "Digilent Zed 210248657754"} -index 0
stop
ps7_init
ps7_post_config
targets -set -nocase -filter {name =~ "ARM*#0" && jtag_cable_name =~ "Digilent Zed 210248657754"} -index 0
rst -processor
targets -set -nocase -filter {name =~ "ARM*#0" && jtag_cable_name =~ "Digilent Zed 210248657754"} -index 0
dow F:/work/zynq_work2020/Zedboard_lab2020/oled/oled.sdk/hello/Debug/hello.elf
configparams force-mem-access 0
----------------End of Script----------------

23:16:39 INFO  : Memory regions updated for context APU
23:16:39 INFO  : Context for processor 'ps7_cortexa9_0' is selected.
23:16:39 INFO  : 'con' command is executed.
23:16:39 INFO  : ----------------XSDB Script (After Launch)----------------
targets -set -nocase -filter {name =~ "ARM*#0" && jtag_cable_name =~ "Digilent Zed 210248657754"} -index 0
con
----------------End of Script----------------

23:16:39 INFO  : Launch script is exported to file 'F:\work\zynq_work2020\Zedboard_lab2020\oled\oled.sdk\.sdk\launch_scripts\xilinx_c-c++_application_(system_debugger)\system_debugger_using_debug_hello.elf_on_local.tcl'
23:17:18 INFO  : Disconnected from the channel tcfchan#4.
23:17:19 INFO  : 'targets -set -filter {jtag_cable_name =~ "Digilent Zed 210248657754" && level==0} -index 1' command is executed.
23:17:19 INFO  : 'fpga -state' command is executed.
23:17:19 INFO  : Connected to target on host '127.0.0.1' and port '3121'.
23:17:19 INFO  : Jtag cable 'Digilent Zed 210248657754' is selected.
23:17:19 INFO  : 'jtag frequency' command is executed.
23:17:19 INFO  : Sourcing of 'F:/work/zynq_work2020/Zedboard_lab2020/oled/oled.sdk/system_wrapper_hw_platform_0/ps7_init.tcl' is done.
23:17:19 INFO  : Context for 'APU' is selected.
23:17:22 INFO  : Hardware design information is loaded from 'F:/work/zynq_work2020/Zedboard_lab2020/oled/oled.sdk/system_wrapper_hw_platform_0/system.hdf'.
23:17:22 INFO  : 'configparams force-mem-access 1' command is executed.
23:17:22 INFO  : Context for 'APU' is selected.
23:17:22 INFO  : 'stop' command is executed.
23:17:22 INFO  : 'ps7_init' command is executed.
23:17:22 INFO  : 'ps7_post_config' command is executed.
23:17:22 INFO  : Context for processor 'ps7_cortexa9_0' is selected.
23:17:22 INFO  : Processor reset is completed for 'ps7_cortexa9_0'.
23:17:22 INFO  : Context for processor 'ps7_cortexa9_0' is selected.
23:17:23 INFO  : The application 'F:/work/zynq_work2020/Zedboard_lab2020/oled/oled.sdk/hello/Debug/hello.elf' is downloaded to processor 'ps7_cortexa9_0'.
23:17:23 INFO  : 'configparams force-mem-access 0' command is executed.
23:17:23 INFO  : ----------------XSDB Script----------------
connect -url tcp:127.0.0.1:3121
source F:/work/zynq_work2020/Zedboard_lab2020/oled/oled.sdk/system_wrapper_hw_platform_0/ps7_init.tcl
targets -set -nocase -filter {name =~"APU*" && jtag_cable_name =~ "Digilent Zed 210248657754"} -index 0
loadhw -hw F:/work/zynq_work2020/Zedboard_lab2020/oled/oled.sdk/system_wrapper_hw_platform_0/system.hdf -mem-ranges [list {0x40000000 0xbfffffff}]
configparams force-mem-access 1
targets -set -nocase -filter {name =~"APU*" && jtag_cable_name =~ "Digilent Zed 210248657754"} -index 0
stop
ps7_init
ps7_post_config
targets -set -nocase -filter {name =~ "ARM*#0" && jtag_cable_name =~ "Digilent Zed 210248657754"} -index 0
rst -processor
targets -set -nocase -filter {name =~ "ARM*#0" && jtag_cable_name =~ "Digilent Zed 210248657754"} -index 0
dow F:/work/zynq_work2020/Zedboard_lab2020/oled/oled.sdk/hello/Debug/hello.elf
configparams force-mem-access 0
----------------End of Script----------------

23:17:23 INFO  : Memory regions updated for context APU
23:17:23 INFO  : Context for processor 'ps7_cortexa9_0' is selected.
23:17:23 INFO  : 'con' command is executed.
23:17:23 INFO  : ----------------XSDB Script (After Launch)----------------
targets -set -nocase -filter {name =~ "ARM*#0" && jtag_cable_name =~ "Digilent Zed 210248657754"} -index 0
con
----------------End of Script----------------

23:17:23 INFO  : Launch script is exported to file 'F:\work\zynq_work2020\Zedboard_lab2020\oled\oled.sdk\.sdk\launch_scripts\xilinx_c-c++_application_(system_debugger)\system_debugger_using_debug_hello.elf_on_local.tcl'
23:18:02 INFO  : Disconnected from the channel tcfchan#5.
23:18:03 INFO  : 'targets -set -filter {jtag_cable_name =~ "Digilent Zed 210248657754" && level==0} -index 1' command is executed.
23:18:03 INFO  : 'fpga -state' command is executed.
23:18:03 INFO  : Connected to target on host '127.0.0.1' and port '3121'.
23:18:03 INFO  : Jtag cable 'Digilent Zed 210248657754' is selected.
23:18:03 INFO  : 'jtag frequency' command is executed.
23:18:03 INFO  : Sourcing of 'F:/work/zynq_work2020/Zedboard_lab2020/oled/oled.sdk/system_wrapper_hw_platform_0/ps7_init.tcl' is done.
23:18:04 INFO  : Context for 'APU' is selected.
23:18:06 INFO  : Hardware design information is loaded from 'F:/work/zynq_work2020/Zedboard_lab2020/oled/oled.sdk/system_wrapper_hw_platform_0/system.hdf'.
23:18:06 INFO  : 'configparams force-mem-access 1' command is executed.
23:18:06 INFO  : Context for 'APU' is selected.
23:18:06 INFO  : 'stop' command is executed.
23:18:06 INFO  : 'ps7_init' command is executed.
23:18:06 INFO  : 'ps7_post_config' command is executed.
23:18:07 INFO  : Context for processor 'ps7_cortexa9_0' is selected.
23:18:07 INFO  : Processor reset is completed for 'ps7_cortexa9_0'.
23:18:07 INFO  : Context for processor 'ps7_cortexa9_0' is selected.
23:18:07 INFO  : The application 'F:/work/zynq_work2020/Zedboard_lab2020/oled/oled.sdk/hello/Debug/hello.elf' is downloaded to processor 'ps7_cortexa9_0'.
23:18:07 INFO  : 'configparams force-mem-access 0' command is executed.
23:18:07 INFO  : ----------------XSDB Script----------------
connect -url tcp:127.0.0.1:3121
source F:/work/zynq_work2020/Zedboard_lab2020/oled/oled.sdk/system_wrapper_hw_platform_0/ps7_init.tcl
targets -set -nocase -filter {name =~"APU*" && jtag_cable_name =~ "Digilent Zed 210248657754"} -index 0
loadhw -hw F:/work/zynq_work2020/Zedboard_lab2020/oled/oled.sdk/system_wrapper_hw_platform_0/system.hdf -mem-ranges [list {0x40000000 0xbfffffff}]
configparams force-mem-access 1
targets -set -nocase -filter {name =~"APU*" && jtag_cable_name =~ "Digilent Zed 210248657754"} -index 0
stop
ps7_init
ps7_post_config
targets -set -nocase -filter {name =~ "ARM*#0" && jtag_cable_name =~ "Digilent Zed 210248657754"} -index 0
rst -processor
targets -set -nocase -filter {name =~ "ARM*#0" && jtag_cable_name =~ "Digilent Zed 210248657754"} -index 0
dow F:/work/zynq_work2020/Zedboard_lab2020/oled/oled.sdk/hello/Debug/hello.elf
configparams force-mem-access 0
----------------End of Script----------------

23:18:07 INFO  : Memory regions updated for context APU
23:18:07 INFO  : Context for processor 'ps7_cortexa9_0' is selected.
23:18:07 INFO  : 'con' command is executed.
23:18:07 INFO  : ----------------XSDB Script (After Launch)----------------
targets -set -nocase -filter {name =~ "ARM*#0" && jtag_cable_name =~ "Digilent Zed 210248657754"} -index 0
con
----------------End of Script----------------

23:18:07 INFO  : Launch script is exported to file 'F:\work\zynq_work2020\Zedboard_lab2020\oled\oled.sdk\.sdk\launch_scripts\xilinx_c-c++_application_(system_debugger)\system_debugger_using_debug_hello.elf_on_local.tcl'
23:18:24 INFO  : Disconnected from the channel tcfchan#6.
23:18:26 INFO  : 'targets -set -filter {jtag_cable_name =~ "Digilent Zed 210248657754" && level==0} -index 1' command is executed.
23:18:26 INFO  : 'fpga -state' command is executed.
23:18:26 INFO  : Connected to target on host '127.0.0.1' and port '3121'.
23:18:26 INFO  : Jtag cable 'Digilent Zed 210248657754' is selected.
23:18:26 INFO  : 'jtag frequency' command is executed.
23:18:26 INFO  : Sourcing of 'F:/work/zynq_work2020/Zedboard_lab2020/oled/oled.sdk/system_wrapper_hw_platform_0/ps7_init.tcl' is done.
23:18:26 INFO  : Context for 'APU' is selected.
23:18:29 INFO  : Hardware design information is loaded from 'F:/work/zynq_work2020/Zedboard_lab2020/oled/oled.sdk/system_wrapper_hw_platform_0/system.hdf'.
23:18:29 INFO  : 'configparams force-mem-access 1' command is executed.
23:18:29 INFO  : Context for 'APU' is selected.
23:18:29 INFO  : 'stop' command is executed.
23:18:29 INFO  : 'ps7_init' command is executed.
23:18:29 INFO  : 'ps7_post_config' command is executed.
23:18:30 INFO  : Context for processor 'ps7_cortexa9_0' is selected.
23:18:30 INFO  : Processor reset is completed for 'ps7_cortexa9_0'.
23:18:30 INFO  : Context for processor 'ps7_cortexa9_0' is selected.
23:18:30 INFO  : The application 'F:/work/zynq_work2020/Zedboard_lab2020/oled/oled.sdk/hello/Debug/hello.elf' is downloaded to processor 'ps7_cortexa9_0'.
23:18:30 INFO  : 'configparams force-mem-access 0' command is executed.
23:18:30 INFO  : ----------------XSDB Script----------------
connect -url tcp:127.0.0.1:3121
source F:/work/zynq_work2020/Zedboard_lab2020/oled/oled.sdk/system_wrapper_hw_platform_0/ps7_init.tcl
targets -set -nocase -filter {name =~"APU*" && jtag_cable_name =~ "Digilent Zed 210248657754"} -index 0
loadhw -hw F:/work/zynq_work2020/Zedboard_lab2020/oled/oled.sdk/system_wrapper_hw_platform_0/system.hdf -mem-ranges [list {0x40000000 0xbfffffff}]
configparams force-mem-access 1
targets -set -nocase -filter {name =~"APU*" && jtag_cable_name =~ "Digilent Zed 210248657754"} -index 0
stop
ps7_init
ps7_post_config
targets -set -nocase -filter {name =~ "ARM*#0" && jtag_cable_name =~ "Digilent Zed 210248657754"} -index 0
rst -processor
targets -set -nocase -filter {name =~ "ARM*#0" && jtag_cable_name =~ "Digilent Zed 210248657754"} -index 0
dow F:/work/zynq_work2020/Zedboard_lab2020/oled/oled.sdk/hello/Debug/hello.elf
configparams force-mem-access 0
----------------End of Script----------------

23:18:30 INFO  : Memory regions updated for context APU
23:18:30 INFO  : Context for processor 'ps7_cortexa9_0' is selected.
23:18:30 INFO  : 'con' command is executed.
23:18:30 INFO  : ----------------XSDB Script (After Launch)----------------
targets -set -nocase -filter {name =~ "ARM*#0" && jtag_cable_name =~ "Digilent Zed 210248657754"} -index 0
con
----------------End of Script----------------

23:18:30 INFO  : Launch script is exported to file 'F:\work\zynq_work2020\Zedboard_lab2020\oled\oled.sdk\.sdk\launch_scripts\xilinx_c-c++_application_(system_debugger)\system_debugger_using_debug_hello.elf_on_local.tcl'
23:20:59 INFO  : Disconnected from the channel tcfchan#7.
23:21:17 INFO  : 'targets -set -filter {jtag_cable_name =~ "Digilent Zed 210248657754" && level==0} -index 1' command is executed.
23:21:17 INFO  : 'fpga -state' command is executed.
23:21:17 INFO  : Connected to target on host '127.0.0.1' and port '3121'.
23:21:17 INFO  : Jtag cable 'Digilent Zed 210248657754' is selected.
23:21:18 INFO  : 'jtag frequency' command is executed.
23:21:18 INFO  : Sourcing of 'F:/work/zynq_work2020/Zedboard_lab2020/oled/oled.sdk/system_wrapper_hw_platform_0/ps7_init.tcl' is done.
23:21:18 INFO  : Context for 'APU' is selected.
23:21:18 INFO  : Hardware design information is loaded from 'F:/work/zynq_work2020/Zedboard_lab2020/oled/oled.sdk/system_wrapper_hw_platform_0/system.hdf'.
23:21:18 INFO  : 'configparams force-mem-access 1' command is executed.
23:21:18 INFO  : Context for 'APU' is selected.
23:21:18 INFO  : 'stop' command is executed.
23:21:18 INFO  : 'ps7_init' command is executed.
23:21:18 INFO  : 'ps7_post_config' command is executed.
23:21:18 INFO  : Context for processor 'ps7_cortexa9_0' is selected.
23:21:18 INFO  : Processor reset is completed for 'ps7_cortexa9_0'.
23:21:18 INFO  : Context for processor 'ps7_cortexa9_0' is selected.
23:21:18 INFO  : The application 'F:/work/zynq_work2020/Zedboard_lab2020/oled/oled.sdk/hello/Debug/hello.elf' is downloaded to processor 'ps7_cortexa9_0'.
23:21:19 INFO  : 'configparams force-mem-access 0' command is executed.
23:21:19 INFO  : ----------------XSDB Script----------------
connect -url tcp:127.0.0.1:3121
source F:/work/zynq_work2020/Zedboard_lab2020/oled/oled.sdk/system_wrapper_hw_platform_0/ps7_init.tcl
targets -set -nocase -filter {name =~"APU*" && jtag_cable_name =~ "Digilent Zed 210248657754"} -index 0
loadhw -hw F:/work/zynq_work2020/Zedboard_lab2020/oled/oled.sdk/system_wrapper_hw_platform_0/system.hdf -mem-ranges [list {0x40000000 0xbfffffff}]
configparams force-mem-access 1
targets -set -nocase -filter {name =~"APU*" && jtag_cable_name =~ "Digilent Zed 210248657754"} -index 0
stop
ps7_init
ps7_post_config
targets -set -nocase -filter {name =~ "ARM*#0" && jtag_cable_name =~ "Digilent Zed 210248657754"} -index 0
rst -processor
targets -set -nocase -filter {name =~ "ARM*#0" && jtag_cable_name =~ "Digilent Zed 210248657754"} -index 0
dow F:/work/zynq_work2020/Zedboard_lab2020/oled/oled.sdk/hello/Debug/hello.elf
configparams force-mem-access 0
----------------End of Script----------------

23:21:19 INFO  : Memory regions updated for context APU
23:21:19 INFO  : Context for processor 'ps7_cortexa9_0' is selected.
23:21:19 INFO  : 'con' command is executed.
23:21:19 INFO  : ----------------XSDB Script (After Launch)----------------
targets -set -nocase -filter {name =~ "ARM*#0" && jtag_cable_name =~ "Digilent Zed 210248657754"} -index 0
con
----------------End of Script----------------

23:21:19 INFO  : Launch script is exported to file 'F:\work\zynq_work2020\Zedboard_lab2020\oled\oled.sdk\.sdk\launch_scripts\xilinx_c-c++_application_(system_debugger)\system_debugger_using_debug_hello.elf_on_local.tcl'
23:21:47 INFO  : Disconnected from the channel tcfchan#8.
23:21:48 INFO  : 'targets -set -filter {jtag_cable_name =~ "Digilent Zed 210248657754" && level==0} -index 1' command is executed.
23:21:48 INFO  : 'fpga -state' command is executed.
23:21:48 INFO  : Connected to target on host '127.0.0.1' and port '3121'.
23:21:48 INFO  : Jtag cable 'Digilent Zed 210248657754' is selected.
23:21:48 INFO  : 'jtag frequency' command is executed.
23:21:48 INFO  : Sourcing of 'F:/work/zynq_work2020/Zedboard_lab2020/oled/oled.sdk/system_wrapper_hw_platform_0/ps7_init.tcl' is done.
23:21:48 INFO  : Context for 'APU' is selected.
23:21:51 INFO  : Hardware design information is loaded from 'F:/work/zynq_work2020/Zedboard_lab2020/oled/oled.sdk/system_wrapper_hw_platform_0/system.hdf'.
23:21:51 INFO  : 'configparams force-mem-access 1' command is executed.
23:21:51 INFO  : Context for 'APU' is selected.
23:21:51 INFO  : 'stop' command is executed.
23:21:52 INFO  : 'ps7_init' command is executed.
23:21:52 INFO  : 'ps7_post_config' command is executed.
23:21:52 INFO  : Context for processor 'ps7_cortexa9_0' is selected.
23:21:52 INFO  : Processor reset is completed for 'ps7_cortexa9_0'.
23:21:52 INFO  : Context for processor 'ps7_cortexa9_0' is selected.
23:21:52 INFO  : The application 'F:/work/zynq_work2020/Zedboard_lab2020/oled/oled.sdk/hello/Debug/hello.elf' is downloaded to processor 'ps7_cortexa9_0'.
23:21:52 INFO  : 'configparams force-mem-access 0' command is executed.
23:21:52 INFO  : ----------------XSDB Script----------------
connect -url tcp:127.0.0.1:3121
source F:/work/zynq_work2020/Zedboard_lab2020/oled/oled.sdk/system_wrapper_hw_platform_0/ps7_init.tcl
targets -set -nocase -filter {name =~"APU*" && jtag_cable_name =~ "Digilent Zed 210248657754"} -index 0
loadhw -hw F:/work/zynq_work2020/Zedboard_lab2020/oled/oled.sdk/system_wrapper_hw_platform_0/system.hdf -mem-ranges [list {0x40000000 0xbfffffff}]
configparams force-mem-access 1
targets -set -nocase -filter {name =~"APU*" && jtag_cable_name =~ "Digilent Zed 210248657754"} -index 0
stop
ps7_init
ps7_post_config
targets -set -nocase -filter {name =~ "ARM*#0" && jtag_cable_name =~ "Digilent Zed 210248657754"} -index 0
rst -processor
targets -set -nocase -filter {name =~ "ARM*#0" && jtag_cable_name =~ "Digilent Zed 210248657754"} -index 0
dow F:/work/zynq_work2020/Zedboard_lab2020/oled/oled.sdk/hello/Debug/hello.elf
configparams force-mem-access 0
----------------End of Script----------------

23:21:52 INFO  : Memory regions updated for context APU
23:21:52 INFO  : Context for processor 'ps7_cortexa9_0' is selected.
23:21:52 INFO  : 'con' command is executed.
23:21:52 INFO  : ----------------XSDB Script (After Launch)----------------
targets -set -nocase -filter {name =~ "ARM*#0" && jtag_cable_name =~ "Digilent Zed 210248657754"} -index 0
con
----------------End of Script----------------

23:21:52 INFO  : Launch script is exported to file 'F:\work\zynq_work2020\Zedboard_lab2020\oled\oled.sdk\.sdk\launch_scripts\xilinx_c-c++_application_(system_debugger)\system_debugger_using_debug_hello.elf_on_local.tcl'
23:28:47 INFO  : Disconnected from the channel tcfchan#9.
23:28:48 INFO  : 'targets -set -filter {jtag_cable_name =~ "Digilent Zed 210248657754" && level==0} -index 1' command is executed.
23:28:48 INFO  : 'fpga -state' command is executed.
23:28:48 INFO  : Connected to target on host '127.0.0.1' and port '3121'.
23:28:49 INFO  : Jtag cable 'Digilent Zed 210248657754' is selected.
23:28:49 INFO  : 'jtag frequency' command is executed.
23:28:49 INFO  : Sourcing of 'F:/work/zynq_work2020/Zedboard_lab2020/oled/oled.sdk/system_wrapper_hw_platform_0/ps7_init.tcl' is done.
23:28:49 INFO  : Context for 'APU' is selected.
23:28:51 INFO  : Hardware design information is loaded from 'F:/work/zynq_work2020/Zedboard_lab2020/oled/oled.sdk/system_wrapper_hw_platform_0/system.hdf'.
23:28:51 INFO  : 'configparams force-mem-access 1' command is executed.
23:28:51 INFO  : Context for 'APU' is selected.
23:28:52 INFO  : 'stop' command is executed.
23:28:52 INFO  : 'ps7_init' command is executed.
23:28:52 INFO  : 'ps7_post_config' command is executed.
23:28:52 INFO  : Context for processor 'ps7_cortexa9_0' is selected.
23:28:52 INFO  : Processor reset is completed for 'ps7_cortexa9_0'.
23:28:52 INFO  : Context for processor 'ps7_cortexa9_0' is selected.
23:28:52 INFO  : The application 'F:/work/zynq_work2020/Zedboard_lab2020/oled/oled.sdk/hello/Debug/hello.elf' is downloaded to processor 'ps7_cortexa9_0'.
23:28:52 INFO  : 'configparams force-mem-access 0' command is executed.
23:28:52 INFO  : ----------------XSDB Script----------------
connect -url tcp:127.0.0.1:3121
source F:/work/zynq_work2020/Zedboard_lab2020/oled/oled.sdk/system_wrapper_hw_platform_0/ps7_init.tcl
targets -set -nocase -filter {name =~"APU*" && jtag_cable_name =~ "Digilent Zed 210248657754"} -index 0
loadhw -hw F:/work/zynq_work2020/Zedboard_lab2020/oled/oled.sdk/system_wrapper_hw_platform_0/system.hdf -mem-ranges [list {0x40000000 0xbfffffff}]
configparams force-mem-access 1
targets -set -nocase -filter {name =~"APU*" && jtag_cable_name =~ "Digilent Zed 210248657754"} -index 0
stop
ps7_init
ps7_post_config
targets -set -nocase -filter {name =~ "ARM*#0" && jtag_cable_name =~ "Digilent Zed 210248657754"} -index 0
rst -processor
targets -set -nocase -filter {name =~ "ARM*#0" && jtag_cable_name =~ "Digilent Zed 210248657754"} -index 0
dow F:/work/zynq_work2020/Zedboard_lab2020/oled/oled.sdk/hello/Debug/hello.elf
configparams force-mem-access 0
----------------End of Script----------------

23:28:52 INFO  : Memory regions updated for context APU
23:28:53 INFO  : Context for processor 'ps7_cortexa9_0' is selected.
23:28:53 INFO  : 'con' command is executed.
23:28:53 INFO  : ----------------XSDB Script (After Launch)----------------
targets -set -nocase -filter {name =~ "ARM*#0" && jtag_cable_name =~ "Digilent Zed 210248657754"} -index 0
con
----------------End of Script----------------

23:28:53 INFO  : Launch script is exported to file 'F:\work\zynq_work2020\Zedboard_lab2020\oled\oled.sdk\.sdk\launch_scripts\xilinx_c-c++_application_(system_debugger)\system_debugger_using_debug_hello.elf_on_local.tcl'
23:31:22 INFO  : Disconnected from the channel tcfchan#10.
23:31:23 INFO  : 'targets -set -filter {jtag_cable_name =~ "Digilent Zed 210248657754" && level==0} -index 1' command is executed.
23:31:23 INFO  : 'fpga -state' command is executed.
23:31:24 INFO  : Connected to target on host '127.0.0.1' and port '3121'.
23:31:24 INFO  : Jtag cable 'Digilent Zed 210248657754' is selected.
23:31:24 INFO  : 'jtag frequency' command is executed.
23:31:24 INFO  : Sourcing of 'F:/work/zynq_work2020/Zedboard_lab2020/oled/oled.sdk/system_wrapper_hw_platform_0/ps7_init.tcl' is done.
23:31:24 INFO  : Context for 'APU' is selected.
23:31:27 INFO  : Hardware design information is loaded from 'F:/work/zynq_work2020/Zedboard_lab2020/oled/oled.sdk/system_wrapper_hw_platform_0/system.hdf'.
23:31:27 INFO  : 'configparams force-mem-access 1' command is executed.
23:31:27 INFO  : Context for 'APU' is selected.
23:31:27 INFO  : 'stop' command is executed.
23:31:27 INFO  : 'ps7_init' command is executed.
23:31:27 INFO  : 'ps7_post_config' command is executed.
23:31:27 INFO  : Context for processor 'ps7_cortexa9_0' is selected.
23:31:27 INFO  : Processor reset is completed for 'ps7_cortexa9_0'.
23:31:27 INFO  : Context for processor 'ps7_cortexa9_0' is selected.
23:31:28 INFO  : The application 'F:/work/zynq_work2020/Zedboard_lab2020/oled/oled.sdk/hello/Debug/hello.elf' is downloaded to processor 'ps7_cortexa9_0'.
23:31:28 INFO  : 'configparams force-mem-access 0' command is executed.
23:31:28 INFO  : ----------------XSDB Script----------------
connect -url tcp:127.0.0.1:3121
source F:/work/zynq_work2020/Zedboard_lab2020/oled/oled.sdk/system_wrapper_hw_platform_0/ps7_init.tcl
targets -set -nocase -filter {name =~"APU*" && jtag_cable_name =~ "Digilent Zed 210248657754"} -index 0
loadhw -hw F:/work/zynq_work2020/Zedboard_lab2020/oled/oled.sdk/system_wrapper_hw_platform_0/system.hdf -mem-ranges [list {0x40000000 0xbfffffff}]
configparams force-mem-access 1
targets -set -nocase -filter {name =~"APU*" && jtag_cable_name =~ "Digilent Zed 210248657754"} -index 0
stop
ps7_init
ps7_post_config
targets -set -nocase -filter {name =~ "ARM*#0" && jtag_cable_name =~ "Digilent Zed 210248657754"} -index 0
rst -processor
targets -set -nocase -filter {name =~ "ARM*#0" && jtag_cable_name =~ "Digilent Zed 210248657754"} -index 0
dow F:/work/zynq_work2020/Zedboard_lab2020/oled/oled.sdk/hello/Debug/hello.elf
configparams force-mem-access 0
----------------End of Script----------------

23:31:28 INFO  : Memory regions updated for context APU
23:31:28 INFO  : Context for processor 'ps7_cortexa9_0' is selected.
23:31:28 INFO  : 'con' command is executed.
23:31:28 INFO  : ----------------XSDB Script (After Launch)----------------
targets -set -nocase -filter {name =~ "ARM*#0" && jtag_cable_name =~ "Digilent Zed 210248657754"} -index 0
con
----------------End of Script----------------

23:31:28 INFO  : Launch script is exported to file 'F:\work\zynq_work2020\Zedboard_lab2020\oled\oled.sdk\.sdk\launch_scripts\xilinx_c-c++_application_(system_debugger)\system_debugger_using_debug_hello.elf_on_local.tcl'
23:32:33 INFO  : Disconnected from the channel tcfchan#11.
23:32:34 INFO  : 'targets -set -filter {jtag_cable_name =~ "Digilent Zed 210248657754" && level==0} -index 1' command is executed.
23:32:34 INFO  : 'fpga -state' command is executed.
23:32:34 INFO  : Connected to target on host '127.0.0.1' and port '3121'.
23:32:34 INFO  : Jtag cable 'Digilent Zed 210248657754' is selected.
23:32:34 INFO  : 'jtag frequency' command is executed.
23:32:34 INFO  : Sourcing of 'F:/work/zynq_work2020/Zedboard_lab2020/oled/oled.sdk/system_wrapper_hw_platform_0/ps7_init.tcl' is done.
23:32:34 INFO  : Context for 'APU' is selected.
23:32:38 INFO  : Hardware design information is loaded from 'F:/work/zynq_work2020/Zedboard_lab2020/oled/oled.sdk/system_wrapper_hw_platform_0/system.hdf'.
23:32:38 INFO  : 'configparams force-mem-access 1' command is executed.
23:32:38 INFO  : Context for 'APU' is selected.
23:32:38 INFO  : 'stop' command is executed.
23:32:39 INFO  : 'ps7_init' command is executed.
23:32:39 INFO  : 'ps7_post_config' command is executed.
23:32:39 INFO  : Context for processor 'ps7_cortexa9_0' is selected.
23:32:39 INFO  : Processor reset is completed for 'ps7_cortexa9_0'.
23:32:39 INFO  : Context for processor 'ps7_cortexa9_0' is selected.
23:32:39 INFO  : The application 'F:/work/zynq_work2020/Zedboard_lab2020/oled/oled.sdk/hello/Debug/hello.elf' is downloaded to processor 'ps7_cortexa9_0'.
23:32:39 INFO  : 'configparams force-mem-access 0' command is executed.
23:32:39 INFO  : ----------------XSDB Script----------------
connect -url tcp:127.0.0.1:3121
source F:/work/zynq_work2020/Zedboard_lab2020/oled/oled.sdk/system_wrapper_hw_platform_0/ps7_init.tcl
targets -set -nocase -filter {name =~"APU*" && jtag_cable_name =~ "Digilent Zed 210248657754"} -index 0
loadhw -hw F:/work/zynq_work2020/Zedboard_lab2020/oled/oled.sdk/system_wrapper_hw_platform_0/system.hdf -mem-ranges [list {0x40000000 0xbfffffff}]
configparams force-mem-access 1
targets -set -nocase -filter {name =~"APU*" && jtag_cable_name =~ "Digilent Zed 210248657754"} -index 0
stop
ps7_init
ps7_post_config
targets -set -nocase -filter {name =~ "ARM*#0" && jtag_cable_name =~ "Digilent Zed 210248657754"} -index 0
rst -processor
targets -set -nocase -filter {name =~ "ARM*#0" && jtag_cable_name =~ "Digilent Zed 210248657754"} -index 0
dow F:/work/zynq_work2020/Zedboard_lab2020/oled/oled.sdk/hello/Debug/hello.elf
configparams force-mem-access 0
----------------End of Script----------------

23:32:39 INFO  : Memory regions updated for context APU
23:32:39 INFO  : Context for processor 'ps7_cortexa9_0' is selected.
23:32:39 INFO  : 'con' command is executed.
23:32:39 INFO  : ----------------XSDB Script (After Launch)----------------
targets -set -nocase -filter {name =~ "ARM*#0" && jtag_cable_name =~ "Digilent Zed 210248657754"} -index 0
con
----------------End of Script----------------

23:32:39 INFO  : Launch script is exported to file 'F:\work\zynq_work2020\Zedboard_lab2020\oled\oled.sdk\.sdk\launch_scripts\xilinx_c-c++_application_(system_debugger)\system_debugger_using_debug_hello.elf_on_local.tcl'
23:37:11 INFO  : Disconnected from the channel tcfchan#12.
23:37:30 INFO  : 'targets -set -filter {jtag_cable_name =~ "Digilent Zed 210248657754" && level==0} -index 1' command is executed.
23:37:30 INFO  : 'fpga -state' command is executed.
23:37:31 INFO  : Connected to target on host '127.0.0.1' and port '3121'.
23:37:33 INFO  : 'targets -set -filter {jtag_cable_name =~ "Digilent Zed 210248657754" && level==0} -index 1' command is executed.
23:37:34 INFO  : 'fpga -state' command is executed.
23:37:34 INFO  : Connected to target on host '127.0.0.1' and port '3121'.
23:37:34 INFO  : Jtag cable 'Digilent Zed 210248657754' is selected.
23:37:34 INFO  : 'jtag frequency' command is executed.
23:37:34 INFO  : Sourcing of 'F:/work/zynq_work2020/Zedboard_lab2020/oled/oled.sdk/system_wrapper_hw_platform_0/ps7_init.tcl' is done.
23:37:34 INFO  : Context for 'APU' is selected.
23:37:34 INFO  : 'targets -set -filter {jtag_cable_name =~ "Digilent Zed 210248657754" && level==0} -index 1' command is executed.
23:37:40 INFO  : Hardware design information is loaded from 'F:/work/zynq_work2020/Zedboard_lab2020/oled/oled.sdk/system_wrapper_hw_platform_0/system.hdf'.
23:37:40 INFO  : 'fpga -state' command is executed.
23:37:40 INFO  : 'configparams force-mem-access 1' command is executed.
23:37:40 INFO  : Connected to target on host '127.0.0.1' and port '3121'.
23:37:40 INFO  : Context for 'APU' is selected.
23:37:40 INFO  : 'stop' command is executed.
23:37:42 INFO  : 'ps7_init' command is executed.
23:37:42 INFO  : 'targets -set -filter {jtag_cable_name =~ "Digilent Zed 210248657754" && level==0} -index 1' command is executed.
23:37:42 INFO  : 'targets -set -filter {jtag_cable_name =~ "Digilent Zed 210248657754" && level==0} -index 1' command is executed.
23:37:42 ERROR : Context does not support memory read. Unsupported command
23:37:42 INFO  : ----------------XSDB Script----------------
connect -url tcp:127.0.0.1:3121
source F:/work/zynq_work2020/Zedboard_lab2020/oled/oled.sdk/system_wrapper_hw_platform_0/ps7_init.tcl
targets -set -nocase -filter {name =~"APU*" && jtag_cable_name =~ "Digilent Zed 210248657754"} -index 0
loadhw -hw F:/work/zynq_work2020/Zedboard_lab2020/oled/oled.sdk/system_wrapper_hw_platform_0/system.hdf -mem-ranges [list {0x40000000 0xbfffffff}]
configparams force-mem-access 1
targets -set -nocase -filter {name =~"APU*" && jtag_cable_name =~ "Digilent Zed 210248657754"} -index 0
stop
ps7_init
ps7_post_config
----------------End of Script----------------

23:37:42 INFO  : 'fpga -state' command is executed.
23:37:42 INFO  : 'fpga -state' command is executed.
23:37:42 INFO  : Connected to target on host '127.0.0.1' and port '3121'.
23:37:42 INFO  : Connected to target on host '127.0.0.1' and port '3121'.
23:37:42 INFO  : Jtag cable 'Digilent Zed 210248657754' is selected.
23:37:43 INFO  : 'jtag frequency' command is executed.
23:37:43 INFO  : Sourcing of 'F:/work/zynq_work2020/Zedboard_lab2020/oled/oled.sdk/system_wrapper_hw_platform_0/ps7_init.tcl' is done.
23:37:43 INFO  : Context for 'APU' is selected.
23:37:43 INFO  : Hardware design information is loaded from 'F:/work/zynq_work2020/Zedboard_lab2020/oled/oled.sdk/system_wrapper_hw_platform_0/system.hdf'.
23:37:43 INFO  : 'configparams force-mem-access 1' command is executed.
23:37:43 INFO  : Jtag cable 'Digilent Zed 210248657754' is selected.
23:37:43 INFO  : Context for 'APU' is selected.
23:37:44 INFO  : 'jtag frequency' command is executed.
23:37:44 INFO  : 'stop' command is executed.
23:37:44 INFO  : Sourcing of 'F:/work/zynq_work2020/Zedboard_lab2020/oled/oled.sdk/system_wrapper_hw_platform_0/ps7_init.tcl' is done.
23:37:44 INFO  : 'ps7_init' command is executed.
23:37:44 INFO  : Context for 'APU' is selected.
23:37:44 INFO  : 'ps7_post_config' command is executed.
23:37:45 INFO  : Hardware design information is loaded from 'F:/work/zynq_work2020/Zedboard_lab2020/oled/oled.sdk/system_wrapper_hw_platform_0/system.hdf'.
23:37:45 INFO  : Context for processor 'ps7_cortexa9_0' is selected.
23:37:45 INFO  : 'configparams force-mem-access 1' command is executed.
23:37:45 INFO  : Processor reset is completed for 'ps7_cortexa9_0'.
23:37:45 INFO  : Jtag cable 'Digilent Zed 210248657754' is selected.
23:37:45 INFO  : Jtag cable 'Digilent Zed 210248657754' is selected.
23:37:45 INFO  : Context for 'APU' is selected.
23:37:45 INFO  : Context for processor 'ps7_cortexa9_0' is selected.
23:37:45 INFO  : 'jtag frequency' command is executed.
23:37:45 INFO  : 'jtag frequency' command is executed.
23:37:45 ERROR : Already stopped
23:37:45 INFO  : ----------------XSDB Script----------------
connect -url tcp:127.0.0.1:3121
source F:/work/zynq_work2020/Zedboard_lab2020/oled/oled.sdk/system_wrapper_hw_platform_0/ps7_init.tcl
targets -set -nocase -filter {name =~"APU*" && jtag_cable_name =~ "Digilent Zed 210248657754"} -index 0
loadhw -hw F:/work/zynq_work2020/Zedboard_lab2020/oled/oled.sdk/system_wrapper_hw_platform_0/system.hdf -mem-ranges [list {0x40000000 0xbfffffff}]
configparams force-mem-access 1
targets -set -nocase -filter {name =~"APU*" && jtag_cable_name =~ "Digilent Zed 210248657754"} -index 0
stop
----------------End of Script----------------

23:37:45 INFO  : The application 'F:/work/zynq_work2020/Zedboard_lab2020/oled/oled.sdk/hello/Debug/hello.elf' is downloaded to processor 'ps7_cortexa9_0'.
23:37:45 INFO  : Sourcing of 'F:/work/zynq_work2020/Zedboard_lab2020/oled/oled.sdk/system_wrapper_hw_platform_0/ps7_init.tcl' is done.
23:37:45 INFO  : Sourcing of 'F:/work/zynq_work2020/Zedboard_lab2020/oled/oled.sdk/system_wrapper_hw_platform_0/ps7_init.tcl' is done.
23:37:45 INFO  : 'configparams force-mem-access 0' command is executed.
23:37:45 INFO  : ----------------XSDB Script----------------
connect -url tcp:127.0.0.1:3121
source F:/work/zynq_work2020/Zedboard_lab2020/oled/oled.sdk/system_wrapper_hw_platform_0/ps7_init.tcl
targets -set -nocase -filter {name =~"APU*" && jtag_cable_name =~ "Digilent Zed 210248657754"} -index 0
loadhw -hw F:/work/zynq_work2020/Zedboard_lab2020/oled/oled.sdk/system_wrapper_hw_platform_0/system.hdf -mem-ranges [list {0x40000000 0xbfffffff}]
configparams force-mem-access 1
targets -set -nocase -filter {name =~"APU*" && jtag_cable_name =~ "Digilent Zed 210248657754"} -index 0
stop
ps7_init
ps7_post_config
targets -set -nocase -filter {name =~ "ARM*#0" && jtag_cable_name =~ "Digilent Zed 210248657754"} -index 0
rst -processor
targets -set -nocase -filter {name =~ "ARM*#0" && jtag_cable_name =~ "Digilent Zed 210248657754"} -index 0
dow F:/work/zynq_work2020/Zedboard_lab2020/oled/oled.sdk/hello/Debug/hello.elf
configparams force-mem-access 0
----------------End of Script----------------

23:37:45 INFO  : Context for 'APU' is selected.
23:37:45 INFO  : Context for 'APU' is selected.
23:37:45 INFO  : Hardware design information is loaded from 'F:/work/zynq_work2020/Zedboard_lab2020/oled/oled.sdk/system_wrapper_hw_platform_0/system.hdf'.
23:37:45 INFO  : Memory regions updated for context APU
23:37:45 INFO  : Hardware design information is loaded from 'F:/work/zynq_work2020/Zedboard_lab2020/oled/oled.sdk/system_wrapper_hw_platform_0/system.hdf'.
23:37:46 INFO  : 'configparams force-mem-access 1' command is executed.
23:37:46 INFO  : 'configparams force-mem-access 1' command is executed.
23:37:46 INFO  : Context for processor 'ps7_cortexa9_0' is selected.
23:37:46 INFO  : Context for 'APU' is selected.
23:37:46 INFO  : Context for 'APU' is selected.
23:37:46 INFO  : 'con' command is executed.
23:37:46 INFO  : ----------------XSDB Script (After Launch)----------------
targets -set -nocase -filter {name =~ "ARM*#0" && jtag_cable_name =~ "Digilent Zed 210248657754"} -index 0
con
----------------End of Script----------------

23:37:46 INFO  : Launch script is exported to file 'F:\work\zynq_work2020\Zedboard_lab2020\oled\oled.sdk\.sdk\launch_scripts\xilinx_c-c++_application_(system_debugger)\system_debugger_using_debug_hello.elf_on_local.tcl'
23:37:46 INFO  : 'stop' command is executed.
23:37:46 INFO  : 'stop' command is executed.
23:37:46 INFO  : 'ps7_init' command is executed.
23:37:47 INFO  : 'ps7_init' command is executed.
23:37:47 INFO  : 'ps7_post_config' command is executed.
23:37:47 INFO  : 'ps7_post_config' command is executed.
23:37:47 INFO  : Context for processor 'ps7_cortexa9_0' is selected.
23:37:47 INFO  : Context for processor 'ps7_cortexa9_0' is selected.
23:37:47 INFO  : Processor reset is completed for 'ps7_cortexa9_0'.
23:37:47 INFO  : Processor reset is completed for 'ps7_cortexa9_0'.
23:37:47 INFO  : Context for processor 'ps7_cortexa9_0' is selected.
23:37:47 INFO  : Context for processor 'ps7_cortexa9_0' is selected.
23:37:47 INFO  : The application 'F:/work/zynq_work2020/Zedboard_lab2020/oled/oled.sdk/hello/Debug/hello.elf' is downloaded to processor 'ps7_cortexa9_0'.
23:37:48 INFO  : The application 'F:/work/zynq_work2020/Zedboard_lab2020/oled/oled.sdk/hello/Debug/hello.elf' is downloaded to processor 'ps7_cortexa9_0'.
23:37:48 INFO  : 'configparams force-mem-access 0' command is executed.
23:37:48 INFO  : ----------------XSDB Script----------------
connect -url tcp:127.0.0.1:3121
source F:/work/zynq_work2020/Zedboard_lab2020/oled/oled.sdk/system_wrapper_hw_platform_0/ps7_init.tcl
targets -set -nocase -filter {name =~"APU*" && jtag_cable_name =~ "Digilent Zed 210248657754"} -index 0
loadhw -hw F:/work/zynq_work2020/Zedboard_lab2020/oled/oled.sdk/system_wrapper_hw_platform_0/system.hdf -mem-ranges [list {0x40000000 0xbfffffff}]
configparams force-mem-access 1
targets -set -nocase -filter {name =~"APU*" && jtag_cable_name =~ "Digilent Zed 210248657754"} -index 0
stop
ps7_init
ps7_post_config
targets -set -nocase -filter {name =~ "ARM*#0" && jtag_cable_name =~ "Digilent Zed 210248657754"} -index 0
rst -processor
targets -set -nocase -filter {name =~ "ARM*#0" && jtag_cable_name =~ "Digilent Zed 210248657754"} -index 0
dow F:/work/zynq_work2020/Zedboard_lab2020/oled/oled.sdk/hello/Debug/hello.elf
configparams force-mem-access 0
----------------End of Script----------------

23:37:48 INFO  : 'configparams force-mem-access 0' command is executed.
23:37:48 INFO  : ----------------XSDB Script----------------
connect -url tcp:127.0.0.1:3121
source F:/work/zynq_work2020/Zedboard_lab2020/oled/oled.sdk/system_wrapper_hw_platform_0/ps7_init.tcl
targets -set -nocase -filter {name =~"APU*" && jtag_cable_name =~ "Digilent Zed 210248657754"} -index 0
loadhw -hw F:/work/zynq_work2020/Zedboard_lab2020/oled/oled.sdk/system_wrapper_hw_platform_0/system.hdf -mem-ranges [list {0x40000000 0xbfffffff}]
configparams force-mem-access 1
targets -set -nocase -filter {name =~"APU*" && jtag_cable_name =~ "Digilent Zed 210248657754"} -index 0
stop
ps7_init
ps7_post_config
targets -set -nocase -filter {name =~ "ARM*#0" && jtag_cable_name =~ "Digilent Zed 210248657754"} -index 0
rst -processor
targets -set -nocase -filter {name =~ "ARM*#0" && jtag_cable_name =~ "Digilent Zed 210248657754"} -index 0
dow F:/work/zynq_work2020/Zedboard_lab2020/oled/oled.sdk/hello/Debug/hello.elf
configparams force-mem-access 0
----------------End of Script----------------

23:37:48 INFO  : Memory regions updated for context APU
23:37:48 INFO  : Memory regions updated for context APU
23:37:48 INFO  : Context for processor 'ps7_cortexa9_0' is selected.
23:37:48 INFO  : Context for processor 'ps7_cortexa9_0' is selected.
23:37:48 INFO  : 'con' command is executed.
23:37:48 INFO  : ----------------XSDB Script (After Launch)----------------
targets -set -nocase -filter {name =~ "ARM*#0" && jtag_cable_name =~ "Digilent Zed 210248657754"} -index 0
con
----------------End of Script----------------

23:37:48 INFO  : Launch script is exported to file 'F:\work\zynq_work2020\Zedboard_lab2020\oled\oled.sdk\.sdk\launch_scripts\xilinx_c-c++_application_(system_debugger)\system_debugger_using_debug_hello.elf_on_local.tcl'
23:37:48 ERROR : Already running
23:41:29 INFO  : Registering command handlers for SDK TCF services
23:41:30 INFO  : Launching XSCT server: xsct.bat -interactive F:\work\zynq_work2020\Zedboard_lab2020\oled\oled.sdk\temp_xsdb_launch_script.tcl
23:41:35 INFO  : XSCT server has started successfully.
23:41:38 INFO  : Processing command line option -hwspec F:/work/zynq_work2020/Zedboard_lab2020/oled/oled.sdk/system_wrapper.hdf.
23:41:38 INFO  : Successfully done setting XSCT server connection channel  
23:41:44 INFO  : Successfully done setting SDK workspace  
23:41:44 INFO  : Checking for hwspec changes in the project system_wrapper_hw_platform_0.
23:41:58 INFO  : 'targets -set -filter {jtag_cable_name =~ "Digilent Zed 210248657754" && level==0} -index 1' command is executed.
23:41:58 INFO  : 'fpga -state' command is executed.
23:41:58 INFO  : Connected to target on host '127.0.0.1' and port '3121'.
23:41:59 INFO  : Jtag cable 'Digilent Zed 210248657754' is selected.
23:41:59 INFO  : 'jtag frequency' command is executed.
23:41:59 INFO  : Sourcing of 'F:/work/zynq_work2020/Zedboard_lab2020/oled/oled.sdk/system_wrapper_hw_platform_0/ps7_init.tcl' is done.
23:41:59 INFO  : Context for 'APU' is selected.
23:41:59 INFO  : Hardware design information is loaded from 'F:/work/zynq_work2020/Zedboard_lab2020/oled/oled.sdk/system_wrapper_hw_platform_0/system.hdf'.
23:41:59 INFO  : 'configparams force-mem-access 1' command is executed.
23:41:59 INFO  : Context for 'APU' is selected.
23:41:59 INFO  : 'stop' command is executed.
23:42:00 INFO  : 'ps7_init' command is executed.
23:42:00 INFO  : 'ps7_post_config' command is executed.
23:42:00 INFO  : Context for processor 'ps7_cortexa9_0' is selected.
23:42:00 INFO  : Processor reset is completed for 'ps7_cortexa9_0'.
23:42:00 INFO  : Context for processor 'ps7_cortexa9_0' is selected.
23:42:00 INFO  : The application 'F:/work/zynq_work2020/Zedboard_lab2020/oled/oled.sdk/hello/Debug/hello.elf' is downloaded to processor 'ps7_cortexa9_0'.
23:42:00 INFO  : 'configparams force-mem-access 0' command is executed.
23:42:00 INFO  : ----------------XSDB Script----------------
connect -url tcp:127.0.0.1:3121
source F:/work/zynq_work2020/Zedboard_lab2020/oled/oled.sdk/system_wrapper_hw_platform_0/ps7_init.tcl
targets -set -nocase -filter {name =~"APU*" && jtag_cable_name =~ "Digilent Zed 210248657754"} -index 0
loadhw -hw F:/work/zynq_work2020/Zedboard_lab2020/oled/oled.sdk/system_wrapper_hw_platform_0/system.hdf -mem-ranges [list {0x40000000 0xbfffffff}]
configparams force-mem-access 1
targets -set -nocase -filter {name =~"APU*" && jtag_cable_name =~ "Digilent Zed 210248657754"} -index 0
stop
ps7_init
ps7_post_config
targets -set -nocase -filter {name =~ "ARM*#0" && jtag_cable_name =~ "Digilent Zed 210248657754"} -index 0
rst -processor
targets -set -nocase -filter {name =~ "ARM*#0" && jtag_cable_name =~ "Digilent Zed 210248657754"} -index 0
dow F:/work/zynq_work2020/Zedboard_lab2020/oled/oled.sdk/hello/Debug/hello.elf
configparams force-mem-access 0
----------------End of Script----------------

23:42:00 INFO  : Memory regions updated for context APU
23:42:01 INFO  : Context for processor 'ps7_cortexa9_0' is selected.
23:42:01 INFO  : 'con' command is executed.
23:42:01 INFO  : ----------------XSDB Script (After Launch)----------------
targets -set -nocase -filter {name =~ "ARM*#0" && jtag_cable_name =~ "Digilent Zed 210248657754"} -index 0
con
----------------End of Script----------------

23:42:01 INFO  : Launch script is exported to file 'F:\work\zynq_work2020\Zedboard_lab2020\oled\oled.sdk\.sdk\launch_scripts\xilinx_c-c++_application_(system_debugger)\system_debugger_using_debug_hello.elf_on_local.tcl'
23:53:50 INFO  : Disconnected from the channel tcfchan#1.
