
*** Running vivado
    with args -log system_oled_0_0.vds -m64 -product Vivado -mode batch -messageDb vivado.pb -notrace -source system_oled_0_0.tcl


****** Vivado v2018.2 (64-bit)
  **** SW Build 2258646 on Thu Jun 14 20:03:12 MDT 2018
  **** IP Build 2256618 on Thu Jun 14 22:10:49 MDT 2018
    ** Copyright 1986-2018 Xilinx, Inc. All Rights Reserved.

source system_oled_0_0.tcl -notrace
Command: synth_design -top system_oled_0_0 -part xc7z020clg484-1 -mode out_of_context
Starting synth_design
Attempting to get a license for feature 'Synthesis' and/or device 'xc7z020'
INFO: [Common 17-349] Got license for feature 'Synthesis' and/or device 'xc7z020'
INFO: Launching helper process for spawning children vivado processes
INFO: Helper process launched with PID 10232 
---------------------------------------------------------------------------------
Starting RTL Elaboration : Time (s): cpu = 00:00:03 ; elapsed = 00:00:04 . Memory (MB): peak = 381.043 ; gain = 98.742
---------------------------------------------------------------------------------
INFO: [Synth 8-6157] synthesizing module 'system_oled_0_0' [f:/work/zynq_work2020/Zedboard_lab2020/audio/audio.srcs/sources_1/bd/system/ip/system_oled_0_0/synth/system_oled_0_0.v:57]
INFO: [Synth 8-6157] synthesizing module 'oled_v1_0' [f:/work/zynq_work2020/Zedboard_lab2020/audio/audio.srcs/sources_1/bd/system/ipshared/7e17/hdl/oled_v1_0.v:4]
	Parameter C_S00_AXI_DATA_WIDTH bound to: 32 - type: integer 
	Parameter C_S00_AXI_ADDR_WIDTH bound to: 4 - type: integer 
INFO: [Synth 8-6157] synthesizing module 'oled_v1_0_S00_AXI' [f:/work/zynq_work2020/Zedboard_lab2020/audio/audio.srcs/sources_1/bd/system/ipshared/7e17/hdl/oled_v1_0_S00_AXI.v:4]
	Parameter C_S_AXI_DATA_WIDTH bound to: 32 - type: integer 
	Parameter C_S_AXI_ADDR_WIDTH bound to: 4 - type: integer 
	Parameter ADDR_LSB bound to: 2 - type: integer 
	Parameter OPT_MEM_ADDR_BITS bound to: 1 - type: integer 
INFO: [Synth 8-226] default block is never used [f:/work/zynq_work2020/Zedboard_lab2020/audio/audio.srcs/sources_1/bd/system/ipshared/7e17/hdl/oled_v1_0_S00_AXI.v:231]
INFO: [Synth 8-226] default block is never used [f:/work/zynq_work2020/Zedboard_lab2020/audio/audio.srcs/sources_1/bd/system/ipshared/7e17/hdl/oled_v1_0_S00_AXI.v:372]
INFO: [Synth 8-6155] done synthesizing module 'oled_v1_0_S00_AXI' (1#1) [f:/work/zynq_work2020/Zedboard_lab2020/audio/audio.srcs/sources_1/bd/system/ipshared/7e17/hdl/oled_v1_0_S00_AXI.v:4]
INFO: [Synth 8-6155] done synthesizing module 'oled_v1_0' (2#1) [f:/work/zynq_work2020/Zedboard_lab2020/audio/audio.srcs/sources_1/bd/system/ipshared/7e17/hdl/oled_v1_0.v:4]
INFO: [Synth 8-6155] done synthesizing module 'system_oled_0_0' (3#1) [f:/work/zynq_work2020/Zedboard_lab2020/audio/audio.srcs/sources_1/bd/system/ip/system_oled_0_0/synth/system_oled_0_0.v:57]
WARNING: [Synth 8-3331] design oled_v1_0_S00_AXI has unconnected port S_AXI_AWPROT[2]
WARNING: [Synth 8-3331] design oled_v1_0_S00_AXI has unconnected port S_AXI_AWPROT[1]
WARNING: [Synth 8-3331] design oled_v1_0_S00_AXI has unconnected port S_AXI_AWPROT[0]
WARNING: [Synth 8-3331] design oled_v1_0_S00_AXI has unconnected port S_AXI_ARPROT[2]
WARNING: [Synth 8-3331] design oled_v1_0_S00_AXI has unconnected port S_AXI_ARPROT[1]
WARNING: [Synth 8-3331] design oled_v1_0_S00_AXI has unconnected port S_AXI_ARPROT[0]
---------------------------------------------------------------------------------
Finished RTL Elaboration : Time (s): cpu = 00:00:04 ; elapsed = 00:00:05 . Memory (MB): peak = 437.113 ; gain = 154.813
---------------------------------------------------------------------------------

Report Check Netlist: 
+------+------------------+-------+---------+-------+------------------+
|      |Item              |Errors |Warnings |Status |Description       |
+------+------------------+-------+---------+-------+------------------+
|1     |multi_driven_nets |      0|        0|Passed |Multi driven nets |
+------+------------------+-------+---------+-------+------------------+
---------------------------------------------------------------------------------
Start Handling Custom Attributes
---------------------------------------------------------------------------------
---------------------------------------------------------------------------------
Finished Handling Custom Attributes : Time (s): cpu = 00:00:04 ; elapsed = 00:00:06 . Memory (MB): peak = 437.113 ; gain = 154.813
---------------------------------------------------------------------------------
---------------------------------------------------------------------------------
Finished RTL Optimization Phase 1 : Time (s): cpu = 00:00:04 ; elapsed = 00:00:06 . Memory (MB): peak = 437.113 ; gain = 154.813
---------------------------------------------------------------------------------
INFO: [Device 21-403] Loading part xc7z020clg484-1
INFO: [Project 1-570] Preparing netlist for logic optimization

Processing XDC Constraints
Initializing timing engine
Completed Processing XDC Constraints

INFO: [Project 1-111] Unisim Transformation Summary:
No Unisim elements were transformed.

WARNING: [Constraints 18-5210] No constraint will be written out.
Constraint Validation Runtime : Time (s): cpu = 00:00:00 ; elapsed = 00:00:00.110 . Memory (MB): peak = 784.098 ; gain = 1.641
---------------------------------------------------------------------------------
Finished Constraint Validation : Time (s): cpu = 00:00:15 ; elapsed = 00:00:21 . Memory (MB): peak = 784.098 ; gain = 501.797
---------------------------------------------------------------------------------
---------------------------------------------------------------------------------
Start Loading Part and Timing Information
---------------------------------------------------------------------------------
Loading part: xc7z020clg484-1
---------------------------------------------------------------------------------
Finished Loading Part and Timing Information : Time (s): cpu = 00:00:15 ; elapsed = 00:00:21 . Memory (MB): peak = 784.098 ; gain = 501.797
---------------------------------------------------------------------------------
---------------------------------------------------------------------------------
Start Applying 'set_property' XDC Constraints
---------------------------------------------------------------------------------
---------------------------------------------------------------------------------
Finished applying 'set_property' XDC Constraints : Time (s): cpu = 00:00:15 ; elapsed = 00:00:21 . Memory (MB): peak = 784.098 ; gain = 501.797
---------------------------------------------------------------------------------
---------------------------------------------------------------------------------
Finished RTL Optimization Phase 2 : Time (s): cpu = 00:00:15 ; elapsed = 00:00:21 . Memory (MB): peak = 784.098 ; gain = 501.797
---------------------------------------------------------------------------------

Report RTL Partitions: 
+-+--------------+------------+----------+
| |RTL Partition |Replication |Instances |
+-+--------------+------------+----------+
+-+--------------+------------+----------+
---------------------------------------------------------------------------------
Start RTL Component Statistics 
---------------------------------------------------------------------------------
Detailed RTL Component Info : 
+---Registers : 
	               32 Bit    Registers := 5     
	                4 Bit    Registers := 2     
	                2 Bit    Registers := 2     
	                1 Bit    Registers := 6     
+---Muxes : 
	   2 Input     32 Bit        Muxes := 4     
	   4 Input     32 Bit        Muxes := 5     
	   2 Input      1 Bit        Muxes := 5     
---------------------------------------------------------------------------------
Finished RTL Component Statistics 
---------------------------------------------------------------------------------
---------------------------------------------------------------------------------
Start RTL Hierarchical Component Statistics 
---------------------------------------------------------------------------------
Hierarchical RTL Component report 
Module oled_v1_0_S00_AXI 
Detailed RTL Component Info : 
+---Registers : 
	               32 Bit    Registers := 5     
	                4 Bit    Registers := 2     
	                2 Bit    Registers := 2     
	                1 Bit    Registers := 6     
+---Muxes : 
	   2 Input     32 Bit        Muxes := 4     
	   4 Input     32 Bit        Muxes := 5     
	   2 Input      1 Bit        Muxes := 5     
---------------------------------------------------------------------------------
Finished RTL Hierarchical Component Statistics
---------------------------------------------------------------------------------
---------------------------------------------------------------------------------
Start Part Resource Summary
---------------------------------------------------------------------------------
Part Resources:
DSPs: 220 (col length:60)
BRAMs: 280 (col length: RAMB18 60 RAMB36 30)
---------------------------------------------------------------------------------
Finished Part Resource Summary
---------------------------------------------------------------------------------
---------------------------------------------------------------------------------
Start Cross Boundary and Area Optimization
---------------------------------------------------------------------------------
Warning: Parallel synthesis criteria is not met 
WARNING: [Synth 8-3331] design system_oled_0_0 has unconnected port s00_axi_awprot[2]
WARNING: [Synth 8-3331] design system_oled_0_0 has unconnected port s00_axi_awprot[1]
WARNING: [Synth 8-3331] design system_oled_0_0 has unconnected port s00_axi_awprot[0]
WARNING: [Synth 8-3331] design system_oled_0_0 has unconnected port s00_axi_arprot[2]
WARNING: [Synth 8-3331] design system_oled_0_0 has unconnected port s00_axi_arprot[1]
WARNING: [Synth 8-3331] design system_oled_0_0 has unconnected port s00_axi_arprot[0]
INFO: [Synth 8-3886] merging instance 'inst/oled_v1_0_S00_AXI_inst/axi_rresp_reg[0]' (FDRE) to 'inst/oled_v1_0_S00_AXI_inst/axi_rresp_reg[1]'
INFO: [Synth 8-3333] propagating constant 0 across sequential element (\inst/oled_v1_0_S00_AXI_inst/axi_rresp_reg[1] )
INFO: [Synth 8-3886] merging instance 'inst/oled_v1_0_S00_AXI_inst/axi_bresp_reg[0]' (FDRE) to 'inst/oled_v1_0_S00_AXI_inst/axi_bresp_reg[1]'
INFO: [Synth 8-3333] propagating constant 0 across sequential element (\inst/oled_v1_0_S00_AXI_inst/axi_bresp_reg[1] )
INFO: [Synth 8-3332] Sequential element (inst/oled_v1_0_S00_AXI_inst/axi_awaddr_reg[1]) is unused and will be removed from module system_oled_0_0.
INFO: [Synth 8-3332] Sequential element (inst/oled_v1_0_S00_AXI_inst/axi_awaddr_reg[0]) is unused and will be removed from module system_oled_0_0.
INFO: [Synth 8-3332] Sequential element (inst/oled_v1_0_S00_AXI_inst/axi_bresp_reg[1]) is unused and will be removed from module system_oled_0_0.
INFO: [Synth 8-3332] Sequential element (inst/oled_v1_0_S00_AXI_inst/axi_araddr_reg[1]) is unused and will be removed from module system_oled_0_0.
INFO: [Synth 8-3332] Sequential element (inst/oled_v1_0_S00_AXI_inst/axi_araddr_reg[0]) is unused and will be removed from module system_oled_0_0.
INFO: [Synth 8-3332] Sequential element (inst/oled_v1_0_S00_AXI_inst/axi_rresp_reg[1]) is unused and will be removed from module system_oled_0_0.
---------------------------------------------------------------------------------
Finished Cross Boundary and Area Optimization : Time (s): cpu = 00:00:16 ; elapsed = 00:00:22 . Memory (MB): peak = 784.098 ; gain = 501.797
---------------------------------------------------------------------------------

Report RTL Partitions: 
+-+--------------+------------+----------+
| |RTL Partition |Replication |Instances |
+-+--------------+------------+----------+
+-+--------------+------------+----------+
---------------------------------------------------------------------------------
Start Applying XDC Timing Constraints
---------------------------------------------------------------------------------
---------------------------------------------------------------------------------
Finished Applying XDC Timing Constraints : Time (s): cpu = 00:00:26 ; elapsed = 00:00:35 . Memory (MB): peak = 784.098 ; gain = 501.797
---------------------------------------------------------------------------------
---------------------------------------------------------------------------------
Start Timing Optimization
---------------------------------------------------------------------------------
---------------------------------------------------------------------------------
Finished Timing Optimization : Time (s): cpu = 00:00:26 ; elapsed = 00:00:35 . Memory (MB): peak = 784.098 ; gain = 501.797
---------------------------------------------------------------------------------

Report RTL Partitions: 
+-+--------------+------------+----------+
| |RTL Partition |Replication |Instances |
+-+--------------+------------+----------+
+-+--------------+------------+----------+
---------------------------------------------------------------------------------
Start Technology Mapping
---------------------------------------------------------------------------------
---------------------------------------------------------------------------------
Finished Technology Mapping : Time (s): cpu = 00:00:26 ; elapsed = 00:00:35 . Memory (MB): peak = 794.160 ; gain = 511.859
---------------------------------------------------------------------------------

Report RTL Partitions: 
+-+--------------+------------+----------+
| |RTL Partition |Replication |Instances |
+-+--------------+------------+----------+
+-+--------------+------------+----------+
---------------------------------------------------------------------------------
Start IO Insertion
---------------------------------------------------------------------------------
---------------------------------------------------------------------------------
Start Flattening Before IO Insertion
---------------------------------------------------------------------------------
---------------------------------------------------------------------------------
Finished Flattening Before IO Insertion
---------------------------------------------------------------------------------
---------------------------------------------------------------------------------
Start Final Netlist Cleanup
---------------------------------------------------------------------------------
---------------------------------------------------------------------------------
Finished Final Netlist Cleanup
---------------------------------------------------------------------------------
---------------------------------------------------------------------------------
Finished IO Insertion : Time (s): cpu = 00:00:27 ; elapsed = 00:00:36 . Memory (MB): peak = 794.160 ; gain = 511.859
---------------------------------------------------------------------------------

Report Check Netlist: 
+------+------------------+-------+---------+-------+------------------+
|      |Item              |Errors |Warnings |Status |Description       |
+------+------------------+-------+---------+-------+------------------+
|1     |multi_driven_nets |      0|        0|Passed |Multi driven nets |
+------+------------------+-------+---------+-------+------------------+
---------------------------------------------------------------------------------
Start Renaming Generated Instances
---------------------------------------------------------------------------------
---------------------------------------------------------------------------------
Finished Renaming Generated Instances : Time (s): cpu = 00:00:27 ; elapsed = 00:00:36 . Memory (MB): peak = 794.160 ; gain = 511.859
---------------------------------------------------------------------------------

Report RTL Partitions: 
+-+--------------+------------+----------+
| |RTL Partition |Replication |Instances |
+-+--------------+------------+----------+
+-+--------------+------------+----------+
---------------------------------------------------------------------------------
Start Rebuilding User Hierarchy
---------------------------------------------------------------------------------
---------------------------------------------------------------------------------
Finished Rebuilding User Hierarchy : Time (s): cpu = 00:00:27 ; elapsed = 00:00:36 . Memory (MB): peak = 794.160 ; gain = 511.859
---------------------------------------------------------------------------------
---------------------------------------------------------------------------------
Start Renaming Generated Ports
---------------------------------------------------------------------------------
---------------------------------------------------------------------------------
Finished Renaming Generated Ports : Time (s): cpu = 00:00:27 ; elapsed = 00:00:36 . Memory (MB): peak = 794.160 ; gain = 511.859
---------------------------------------------------------------------------------
---------------------------------------------------------------------------------
Start Handling Custom Attributes
---------------------------------------------------------------------------------
---------------------------------------------------------------------------------
Finished Handling Custom Attributes : Time (s): cpu = 00:00:27 ; elapsed = 00:00:36 . Memory (MB): peak = 794.160 ; gain = 511.859
---------------------------------------------------------------------------------
---------------------------------------------------------------------------------
Start Renaming Generated Nets
---------------------------------------------------------------------------------
---------------------------------------------------------------------------------
Finished Renaming Generated Nets : Time (s): cpu = 00:00:27 ; elapsed = 00:00:36 . Memory (MB): peak = 794.160 ; gain = 511.859
---------------------------------------------------------------------------------
---------------------------------------------------------------------------------
Start Writing Synthesis Report
---------------------------------------------------------------------------------

Report BlackBoxes: 
+-+--------------+----------+
| |BlackBox name |Instances |
+-+--------------+----------+
+-+--------------+----------+

Report Cell Usage: 
+------+-----+------+
|      |Cell |Count |
+------+-----+------+
|1     |LUT1 |     1|
|2     |LUT2 |     1|
|3     |LUT3 |     1|
|4     |LUT4 |    22|
|5     |LUT6 |    36|
|6     |FDRE |   169|
|7     |FDSE |     1|
+------+-----+------+

Report Instance Areas: 
+------+---------------------------+------------------+------+
|      |Instance                   |Module            |Cells |
+------+---------------------------+------------------+------+
|1     |top                        |                  |   231|
|2     |  inst                     |oled_v1_0         |   231|
|3     |    oled_v1_0_S00_AXI_inst |oled_v1_0_S00_AXI |   231|
+------+---------------------------+------------------+------+
---------------------------------------------------------------------------------
Finished Writing Synthesis Report : Time (s): cpu = 00:00:27 ; elapsed = 00:00:36 . Memory (MB): peak = 794.160 ; gain = 511.859
---------------------------------------------------------------------------------
Synthesis finished with 0 errors, 0 critical warnings and 6 warnings.
Synthesis Optimization Runtime : Time (s): cpu = 00:00:15 ; elapsed = 00:00:25 . Memory (MB): peak = 794.160 ; gain = 164.875
Synthesis Optimization Complete : Time (s): cpu = 00:00:27 ; elapsed = 00:00:36 . Memory (MB): peak = 794.160 ; gain = 511.859
INFO: [Project 1-571] Translating synthesized netlist
INFO: [Project 1-570] Preparing netlist for logic optimization
INFO: [Opt 31-138] Pushed 0 inverter(s) to 0 load pin(s).
INFO: [Project 1-111] Unisim Transformation Summary:
No Unisim elements were transformed.

INFO: [Common 17-83] Releasing license: Synthesis
27 Infos, 13 Warnings, 0 Critical Warnings and 0 Errors encountered.
synth_design completed successfully
synth_design: Time (s): cpu = 00:00:30 ; elapsed = 00:00:39 . Memory (MB): peak = 804.777 ; gain = 528.664
WARNING: [Constraints 18-5210] No constraint will be written out.
INFO: [Common 17-1381] The checkpoint 'F:/work/zynq_work2020/Zedboard_lab2020/audio/audio.runs/system_oled_0_0_synth_1/system_oled_0_0.dcp' has been generated.
INFO: [Coretcl 2-1482] Added synthesis output to IP cache for IP f:/work/zynq_work2020/Zedboard_lab2020/audio/audio.srcs/sources_1/bd/system/ip/system_oled_0_0/system_oled_0_0.xci
INFO: [Coretcl 2-1174] Renamed 2 cell refs.
WARNING: [Constraints 18-5210] No constraint will be written out.
INFO: [Common 17-1381] The checkpoint 'F:/work/zynq_work2020/Zedboard_lab2020/audio/audio.runs/system_oled_0_0_synth_1/system_oled_0_0.dcp' has been generated.
INFO: [runtcl-4] Executing : report_utilization -file system_oled_0_0_utilization_synth.rpt -pb system_oled_0_0_utilization_synth.pb
report_utilization: Time (s): cpu = 00:00:00 ; elapsed = 00:00:00.062 . Memory (MB): peak = 804.777 ; gain = 0.000
INFO: [Common 17-206] Exiting Vivado at Thu Jan 30 12:36:02 2020...
