
*** Running vivado
    with args -log system_trem_0_0.vds -m64 -product Vivado -mode batch -messageDb vivado.pb -notrace -source system_trem_0_0.tcl


****** Vivado v2018.2 (64-bit)
  **** SW Build 2258646 on Thu Jun 14 20:03:12 MDT 2018
  **** IP Build 2256618 on Thu Jun 14 22:10:49 MDT 2018
    ** Copyright 1986-2018 Xilinx, Inc. All Rights Reserved.

source system_trem_0_0.tcl -notrace
Command: synth_design -top system_trem_0_0 -part xc7z020clg484-1 -mode out_of_context
Starting synth_design
Attempting to get a license for feature 'Synthesis' and/or device 'xc7z020'
INFO: [Common 17-349] Got license for feature 'Synthesis' and/or device 'xc7z020'
INFO: Launching helper process for spawning children vivado processes
INFO: Helper process launched with PID 11104 
---------------------------------------------------------------------------------
Starting RTL Elaboration : Time (s): cpu = 00:00:02 ; elapsed = 00:00:04 . Memory (MB): peak = 382.238 ; gain = 100.793
---------------------------------------------------------------------------------
INFO: [Synth 8-638] synthesizing module 'system_trem_0_0' [f:/work/zynq_work2020/Zedboard_lab2020/audio/audio.srcs/sources_1/bd/system/ip/system_trem_0_0/synth/system_trem_0_0.vhd:70]
INFO: [Synth 8-3491] module 'trem' declared at 'f:/work/zynq_work2020/Zedboard_lab2020/audio/audio.srcs/sources_1/bd/system/ipshared/cf7a/sources_1/new/trem.vhd:13' bound to instance 'U0' of component 'trem' [f:/work/zynq_work2020/Zedboard_lab2020/audio/audio.srcs/sources_1/bd/system/ip/system_trem_0_0/synth/system_trem_0_0.vhd:93]
INFO: [Synth 8-638] synthesizing module 'trem' [f:/work/zynq_work2020/Zedboard_lab2020/audio/audio.srcs/sources_1/bd/system/ipshared/cf7a/sources_1/new/trem.vhd:26]
WARNING: [Synth 8-614] signal 'en' is read in the process but is not in the sensitivity list [f:/work/zynq_work2020/Zedboard_lab2020/audio/audio.srcs/sources_1/bd/system/ipshared/cf7a/sources_1/new/trem.vhd:131]
WARNING: [Synth 8-614] signal 'x' is read in the process but is not in the sensitivity list [f:/work/zynq_work2020/Zedboard_lab2020/audio/audio.srcs/sources_1/bd/system/ipshared/cf7a/sources_1/new/trem.vhd:131]
INFO: [Synth 8-256] done synthesizing module 'trem' (1#1) [f:/work/zynq_work2020/Zedboard_lab2020/audio/audio.srcs/sources_1/bd/system/ipshared/cf7a/sources_1/new/trem.vhd:26]
INFO: [Synth 8-256] done synthesizing module 'system_trem_0_0' (2#1) [f:/work/zynq_work2020/Zedboard_lab2020/audio/audio.srcs/sources_1/bd/system/ip/system_trem_0_0/synth/system_trem_0_0.vhd:70]
WARNING: [Synth 8-3331] design trem has unconnected port en[0]
WARNING: [Synth 8-3331] design trem has unconnected port en[1]
WARNING: [Synth 8-3331] design trem has unconnected port en[3]
---------------------------------------------------------------------------------
Finished RTL Elaboration : Time (s): cpu = 00:00:03 ; elapsed = 00:00:05 . Memory (MB): peak = 437.477 ; gain = 156.031
---------------------------------------------------------------------------------

Report Check Netlist: 
+------+------------------+-------+---------+-------+------------------+
|      |Item              |Errors |Warnings |Status |Description       |
+------+------------------+-------+---------+-------+------------------+
|1     |multi_driven_nets |      0|        0|Passed |Multi driven nets |
+------+------------------+-------+---------+-------+------------------+
---------------------------------------------------------------------------------
Start Handling Custom Attributes
---------------------------------------------------------------------------------
---------------------------------------------------------------------------------
Finished Handling Custom Attributes : Time (s): cpu = 00:00:04 ; elapsed = 00:00:05 . Memory (MB): peak = 437.477 ; gain = 156.031
---------------------------------------------------------------------------------
---------------------------------------------------------------------------------
Finished RTL Optimization Phase 1 : Time (s): cpu = 00:00:04 ; elapsed = 00:00:05 . Memory (MB): peak = 437.477 ; gain = 156.031
---------------------------------------------------------------------------------
INFO: [Device 21-403] Loading part xc7z020clg484-1
INFO: [Project 1-570] Preparing netlist for logic optimization

Processing XDC Constraints
Initializing timing engine
Completed Processing XDC Constraints

INFO: [Project 1-111] Unisim Transformation Summary:
No Unisim elements were transformed.

WARNING: [Constraints 18-5210] No constraint will be written out.
Constraint Validation Runtime : Time (s): cpu = 00:00:00 ; elapsed = 00:00:00.101 . Memory (MB): peak = 786.660 ; gain = 3.090
---------------------------------------------------------------------------------
Finished Constraint Validation : Time (s): cpu = 00:00:15 ; elapsed = 00:00:23 . Memory (MB): peak = 786.660 ; gain = 505.215
---------------------------------------------------------------------------------
---------------------------------------------------------------------------------
Start Loading Part and Timing Information
---------------------------------------------------------------------------------
Loading part: xc7z020clg484-1
---------------------------------------------------------------------------------
Finished Loading Part and Timing Information : Time (s): cpu = 00:00:15 ; elapsed = 00:00:23 . Memory (MB): peak = 786.660 ; gain = 505.215
---------------------------------------------------------------------------------
---------------------------------------------------------------------------------
Start Applying 'set_property' XDC Constraints
---------------------------------------------------------------------------------
---------------------------------------------------------------------------------
Finished applying 'set_property' XDC Constraints : Time (s): cpu = 00:00:15 ; elapsed = 00:00:23 . Memory (MB): peak = 786.660 ; gain = 505.215
---------------------------------------------------------------------------------
INFO: [Synth 8-5818] HDL ADVISOR - The operator resource <adder> is shared. To prevent sharing consider applying a KEEP on the output of the operator [f:/work/zynq_work2020/Zedboard_lab2020/audio/audio.srcs/sources_1/bd/system/ipshared/cf7a/sources_1/new/trem.vhd:61]
INFO: [Synth 8-5818] HDL ADVISOR - The operator resource <adder> is shared. To prevent sharing consider applying a KEEP on the output of the operator [f:/work/zynq_work2020/Zedboard_lab2020/audio/audio.srcs/sources_1/bd/system/ipshared/cf7a/sources_1/new/trem.vhd:82]
INFO: [Synth 8-5818] HDL ADVISOR - The operator resource <multiplier> is shared. To prevent sharing consider applying a KEEP on the output of the operator [f:/work/zynq_work2020/Zedboard_lab2020/audio/audio.srcs/sources_1/bd/system/ipshared/cf7a/sources_1/new/trem.vhd:141]
INFO: [Synth 8-5818] HDL ADVISOR - The operator resource <adder> is shared. To prevent sharing consider applying a KEEP on the output of the operator [f:/work/zynq_work2020/Zedboard_lab2020/audio/audio.srcs/sources_1/bd/system/ipshared/cf7a/sources_1/new/trem.vhd:103]
INFO: [Synth 8-5818] HDL ADVISOR - The operator resource <multiplier> is shared. To prevent sharing consider applying a KEEP on the output of the operator [f:/work/zynq_work2020/Zedboard_lab2020/audio/audio.srcs/sources_1/bd/system/ipshared/cf7a/sources_1/new/trem.vhd:146]
INFO: [Synth 8-5818] HDL ADVISOR - The operator resource <adder> is shared. To prevent sharing consider applying a KEEP on the output of the operator [f:/work/zynq_work2020/Zedboard_lab2020/audio/audio.srcs/sources_1/bd/system/ipshared/cf7a/sources_1/new/trem.vhd:124]
INFO: [Synth 8-5818] HDL ADVISOR - The operator resource <multiplier> is shared. To prevent sharing consider applying a KEEP on the output of the operator [f:/work/zynq_work2020/Zedboard_lab2020/audio/audio.srcs/sources_1/bd/system/ipshared/cf7a/sources_1/new/trem.vhd:151]
WARNING: [Synth 8-3936] Found unconnected internal register 'temp_vec_64_reg' and it is trimmed from '64' to '24' bits. [f:/work/zynq_work2020/Zedboard_lab2020/audio/audio.srcs/sources_1/bd/system/ipshared/cf7a/sources_1/new/trem.vhd:137]
INFO: [Synth 8-5545] ROM "direction" won't be mapped to RAM because address size (32) is larger than maximum supported(25)
INFO: [Synth 8-5545] ROM "direction" won't be mapped to RAM because address size (32) is larger than maximum supported(25)
INFO: [Synth 8-5545] ROM "direction_s2" won't be mapped to RAM because address size (32) is larger than maximum supported(25)
INFO: [Synth 8-5545] ROM "direction_s2" won't be mapped to RAM because address size (32) is larger than maximum supported(25)
INFO: [Synth 8-5545] ROM "direction_s4" won't be mapped to RAM because address size (32) is larger than maximum supported(25)
INFO: [Synth 8-5545] ROM "direction_s4" won't be mapped to RAM because address size (32) is larger than maximum supported(25)
INFO: [Synth 8-5545] ROM "direction_s6" won't be mapped to RAM because address size (32) is larger than maximum supported(25)
INFO: [Synth 8-5545] ROM "direction_s6" won't be mapped to RAM because address size (32) is larger than maximum supported(25)
INFO: [Synth 8-5845] Not enough pipeline registers after wide multiplier. Recommended levels of pipeline registers is 2 [f:/work/zynq_work2020/Zedboard_lab2020/audio/audio.srcs/sources_1/bd/system/ipshared/cf7a/sources_1/new/trem.vhd:137]
WARNING: [Synth 8-6014] Unused sequential element temp_vec_64_reg was removed.  [f:/work/zynq_work2020/Zedboard_lab2020/audio/audio.srcs/sources_1/bd/system/ipshared/cf7a/sources_1/new/trem.vhd:137]
WARNING: [Synth 8-327] inferring latch for variable 'direction_reg' [f:/work/zynq_work2020/Zedboard_lab2020/audio/audio.srcs/sources_1/bd/system/ipshared/cf7a/sources_1/new/trem.vhd:49]
WARNING: [Synth 8-327] inferring latch for variable 'direction_s6_reg' [f:/work/zynq_work2020/Zedboard_lab2020/audio/audio.srcs/sources_1/bd/system/ipshared/cf7a/sources_1/new/trem.vhd:112]
WARNING: [Synth 8-327] inferring latch for variable 'direction_s4_reg' [f:/work/zynq_work2020/Zedboard_lab2020/audio/audio.srcs/sources_1/bd/system/ipshared/cf7a/sources_1/new/trem.vhd:91]
WARNING: [Synth 8-327] inferring latch for variable 'direction_s2_reg' [f:/work/zynq_work2020/Zedboard_lab2020/audio/audio.srcs/sources_1/bd/system/ipshared/cf7a/sources_1/new/trem.vhd:70]
---------------------------------------------------------------------------------
Finished RTL Optimization Phase 2 : Time (s): cpu = 00:00:15 ; elapsed = 00:00:23 . Memory (MB): peak = 786.660 ; gain = 505.215
---------------------------------------------------------------------------------

Report RTL Partitions: 
+-+--------------+------------+----------+
| |RTL Partition |Replication |Instances |
+-+--------------+------------+----------+
+-+--------------+------------+----------+
---------------------------------------------------------------------------------
Start RTL Component Statistics 
---------------------------------------------------------------------------------
Detailed RTL Component Info : 
+---Registers : 
	               48 Bit    Registers := 2     
	               32 Bit    Registers := 1     
+---Muxes : 
	   2 Input     32 Bit        Muxes := 2     
	   4 Input     24 Bit        Muxes := 1     
	   2 Input     24 Bit        Muxes := 1     
	   5 Input      1 Bit        Muxes := 1     
	   2 Input      1 Bit        Muxes := 8     
---------------------------------------------------------------------------------
Finished RTL Component Statistics 
---------------------------------------------------------------------------------
---------------------------------------------------------------------------------
Start RTL Hierarchical Component Statistics 
---------------------------------------------------------------------------------
Hierarchical RTL Component report 
Module trem 
Detailed RTL Component Info : 
+---Registers : 
	               48 Bit    Registers := 2     
	               32 Bit    Registers := 1     
+---Muxes : 
	   2 Input     32 Bit        Muxes := 2     
	   4 Input     24 Bit        Muxes := 1     
	   2 Input     24 Bit        Muxes := 1     
	   5 Input      1 Bit        Muxes := 1     
	   2 Input      1 Bit        Muxes := 8     
---------------------------------------------------------------------------------
Finished RTL Hierarchical Component Statistics
---------------------------------------------------------------------------------
---------------------------------------------------------------------------------
Start Part Resource Summary
---------------------------------------------------------------------------------
Part Resources:
DSPs: 220 (col length:60)
BRAMs: 280 (col length: RAMB18 60 RAMB36 30)
---------------------------------------------------------------------------------
Finished Part Resource Summary
---------------------------------------------------------------------------------
---------------------------------------------------------------------------------
Start Cross Boundary and Area Optimization
---------------------------------------------------------------------------------
Warning: Parallel synthesis criteria is not met 
INFO: [Synth 8-5545] ROM "U0/direction" won't be mapped to RAM because address size (32) is larger than maximum supported(25)
INFO: [Synth 8-5545] ROM "U0/direction" won't be mapped to RAM because address size (32) is larger than maximum supported(25)
INFO: [Synth 8-5545] ROM "U0/direction_s6" won't be mapped to RAM because address size (32) is larger than maximum supported(25)
INFO: [Synth 8-5545] ROM "U0/direction_s6" won't be mapped to RAM because address size (32) is larger than maximum supported(25)
INFO: [Synth 8-5545] ROM "U0/direction_s4" won't be mapped to RAM because address size (32) is larger than maximum supported(25)
INFO: [Synth 8-5545] ROM "U0/direction_s4" won't be mapped to RAM because address size (32) is larger than maximum supported(25)
INFO: [Synth 8-5545] ROM "U0/direction_s2" won't be mapped to RAM because address size (32) is larger than maximum supported(25)
INFO: [Synth 8-5545] ROM "U0/direction_s2" won't be mapped to RAM because address size (32) is larger than maximum supported(25)
DSP Report: Generating DSP p_1_out, operation Mode is: A*B.
DSP Report: operator p_1_out is absorbed into DSP p_1_out.
DSP Report: operator p_0_out is absorbed into DSP p_1_out.
DSP Report: Generating DSP U0/temp_vec_64_reg, operation Mode is: (PCIN>>17)+A*B.
DSP Report: register U0/temp_vec_64_reg is absorbed into DSP U0/temp_vec_64_reg.
DSP Report: operator p_1_out is absorbed into DSP U0/temp_vec_64_reg.
DSP Report: operator p_0_out is absorbed into DSP U0/temp_vec_64_reg.
WARNING: [Synth 8-3331] design system_trem_0_0 has unconnected port en[0]
WARNING: [Synth 8-3331] design system_trem_0_0 has unconnected port en[1]
WARNING: [Synth 8-3331] design system_trem_0_0 has unconnected port en[3]
INFO: [Synth 8-3332] Sequential element (U0/temp_vec_64_reg[47]) is unused and will be removed from module system_trem_0_0.
INFO: [Synth 8-3332] Sequential element (U0/temp_vec_64_reg[46]) is unused and will be removed from module system_trem_0_0.
INFO: [Synth 8-3332] Sequential element (U0/temp_vec_64_reg[45]) is unused and will be removed from module system_trem_0_0.
INFO: [Synth 8-3332] Sequential element (U0/temp_vec_64_reg[44]) is unused and will be removed from module system_trem_0_0.
INFO: [Synth 8-3332] Sequential element (U0/temp_vec_64_reg[43]) is unused and will be removed from module system_trem_0_0.
INFO: [Synth 8-3332] Sequential element (U0/temp_vec_64_reg[42]) is unused and will be removed from module system_trem_0_0.
INFO: [Synth 8-3332] Sequential element (U0/temp_vec_64_reg[41]) is unused and will be removed from module system_trem_0_0.
INFO: [Synth 8-3332] Sequential element (U0/temp_vec_64_reg[40]) is unused and will be removed from module system_trem_0_0.
INFO: [Synth 8-3332] Sequential element (U0/temp_vec_64_reg[39]) is unused and will be removed from module system_trem_0_0.
INFO: [Synth 8-3332] Sequential element (U0/temp_vec_64_reg[38]) is unused and will be removed from module system_trem_0_0.
INFO: [Synth 8-3332] Sequential element (U0/temp_vec_64_reg[37]) is unused and will be removed from module system_trem_0_0.
INFO: [Synth 8-3332] Sequential element (U0/temp_vec_64_reg[36]) is unused and will be removed from module system_trem_0_0.
INFO: [Synth 8-3332] Sequential element (U0/temp_vec_64_reg[35]) is unused and will be removed from module system_trem_0_0.
INFO: [Synth 8-3332] Sequential element (U0/temp_vec_64_reg[34]) is unused and will be removed from module system_trem_0_0.
INFO: [Synth 8-3332] Sequential element (U0/temp_vec_64_reg[33]) is unused and will be removed from module system_trem_0_0.
INFO: [Synth 8-3332] Sequential element (U0/temp_vec_64_reg[32]) is unused and will be removed from module system_trem_0_0.
INFO: [Synth 8-3332] Sequential element (U0/temp_vec_64_reg[31]) is unused and will be removed from module system_trem_0_0.
INFO: [Synth 8-3332] Sequential element (U0/temp_vec_64_reg[30]) is unused and will be removed from module system_trem_0_0.
INFO: [Synth 8-3332] Sequential element (U0/temp_vec_64_reg[29]) is unused and will be removed from module system_trem_0_0.
INFO: [Synth 8-3332] Sequential element (U0/temp_vec_64_reg[28]) is unused and will be removed from module system_trem_0_0.
INFO: [Synth 8-3332] Sequential element (U0/temp_vec_64_reg[27]) is unused and will be removed from module system_trem_0_0.
INFO: [Synth 8-3332] Sequential element (U0/temp_vec_64_reg[26]) is unused and will be removed from module system_trem_0_0.
INFO: [Synth 8-3332] Sequential element (U0/temp_vec_64_reg[25]) is unused and will be removed from module system_trem_0_0.
INFO: [Synth 8-3332] Sequential element (U0/temp_vec_64_reg[24]) is unused and will be removed from module system_trem_0_0.
INFO: [Synth 8-3332] Sequential element (U0/temp_vec_64_reg[23]) is unused and will be removed from module system_trem_0_0.
INFO: [Synth 8-3332] Sequential element (U0/temp_vec_64_reg[22]) is unused and will be removed from module system_trem_0_0.
INFO: [Synth 8-3332] Sequential element (U0/temp_vec_64_reg[21]) is unused and will be removed from module system_trem_0_0.
INFO: [Synth 8-3332] Sequential element (U0/temp_vec_64_reg[20]) is unused and will be removed from module system_trem_0_0.
INFO: [Synth 8-3332] Sequential element (U0/temp_vec_64_reg[19]) is unused and will be removed from module system_trem_0_0.
INFO: [Synth 8-3332] Sequential element (U0/temp_vec_64_reg[18]) is unused and will be removed from module system_trem_0_0.
INFO: [Synth 8-3332] Sequential element (U0/temp_vec_64_reg[17]) is unused and will be removed from module system_trem_0_0.
INFO: [Synth 8-3332] Sequential element (U0/temp_vec_64_reg[3]) is unused and will be removed from module system_trem_0_0.
INFO: [Synth 8-3332] Sequential element (U0/temp_vec_64_reg[2]) is unused and will be removed from module system_trem_0_0.
INFO: [Synth 8-3332] Sequential element (U0/temp_vec_64_reg[1]) is unused and will be removed from module system_trem_0_0.
INFO: [Synth 8-3332] Sequential element (U0/temp_vec_64_reg[0]) is unused and will be removed from module system_trem_0_0.
INFO: [Synth 8-3333] propagating constant 0 across sequential element (\U0/y_reg[24]_C )
INFO: [Synth 8-3333] propagating constant 0 across sequential element (\U0/y_reg[25]_C )
INFO: [Synth 8-3333] propagating constant 0 across sequential element (\U0/y_reg[26]_C )
INFO: [Synth 8-3333] propagating constant 0 across sequential element (\U0/y_reg[27]_C )
INFO: [Synth 8-3333] propagating constant 0 across sequential element (\U0/y_reg[28]_C )
INFO: [Synth 8-3333] propagating constant 0 across sequential element (\U0/y_reg[29]_C )
INFO: [Synth 8-3333] propagating constant 0 across sequential element (\U0/y_reg[30]_C )
INFO: [Synth 8-3333] propagating constant 0 across sequential element (\U0/y_reg[31]_C )
INFO: [Synth 8-3332] Sequential element (U0/y_reg[31]_C) is unused and will be removed from module system_trem_0_0.
INFO: [Synth 8-3332] Sequential element (U0/y_reg[30]_C) is unused and will be removed from module system_trem_0_0.
INFO: [Synth 8-3332] Sequential element (U0/y_reg[29]_C) is unused and will be removed from module system_trem_0_0.
INFO: [Synth 8-3332] Sequential element (U0/y_reg[28]_C) is unused and will be removed from module system_trem_0_0.
INFO: [Synth 8-3332] Sequential element (U0/y_reg[27]_C) is unused and will be removed from module system_trem_0_0.
INFO: [Synth 8-3332] Sequential element (U0/y_reg[26]_C) is unused and will be removed from module system_trem_0_0.
INFO: [Synth 8-3332] Sequential element (U0/y_reg[25]_C) is unused and will be removed from module system_trem_0_0.
INFO: [Synth 8-3332] Sequential element (U0/y_reg[24]_C) is unused and will be removed from module system_trem_0_0.
---------------------------------------------------------------------------------
Finished Cross Boundary and Area Optimization : Time (s): cpu = 00:00:17 ; elapsed = 00:00:26 . Memory (MB): peak = 786.660 ; gain = 505.215
---------------------------------------------------------------------------------
---------------------------------------------------------------------------------
Start ROM, RAM, DSP and Shift Register Reporting
---------------------------------------------------------------------------------

DSP: Preliminary Mapping  Report (see note below)
+------------+----------------+--------+--------+--------+--------+--------+------+------+------+------+-------+------+------+
|Module Name | DSP Mapping    | A Size | B Size | C Size | D Size | P Size | AREG | BREG | CREG | DREG | ADREG | MREG | PREG | 
+------------+----------------+--------+--------+--------+--------+--------+------+------+------+------+-------+------+------+
|trem        | A*B            | 24     | 18     | -      | -      | 48     | 0    | 0    | -    | -    | -     | 0    | 0    | 
|trem        | (PCIN>>17)+A*B | 24     | 7      | -      | -      | 48     | 0    | 0    | -    | -    | -     | 0    | 1    | 
+------------+----------------+--------+--------+--------+--------+--------+------+------+------+------+-------+------+------+

Note: The table above is a preliminary report that shows the DSPs inferred at the current stage of the synthesis flow. Some DSP may be reimplemented as non DSP primitives later in the synthesis flow. Multiple instantiated DSPs are reported only once.
---------------------------------------------------------------------------------
Finished ROM, RAM, DSP and Shift Register Reporting
---------------------------------------------------------------------------------

Report RTL Partitions: 
+-+--------------+------------+----------+
| |RTL Partition |Replication |Instances |
+-+--------------+------------+----------+
+-+--------------+------------+----------+
---------------------------------------------------------------------------------
Start Applying XDC Timing Constraints
---------------------------------------------------------------------------------
---------------------------------------------------------------------------------
Finished Applying XDC Timing Constraints : Time (s): cpu = 00:00:35 ; elapsed = 00:00:50 . Memory (MB): peak = 840.047 ; gain = 558.602
---------------------------------------------------------------------------------
---------------------------------------------------------------------------------
Start Timing Optimization
---------------------------------------------------------------------------------
---------------------------------------------------------------------------------
Finished Timing Optimization : Time (s): cpu = 00:00:35 ; elapsed = 00:00:50 . Memory (MB): peak = 840.422 ; gain = 558.977
---------------------------------------------------------------------------------

Report RTL Partitions: 
+-+--------------+------------+----------+
| |RTL Partition |Replication |Instances |
+-+--------------+------------+----------+
+-+--------------+------------+----------+
---------------------------------------------------------------------------------
Start Technology Mapping
---------------------------------------------------------------------------------
---------------------------------------------------------------------------------
Finished Technology Mapping : Time (s): cpu = 00:00:35 ; elapsed = 00:00:50 . Memory (MB): peak = 853.262 ; gain = 571.816
---------------------------------------------------------------------------------

Report RTL Partitions: 
+-+--------------+------------+----------+
| |RTL Partition |Replication |Instances |
+-+--------------+------------+----------+
+-+--------------+------------+----------+
---------------------------------------------------------------------------------
Start IO Insertion
---------------------------------------------------------------------------------
---------------------------------------------------------------------------------
Start Flattening Before IO Insertion
---------------------------------------------------------------------------------
---------------------------------------------------------------------------------
Finished Flattening Before IO Insertion
---------------------------------------------------------------------------------
---------------------------------------------------------------------------------
Start Final Netlist Cleanup
---------------------------------------------------------------------------------
---------------------------------------------------------------------------------
Finished Final Netlist Cleanup
---------------------------------------------------------------------------------
---------------------------------------------------------------------------------
Finished IO Insertion : Time (s): cpu = 00:00:37 ; elapsed = 00:00:52 . Memory (MB): peak = 853.262 ; gain = 571.816
---------------------------------------------------------------------------------

Report Check Netlist: 
+------+------------------+-------+---------+-------+------------------+
|      |Item              |Errors |Warnings |Status |Description       |
+------+------------------+-------+---------+-------+------------------+
|1     |multi_driven_nets |      0|        0|Passed |Multi driven nets |
+------+------------------+-------+---------+-------+------------------+
---------------------------------------------------------------------------------
Start Renaming Generated Instances
---------------------------------------------------------------------------------
---------------------------------------------------------------------------------
Finished Renaming Generated Instances : Time (s): cpu = 00:00:37 ; elapsed = 00:00:52 . Memory (MB): peak = 853.262 ; gain = 571.816
---------------------------------------------------------------------------------

Report RTL Partitions: 
+-+--------------+------------+----------+
| |RTL Partition |Replication |Instances |
+-+--------------+------------+----------+
+-+--------------+------------+----------+
---------------------------------------------------------------------------------
Start Rebuilding User Hierarchy
---------------------------------------------------------------------------------
---------------------------------------------------------------------------------
Finished Rebuilding User Hierarchy : Time (s): cpu = 00:00:37 ; elapsed = 00:00:52 . Memory (MB): peak = 853.262 ; gain = 571.816
---------------------------------------------------------------------------------
---------------------------------------------------------------------------------
Start Renaming Generated Ports
---------------------------------------------------------------------------------
---------------------------------------------------------------------------------
Finished Renaming Generated Ports : Time (s): cpu = 00:00:37 ; elapsed = 00:00:52 . Memory (MB): peak = 853.262 ; gain = 571.816
---------------------------------------------------------------------------------
---------------------------------------------------------------------------------
Start Handling Custom Attributes
---------------------------------------------------------------------------------
---------------------------------------------------------------------------------
Finished Handling Custom Attributes : Time (s): cpu = 00:00:37 ; elapsed = 00:00:52 . Memory (MB): peak = 853.262 ; gain = 571.816
---------------------------------------------------------------------------------
---------------------------------------------------------------------------------
Start Renaming Generated Nets
---------------------------------------------------------------------------------
---------------------------------------------------------------------------------
Finished Renaming Generated Nets : Time (s): cpu = 00:00:37 ; elapsed = 00:00:52 . Memory (MB): peak = 853.262 ; gain = 571.816
---------------------------------------------------------------------------------
---------------------------------------------------------------------------------
Start Writing Synthesis Report
---------------------------------------------------------------------------------

Report BlackBoxes: 
+-+--------------+----------+
| |BlackBox name |Instances |
+-+--------------+----------+
+-+--------------+----------+

Report Cell Usage: 
+------+----------+------+
|      |Cell      |Count |
+------+----------+------+
|1     |CARRY4    |    32|
|2     |DSP48E1   |     1|
|3     |DSP48E1_1 |     1|
|4     |LUT1      |     4|
|5     |LUT2      |   200|
|6     |LUT3      |    24|
|7     |LUT4      |     3|
|8     |LUT5      |    25|
|9     |LUT6      |    84|
|10    |FDCE      |    24|
|11    |FDPE      |    32|
|12    |FDRE      |   141|
|13    |LDC       |    36|
+------+----------+------+

Report Instance Areas: 
+------+---------+-------+------+
|      |Instance |Module |Cells |
+------+---------+-------+------+
|1     |top      |       |   607|
|2     |  U0     |trem   |   606|
+------+---------+-------+------+
---------------------------------------------------------------------------------
Finished Writing Synthesis Report : Time (s): cpu = 00:00:37 ; elapsed = 00:00:52 . Memory (MB): peak = 853.262 ; gain = 571.816
---------------------------------------------------------------------------------
Synthesis finished with 0 errors, 0 critical warnings and 9 warnings.
Synthesis Optimization Runtime : Time (s): cpu = 00:00:25 ; elapsed = 00:00:39 . Memory (MB): peak = 853.262 ; gain = 222.633
Synthesis Optimization Complete : Time (s): cpu = 00:00:37 ; elapsed = 00:00:52 . Memory (MB): peak = 853.262 ; gain = 571.816
INFO: [Project 1-571] Translating synthesized netlist
INFO: [Netlist 29-17] Analyzing 70 Unisim elements for replacement
INFO: [Netlist 29-28] Unisim Transformation completed in 0 CPU seconds
INFO: [Project 1-570] Preparing netlist for logic optimization
INFO: [Opt 31-138] Pushed 0 inverter(s) to 0 load pin(s).
INFO: [Project 1-111] Unisim Transformation Summary:
  A total of 36 instances were transformed.
  LDC => LDCE: 36 instances

INFO: [Common 17-83] Releasing license: Synthesis
91 Infos, 15 Warnings, 0 Critical Warnings and 0 Errors encountered.
synth_design completed successfully
synth_design: Time (s): cpu = 00:00:39 ; elapsed = 00:00:55 . Memory (MB): peak = 853.262 ; gain = 577.277
WARNING: [Constraints 18-5210] No constraint will be written out.
INFO: [Common 17-1381] The checkpoint 'F:/work/zynq_work2020/Zedboard_lab2020/audio/audio.runs/system_trem_0_0_synth_1/system_trem_0_0.dcp' has been generated.
