
*** Running vivado
    with args -log system_octaver_0_0.vds -m64 -product Vivado -mode batch -messageDb vivado.pb -notrace -source system_octaver_0_0.tcl


****** Vivado v2018.2 (64-bit)
  **** SW Build 2258646 on Thu Jun 14 20:03:12 MDT 2018
  **** IP Build 2256618 on Thu Jun 14 22:10:49 MDT 2018
    ** Copyright 1986-2018 Xilinx, Inc. All Rights Reserved.

source system_octaver_0_0.tcl -notrace
Command: synth_design -top system_octaver_0_0 -part xc7z020clg484-1 -mode out_of_context
Starting synth_design
Attempting to get a license for feature 'Synthesis' and/or device 'xc7z020'
INFO: [Common 17-349] Got license for feature 'Synthesis' and/or device 'xc7z020'
INFO: Launching helper process for spawning children vivado processes
INFO: Helper process launched with PID 12232 
---------------------------------------------------------------------------------
Starting RTL Elaboration : Time (s): cpu = 00:00:03 ; elapsed = 00:00:04 . Memory (MB): peak = 382.336 ; gain = 100.805
---------------------------------------------------------------------------------
INFO: [Synth 8-638] synthesizing module 'system_octaver_0_0' [f:/work/zynq_work2020/Zedboard_lab2020/audio/audio.srcs/sources_1/bd/system/ip/system_octaver_0_0/synth/system_octaver_0_0.vhd:66]
	Parameter T bound to: 20000 - type: integer 
	Parameter B bound to: 15 - type: integer 
INFO: [Synth 8-3491] module 'octaver' declared at 'f:/work/zynq_work2020/Zedboard_lab2020/audio/audio.srcs/sources_1/bd/system/ipshared/872d/sources_1/new/octaver.vhd:14' bound to instance 'U0' of component 'octaver' [f:/work/zynq_work2020/Zedboard_lab2020/audio/audio.srcs/sources_1/bd/system/ip/system_octaver_0_0/synth/system_octaver_0_0.vhd:89]
INFO: [Synth 8-638] synthesizing module 'octaver' [f:/work/zynq_work2020/Zedboard_lab2020/audio/audio.srcs/sources_1/bd/system/ipshared/872d/sources_1/new/octaver.vhd:27]
	Parameter T bound to: 20000 - type: integer 
	Parameter B bound to: 15 - type: integer 
	Parameter T bound to: 20000 - type: integer 
	Parameter B bound to: 15 - type: integer 
INFO: [Synth 8-3491] module 'bram_oct' declared at 'f:/work/zynq_work2020/Zedboard_lab2020/audio/audio.srcs/sources_1/bd/system/ipshared/872d/sources_1/new/bram_oct.vhd:5' bound to instance 'bram_oct_inst' of component 'bram_oct' [f:/work/zynq_work2020/Zedboard_lab2020/audio/audio.srcs/sources_1/bd/system/ipshared/872d/sources_1/new/octaver.vhd:65]
INFO: [Synth 8-638] synthesizing module 'bram_oct' [f:/work/zynq_work2020/Zedboard_lab2020/audio/audio.srcs/sources_1/bd/system/ipshared/872d/sources_1/new/bram_oct.vhd:21]
	Parameter T bound to: 20000 - type: integer 
	Parameter B bound to: 15 - type: integer 
INFO: [Synth 8-256] done synthesizing module 'bram_oct' (1#1) [f:/work/zynq_work2020/Zedboard_lab2020/audio/audio.srcs/sources_1/bd/system/ipshared/872d/sources_1/new/bram_oct.vhd:21]
WARNING: [Synth 8-614] signal 'en' is read in the process but is not in the sensitivity list [f:/work/zynq_work2020/Zedboard_lab2020/audio/audio.srcs/sources_1/bd/system/ipshared/872d/sources_1/new/octaver.vhd:131]
WARNING: [Synth 8-614] signal 'x' is read in the process but is not in the sensitivity list [f:/work/zynq_work2020/Zedboard_lab2020/audio/audio.srcs/sources_1/bd/system/ipshared/872d/sources_1/new/octaver.vhd:131]
INFO: [Synth 8-256] done synthesizing module 'octaver' (2#1) [f:/work/zynq_work2020/Zedboard_lab2020/audio/audio.srcs/sources_1/bd/system/ipshared/872d/sources_1/new/octaver.vhd:27]
INFO: [Synth 8-256] done synthesizing module 'system_octaver_0_0' (3#1) [f:/work/zynq_work2020/Zedboard_lab2020/audio/audio.srcs/sources_1/bd/system/ip/system_octaver_0_0/synth/system_octaver_0_0.vhd:66]
WARNING: [Synth 8-3331] design octaver has unconnected port en[0]
WARNING: [Synth 8-3331] design octaver has unconnected port en[2]
WARNING: [Synth 8-3331] design octaver has unconnected port en[3]
---------------------------------------------------------------------------------
Finished RTL Elaboration : Time (s): cpu = 00:00:04 ; elapsed = 00:00:05 . Memory (MB): peak = 449.051 ; gain = 167.520
---------------------------------------------------------------------------------

Report Check Netlist: 
+------+------------------+-------+---------+-------+------------------+
|      |Item              |Errors |Warnings |Status |Description       |
+------+------------------+-------+---------+-------+------------------+
|1     |multi_driven_nets |      0|        0|Passed |Multi driven nets |
+------+------------------+-------+---------+-------+------------------+
---------------------------------------------------------------------------------
Start Handling Custom Attributes
---------------------------------------------------------------------------------
---------------------------------------------------------------------------------
Finished Handling Custom Attributes : Time (s): cpu = 00:00:05 ; elapsed = 00:00:06 . Memory (MB): peak = 449.051 ; gain = 167.520
---------------------------------------------------------------------------------
---------------------------------------------------------------------------------
Finished RTL Optimization Phase 1 : Time (s): cpu = 00:00:05 ; elapsed = 00:00:06 . Memory (MB): peak = 449.051 ; gain = 167.520
---------------------------------------------------------------------------------
INFO: [Device 21-403] Loading part xc7z020clg484-1
INFO: [Project 1-570] Preparing netlist for logic optimization

Processing XDC Constraints
Initializing timing engine
Completed Processing XDC Constraints

INFO: [Project 1-111] Unisim Transformation Summary:
No Unisim elements were transformed.

WARNING: [Constraints 18-5210] No constraint will be written out.
Constraint Validation Runtime : Time (s): cpu = 00:00:00 ; elapsed = 00:00:00.102 . Memory (MB): peak = 793.426 ; gain = 1.809
---------------------------------------------------------------------------------
Finished Constraint Validation : Time (s): cpu = 00:00:16 ; elapsed = 00:00:22 . Memory (MB): peak = 793.426 ; gain = 511.895
---------------------------------------------------------------------------------
---------------------------------------------------------------------------------
Start Loading Part and Timing Information
---------------------------------------------------------------------------------
Loading part: xc7z020clg484-1
---------------------------------------------------------------------------------
Finished Loading Part and Timing Information : Time (s): cpu = 00:00:16 ; elapsed = 00:00:22 . Memory (MB): peak = 793.426 ; gain = 511.895
---------------------------------------------------------------------------------
---------------------------------------------------------------------------------
Start Applying 'set_property' XDC Constraints
---------------------------------------------------------------------------------
---------------------------------------------------------------------------------
Finished applying 'set_property' XDC Constraints : Time (s): cpu = 00:00:16 ; elapsed = 00:00:22 . Memory (MB): peak = 793.426 ; gain = 511.895
---------------------------------------------------------------------------------
INFO: [Synth 8-5818] HDL ADVISOR - The operator resource <adder> is shared. To prevent sharing consider applying a KEEP on the output of the operator [f:/work/zynq_work2020/Zedboard_lab2020/audio/audio.srcs/sources_1/bd/system/ipshared/872d/sources_1/new/octaver.vhd:112]
INFO: [Synth 8-5818] HDL ADVISOR - The operator resource <adder> is shared. To prevent sharing consider applying a KEEP on the output of the operator [f:/work/zynq_work2020/Zedboard_lab2020/audio/audio.srcs/sources_1/bd/system/ipshared/872d/sources_1/new/octaver.vhd:121]
---------------------------------------------------------------------------------
Finished RTL Optimization Phase 2 : Time (s): cpu = 00:00:17 ; elapsed = 00:00:23 . Memory (MB): peak = 793.426 ; gain = 511.895
---------------------------------------------------------------------------------

Report RTL Partitions: 
+-+--------------+------------+----------+
| |RTL Partition |Replication |Instances |
+-+--------------+------------+----------+
+-+--------------+------------+----------+
---------------------------------------------------------------------------------
Start RTL Component Statistics 
---------------------------------------------------------------------------------
Detailed RTL Component Info : 
+---Adders : 
	   2 Input     32 Bit       Adders := 2     
	   2 Input     15 Bit       Adders := 1     
+---Registers : 
	               32 Bit    Registers := 6     
	               15 Bit    Registers := 1     
+---RAMs : 
	             625K Bit         RAMs := 1     
+---Muxes : 
	   2 Input     32 Bit        Muxes := 2     
	   9 Input     32 Bit        Muxes := 1     
	  11 Input     32 Bit        Muxes := 1     
	  10 Input     32 Bit        Muxes := 1     
	   8 Input     32 Bit        Muxes := 1     
	   7 Input     32 Bit        Muxes := 1     
	   2 Input     15 Bit        Muxes := 2     
	  10 Input      1 Bit        Muxes := 1     
	   2 Input      1 Bit        Muxes := 2     
---------------------------------------------------------------------------------
Finished RTL Component Statistics 
---------------------------------------------------------------------------------
---------------------------------------------------------------------------------
Start RTL Hierarchical Component Statistics 
---------------------------------------------------------------------------------
Hierarchical RTL Component report 
Module bram_oct 
Detailed RTL Component Info : 
+---Registers : 
	               32 Bit    Registers := 2     
+---RAMs : 
	             625K Bit         RAMs := 1     
Module octaver 
Detailed RTL Component Info : 
+---Adders : 
	   2 Input     32 Bit       Adders := 2     
	   2 Input     15 Bit       Adders := 1     
+---Registers : 
	               32 Bit    Registers := 4     
	               15 Bit    Registers := 1     
+---Muxes : 
	   2 Input     32 Bit        Muxes := 2     
	   9 Input     32 Bit        Muxes := 1     
	  11 Input     32 Bit        Muxes := 1     
	  10 Input     32 Bit        Muxes := 1     
	   8 Input     32 Bit        Muxes := 1     
	   7 Input     32 Bit        Muxes := 1     
	   2 Input     15 Bit        Muxes := 2     
	  10 Input      1 Bit        Muxes := 1     
	   2 Input      1 Bit        Muxes := 2     
---------------------------------------------------------------------------------
Finished RTL Hierarchical Component Statistics
---------------------------------------------------------------------------------
---------------------------------------------------------------------------------
Start Part Resource Summary
---------------------------------------------------------------------------------
Part Resources:
DSPs: 220 (col length:60)
BRAMs: 280 (col length: RAMB18 60 RAMB36 30)
---------------------------------------------------------------------------------
Finished Part Resource Summary
---------------------------------------------------------------------------------
---------------------------------------------------------------------------------
Start Cross Boundary and Area Optimization
---------------------------------------------------------------------------------
Warning: Parallel synthesis criteria is not met 
WARNING: [Synth 8-3331] design system_octaver_0_0 has unconnected port en[0]
WARNING: [Synth 8-3331] design system_octaver_0_0 has unconnected port en[2]
WARNING: [Synth 8-3331] design system_octaver_0_0 has unconnected port en[3]
WARNING: [Synth 8-3936] Found unconnected internal register 'U0/bram_oct_inst/do2_reg' and it is trimmed from '32' to '24' bits. [f:/work/zynq_work2020/Zedboard_lab2020/audio/audio.srcs/sources_1/bd/system/ipshared/872d/sources_1/new/bram_oct.vhd:41]
WARNING: [Synth 8-6014] Unused sequential element U0/bram_oct_inst/do1_reg was removed.  [f:/work/zynq_work2020/Zedboard_lab2020/audio/audio.srcs/sources_1/bd/system/ipshared/872d/sources_1/new/bram_oct.vhd:34]
INFO: [Synth 8-3886] merging instance 'U0/max_delay_reg[0]' (FDRE) to 'U0/max_delay_reg[1]'
INFO: [Synth 8-3886] merging instance 'U0/max_delay_reg[1]' (FDRE) to 'U0/max_delay_reg[14]'
INFO: [Synth 8-3886] merging instance 'U0/max_delay_reg[15]' (FDRE) to 'U0/max_delay_reg[16]'
INFO: [Synth 8-3886] merging instance 'U0/max_delay_reg[16]' (FDRE) to 'U0/max_delay_reg[17]'
INFO: [Synth 8-3886] merging instance 'U0/max_delay_reg[17]' (FDRE) to 'U0/max_delay_reg[18]'
INFO: [Synth 8-3886] merging instance 'U0/max_delay_reg[18]' (FDRE) to 'U0/max_delay_reg[19]'
INFO: [Synth 8-3886] merging instance 'U0/max_delay_reg[19]' (FDRE) to 'U0/max_delay_reg[20]'
INFO: [Synth 8-3886] merging instance 'U0/max_delay_reg[20]' (FDRE) to 'U0/max_delay_reg[21]'
INFO: [Synth 8-3886] merging instance 'U0/max_delay_reg[21]' (FDRE) to 'U0/max_delay_reg[22]'
INFO: [Synth 8-3886] merging instance 'U0/max_delay_reg[22]' (FDRE) to 'U0/max_delay_reg[23]'
INFO: [Synth 8-3886] merging instance 'U0/max_delay_reg[23]' (FDRE) to 'U0/max_delay_reg[24]'
INFO: [Synth 8-3886] merging instance 'U0/max_delay_reg[24]' (FDRE) to 'U0/max_delay_reg[25]'
INFO: [Synth 8-3886] merging instance 'U0/max_delay_reg[25]' (FDRE) to 'U0/max_delay_reg[26]'
INFO: [Synth 8-3886] merging instance 'U0/max_delay_reg[26]' (FDRE) to 'U0/max_delay_reg[27]'
INFO: [Synth 8-3886] merging instance 'U0/max_delay_reg[27]' (FDRE) to 'U0/max_delay_reg[28]'
INFO: [Synth 8-3886] merging instance 'U0/max_delay_reg[28]' (FDRE) to 'U0/max_delay_reg[29]'
INFO: [Synth 8-3886] merging instance 'U0/max_delay_reg[29]' (FDRE) to 'U0/max_delay_reg[30]'
INFO: [Synth 8-3886] merging instance 'U0/max_delay_reg[30]' (FDRE) to 'U0/max_delay_reg[31]'
INFO: [Synth 8-3333] propagating constant 0 across sequential element (\U0/max_delay_reg[31] )
INFO: [Synth 8-3332] Sequential element (U0/max_delay_reg[31]) is unused and will be removed from module system_octaver_0_0.
INFO: [Synth 8-3332] Sequential element (U0/data_in_reg[31]) is unused and will be removed from module system_octaver_0_0.
INFO: [Synth 8-3332] Sequential element (U0/data_in_reg[30]) is unused and will be removed from module system_octaver_0_0.
INFO: [Synth 8-3332] Sequential element (U0/data_in_reg[29]) is unused and will be removed from module system_octaver_0_0.
INFO: [Synth 8-3332] Sequential element (U0/data_in_reg[28]) is unused and will be removed from module system_octaver_0_0.
INFO: [Synth 8-3332] Sequential element (U0/data_in_reg[27]) is unused and will be removed from module system_octaver_0_0.
INFO: [Synth 8-3332] Sequential element (U0/data_in_reg[26]) is unused and will be removed from module system_octaver_0_0.
INFO: [Synth 8-3332] Sequential element (U0/data_in_reg[25]) is unused and will be removed from module system_octaver_0_0.
INFO: [Synth 8-3332] Sequential element (U0/data_in_reg[24]) is unused and will be removed from module system_octaver_0_0.
INFO: [Synth 8-3332] Sequential element (U0/data_in_reg[0]) is unused and will be removed from module system_octaver_0_0.
---------------------------------------------------------------------------------
Finished Cross Boundary and Area Optimization : Time (s): cpu = 00:00:19 ; elapsed = 00:00:26 . Memory (MB): peak = 793.426 ; gain = 511.895
---------------------------------------------------------------------------------
---------------------------------------------------------------------------------
Start ROM, RAM, DSP and Shift Register Reporting
---------------------------------------------------------------------------------

Block RAM: Preliminary Mapping  Report (see note below)
+------------+------------+------------------------+---+---+------------------------+---+---+------------------+--------+--------+
|Module Name | RTL Object | PORT A (Depth x Width) | W | R | PORT B (Depth x Width) | W | R | Ports driving FF | RAMB18 | RAMB36 | 
+------------+------------+------------------------+---+---+------------------------+---+---+------------------+--------+--------+
|bram_oct:   | RAM_reg    | 32 K x 32(READ_FIRST)  | W | R | 32 K x 32(WRITE_FIRST) |   | R | Port A and B     | 0      | 32     | 
+------------+------------+------------------------+---+---+------------------------+---+---+------------------+--------+--------+

Note: The tale above is a preliminary report that shows the Block RAMs at the current stage of the synthesis flow. Some Block RAMs may be reimplemented as non Block RAM primitives later in the synthesis flow. Multiple instantiated Block RAMs are reported only once. 
---------------------------------------------------------------------------------
Finished ROM, RAM, DSP and Shift Register Reporting
---------------------------------------------------------------------------------
INFO: [Synth 8-4480] The timing for the instance U0i_0/U0/bram_oct_inst/RAM_reg_0_1 (implemented as a block RAM) might be sub-optimal as no optional output register could be merged into the block ram. Providing additional output register may help in improving timing.
INFO: [Synth 8-4480] The timing for the instance U0i_0/U0/bram_oct_inst/RAM_reg_0_2 (implemented as a block RAM) might be sub-optimal as no optional output register could be merged into the block ram. Providing additional output register may help in improving timing.
INFO: [Synth 8-4480] The timing for the instance U0i_0/U0/bram_oct_inst/RAM_reg_0_3 (implemented as a block RAM) might be sub-optimal as no optional output register could be merged into the block ram. Providing additional output register may help in improving timing.
INFO: [Synth 8-4480] The timing for the instance U0i_0/U0/bram_oct_inst/RAM_reg_0_4 (implemented as a block RAM) might be sub-optimal as no optional output register could be merged into the block ram. Providing additional output register may help in improving timing.
INFO: [Synth 8-4480] The timing for the instance U0i_0/U0/bram_oct_inst/RAM_reg_0_5 (implemented as a block RAM) might be sub-optimal as no optional output register could be merged into the block ram. Providing additional output register may help in improving timing.
INFO: [Synth 8-4480] The timing for the instance U0i_0/U0/bram_oct_inst/RAM_reg_0_6 (implemented as a block RAM) might be sub-optimal as no optional output register could be merged into the block ram. Providing additional output register may help in improving timing.
INFO: [Synth 8-4480] The timing for the instance U0i_0/U0/bram_oct_inst/RAM_reg_0_7 (implemented as a block RAM) might be sub-optimal as no optional output register could be merged into the block ram. Providing additional output register may help in improving timing.
INFO: [Synth 8-4480] The timing for the instance U0i_0/U0/bram_oct_inst/RAM_reg_0_8 (implemented as a block RAM) might be sub-optimal as no optional output register could be merged into the block ram. Providing additional output register may help in improving timing.
INFO: [Synth 8-4480] The timing for the instance U0i_0/U0/bram_oct_inst/RAM_reg_0_9 (implemented as a block RAM) might be sub-optimal as no optional output register could be merged into the block ram. Providing additional output register may help in improving timing.
INFO: [Synth 8-4480] The timing for the instance U0i_0/U0/bram_oct_inst/RAM_reg_0_10 (implemented as a block RAM) might be sub-optimal as no optional output register could be merged into the block ram. Providing additional output register may help in improving timing.
INFO: [Synth 8-4480] The timing for the instance U0i_0/U0/bram_oct_inst/RAM_reg_0_11 (implemented as a block RAM) might be sub-optimal as no optional output register could be merged into the block ram. Providing additional output register may help in improving timing.
INFO: [Synth 8-4480] The timing for the instance U0i_0/U0/bram_oct_inst/RAM_reg_0_12 (implemented as a block RAM) might be sub-optimal as no optional output register could be merged into the block ram. Providing additional output register may help in improving timing.
INFO: [Synth 8-4480] The timing for the instance U0i_0/U0/bram_oct_inst/RAM_reg_0_13 (implemented as a block RAM) might be sub-optimal as no optional output register could be merged into the block ram. Providing additional output register may help in improving timing.
INFO: [Synth 8-4480] The timing for the instance U0i_0/U0/bram_oct_inst/RAM_reg_0_14 (implemented as a block RAM) might be sub-optimal as no optional output register could be merged into the block ram. Providing additional output register may help in improving timing.
INFO: [Synth 8-4480] The timing for the instance U0i_0/U0/bram_oct_inst/RAM_reg_0_15 (implemented as a block RAM) might be sub-optimal as no optional output register could be merged into the block ram. Providing additional output register may help in improving timing.
INFO: [Synth 8-4480] The timing for the instance U0i_0/U0/bram_oct_inst/RAM_reg_0_16 (implemented as a block RAM) might be sub-optimal as no optional output register could be merged into the block ram. Providing additional output register may help in improving timing.
INFO: [Synth 8-4480] The timing for the instance U0i_0/U0/bram_oct_inst/RAM_reg_0_17 (implemented as a block RAM) might be sub-optimal as no optional output register could be merged into the block ram. Providing additional output register may help in improving timing.
INFO: [Synth 8-4480] The timing for the instance U0i_0/U0/bram_oct_inst/RAM_reg_0_18 (implemented as a block RAM) might be sub-optimal as no optional output register could be merged into the block ram. Providing additional output register may help in improving timing.
INFO: [Synth 8-4480] The timing for the instance U0i_0/U0/bram_oct_inst/RAM_reg_0_19 (implemented as a block RAM) might be sub-optimal as no optional output register could be merged into the block ram. Providing additional output register may help in improving timing.
INFO: [Synth 8-4480] The timing for the instance U0i_0/U0/bram_oct_inst/RAM_reg_0_20 (implemented as a block RAM) might be sub-optimal as no optional output register could be merged into the block ram. Providing additional output register may help in improving timing.
INFO: [Synth 8-4480] The timing for the instance U0i_0/U0/bram_oct_inst/RAM_reg_0_21 (implemented as a block RAM) might be sub-optimal as no optional output register could be merged into the block ram. Providing additional output register may help in improving timing.
INFO: [Synth 8-4480] The timing for the instance U0i_0/U0/bram_oct_inst/RAM_reg_0_22 (implemented as a block RAM) might be sub-optimal as no optional output register could be merged into the block ram. Providing additional output register may help in improving timing.
INFO: [Synth 8-4480] The timing for the instance U0i_0/U0/bram_oct_inst/RAM_reg_0_23 (implemented as a block RAM) might be sub-optimal as no optional output register could be merged into the block ram. Providing additional output register may help in improving timing.

Report RTL Partitions: 
+-+--------------+------------+----------+
| |RTL Partition |Replication |Instances |
+-+--------------+------------+----------+
+-+--------------+------------+----------+
---------------------------------------------------------------------------------
Start Applying XDC Timing Constraints
---------------------------------------------------------------------------------
---------------------------------------------------------------------------------
Finished Applying XDC Timing Constraints : Time (s): cpu = 00:00:30 ; elapsed = 00:00:42 . Memory (MB): peak = 799.910 ; gain = 518.379
---------------------------------------------------------------------------------
---------------------------------------------------------------------------------
Start Timing Optimization
---------------------------------------------------------------------------------
---------------------------------------------------------------------------------
Finished Timing Optimization : Time (s): cpu = 00:00:30 ; elapsed = 00:00:42 . Memory (MB): peak = 800.211 ; gain = 518.680
---------------------------------------------------------------------------------
---------------------------------------------------------------------------------
Start ROM, RAM, DSP and Shift Register Reporting
---------------------------------------------------------------------------------

Block RAM: Final Mapping  Report
+------------+------------+------------------------+---+---+------------------------+---+---+------------------+--------+--------+
|Module Name | RTL Object | PORT A (Depth x Width) | W | R | PORT B (Depth x Width) | W | R | Ports driving FF | RAMB18 | RAMB36 | 
+------------+------------+------------------------+---+---+------------------------+---+---+------------------+--------+--------+
|bram_oct:   | RAM_reg    | 32 K x 32(READ_FIRST)  | W | R | 32 K x 32(WRITE_FIRST) |   | R | Port A and B     | 0      | 32     | 
+------------+------------+------------------------+---+---+------------------------+---+---+------------------+--------+--------+

---------------------------------------------------------------------------------
Finished ROM, RAM, DSP and Shift Register Reporting
---------------------------------------------------------------------------------

Report RTL Partitions: 
+-+--------------+------------+----------+
| |RTL Partition |Replication |Instances |
+-+--------------+------------+----------+
+-+--------------+------------+----------+
---------------------------------------------------------------------------------
Start Technology Mapping
---------------------------------------------------------------------------------
INFO: [Synth 8-4480] The timing for the instance U0/bram_oct_inst/RAM_reg_0_1 (implemented as a block RAM) might be sub-optimal as no optional output register could be merged into the block ram. Providing additional output register may help in improving timing.
INFO: [Synth 8-4480] The timing for the instance U0/bram_oct_inst/RAM_reg_0_2 (implemented as a block RAM) might be sub-optimal as no optional output register could be merged into the block ram. Providing additional output register may help in improving timing.
INFO: [Synth 8-4480] The timing for the instance U0/bram_oct_inst/RAM_reg_0_3 (implemented as a block RAM) might be sub-optimal as no optional output register could be merged into the block ram. Providing additional output register may help in improving timing.
INFO: [Synth 8-4480] The timing for the instance U0/bram_oct_inst/RAM_reg_0_4 (implemented as a block RAM) might be sub-optimal as no optional output register could be merged into the block ram. Providing additional output register may help in improving timing.
INFO: [Synth 8-4480] The timing for the instance U0/bram_oct_inst/RAM_reg_0_5 (implemented as a block RAM) might be sub-optimal as no optional output register could be merged into the block ram. Providing additional output register may help in improving timing.
INFO: [Synth 8-4480] The timing for the instance U0/bram_oct_inst/RAM_reg_0_6 (implemented as a block RAM) might be sub-optimal as no optional output register could be merged into the block ram. Providing additional output register may help in improving timing.
INFO: [Synth 8-4480] The timing for the instance U0/bram_oct_inst/RAM_reg_0_7 (implemented as a block RAM) might be sub-optimal as no optional output register could be merged into the block ram. Providing additional output register may help in improving timing.
INFO: [Synth 8-4480] The timing for the instance U0/bram_oct_inst/RAM_reg_0_8 (implemented as a block RAM) might be sub-optimal as no optional output register could be merged into the block ram. Providing additional output register may help in improving timing.
INFO: [Synth 8-4480] The timing for the instance U0/bram_oct_inst/RAM_reg_0_9 (implemented as a block RAM) might be sub-optimal as no optional output register could be merged into the block ram. Providing additional output register may help in improving timing.
INFO: [Synth 8-4480] The timing for the instance U0/bram_oct_inst/RAM_reg_0_10 (implemented as a block RAM) might be sub-optimal as no optional output register could be merged into the block ram. Providing additional output register may help in improving timing.
INFO: [Synth 8-4480] The timing for the instance U0/bram_oct_inst/RAM_reg_0_11 (implemented as a block RAM) might be sub-optimal as no optional output register could be merged into the block ram. Providing additional output register may help in improving timing.
INFO: [Synth 8-4480] The timing for the instance U0/bram_oct_inst/RAM_reg_0_12 (implemented as a block RAM) might be sub-optimal as no optional output register could be merged into the block ram. Providing additional output register may help in improving timing.
INFO: [Synth 8-4480] The timing for the instance U0/bram_oct_inst/RAM_reg_0_13 (implemented as a block RAM) might be sub-optimal as no optional output register could be merged into the block ram. Providing additional output register may help in improving timing.
INFO: [Synth 8-4480] The timing for the instance U0/bram_oct_inst/RAM_reg_0_14 (implemented as a block RAM) might be sub-optimal as no optional output register could be merged into the block ram. Providing additional output register may help in improving timing.
INFO: [Synth 8-4480] The timing for the instance U0/bram_oct_inst/RAM_reg_0_15 (implemented as a block RAM) might be sub-optimal as no optional output register could be merged into the block ram. Providing additional output register may help in improving timing.
INFO: [Synth 8-4480] The timing for the instance U0/bram_oct_inst/RAM_reg_0_16 (implemented as a block RAM) might be sub-optimal as no optional output register could be merged into the block ram. Providing additional output register may help in improving timing.
INFO: [Synth 8-4480] The timing for the instance U0/bram_oct_inst/RAM_reg_0_17 (implemented as a block RAM) might be sub-optimal as no optional output register could be merged into the block ram. Providing additional output register may help in improving timing.
INFO: [Synth 8-4480] The timing for the instance U0/bram_oct_inst/RAM_reg_0_18 (implemented as a block RAM) might be sub-optimal as no optional output register could be merged into the block ram. Providing additional output register may help in improving timing.
INFO: [Synth 8-4480] The timing for the instance U0/bram_oct_inst/RAM_reg_0_19 (implemented as a block RAM) might be sub-optimal as no optional output register could be merged into the block ram. Providing additional output register may help in improving timing.
INFO: [Synth 8-4480] The timing for the instance U0/bram_oct_inst/RAM_reg_0_20 (implemented as a block RAM) might be sub-optimal as no optional output register could be merged into the block ram. Providing additional output register may help in improving timing.
INFO: [Synth 8-4480] The timing for the instance U0/bram_oct_inst/RAM_reg_0_21 (implemented as a block RAM) might be sub-optimal as no optional output register could be merged into the block ram. Providing additional output register may help in improving timing.
INFO: [Synth 8-4480] The timing for the instance U0/bram_oct_inst/RAM_reg_0_22 (implemented as a block RAM) might be sub-optimal as no optional output register could be merged into the block ram. Providing additional output register may help in improving timing.
INFO: [Synth 8-4480] The timing for the instance U0/bram_oct_inst/RAM_reg_0_23 (implemented as a block RAM) might be sub-optimal as no optional output register could be merged into the block ram. Providing additional output register may help in improving timing.
---------------------------------------------------------------------------------
Finished Technology Mapping : Time (s): cpu = 00:00:30 ; elapsed = 00:00:42 . Memory (MB): peak = 819.297 ; gain = 537.766
---------------------------------------------------------------------------------

Report RTL Partitions: 
+-+--------------+------------+----------+
| |RTL Partition |Replication |Instances |
+-+--------------+------------+----------+
+-+--------------+------------+----------+
---------------------------------------------------------------------------------
Start IO Insertion
---------------------------------------------------------------------------------
---------------------------------------------------------------------------------
Start Flattening Before IO Insertion
---------------------------------------------------------------------------------
---------------------------------------------------------------------------------
Finished Flattening Before IO Insertion
---------------------------------------------------------------------------------
---------------------------------------------------------------------------------
Start Final Netlist Cleanup
---------------------------------------------------------------------------------
---------------------------------------------------------------------------------
Finished Final Netlist Cleanup
---------------------------------------------------------------------------------
---------------------------------------------------------------------------------
Finished IO Insertion : Time (s): cpu = 00:00:32 ; elapsed = 00:00:44 . Memory (MB): peak = 819.297 ; gain = 537.766
---------------------------------------------------------------------------------

Report Check Netlist: 
+------+------------------+-------+---------+-------+------------------+
|      |Item              |Errors |Warnings |Status |Description       |
+------+------------------+-------+---------+-------+------------------+
|1     |multi_driven_nets |      0|        0|Passed |Multi driven nets |
+------+------------------+-------+---------+-------+------------------+
---------------------------------------------------------------------------------
Start Renaming Generated Instances
---------------------------------------------------------------------------------
---------------------------------------------------------------------------------
Finished Renaming Generated Instances : Time (s): cpu = 00:00:32 ; elapsed = 00:00:44 . Memory (MB): peak = 819.297 ; gain = 537.766
---------------------------------------------------------------------------------

Report RTL Partitions: 
+-+--------------+------------+----------+
| |RTL Partition |Replication |Instances |
+-+--------------+------------+----------+
+-+--------------+------------+----------+
---------------------------------------------------------------------------------
Start Rebuilding User Hierarchy
---------------------------------------------------------------------------------
---------------------------------------------------------------------------------
Finished Rebuilding User Hierarchy : Time (s): cpu = 00:00:32 ; elapsed = 00:00:44 . Memory (MB): peak = 819.297 ; gain = 537.766
---------------------------------------------------------------------------------
---------------------------------------------------------------------------------
Start Renaming Generated Ports
---------------------------------------------------------------------------------
---------------------------------------------------------------------------------
Finished Renaming Generated Ports : Time (s): cpu = 00:00:32 ; elapsed = 00:00:44 . Memory (MB): peak = 819.297 ; gain = 537.766
---------------------------------------------------------------------------------
---------------------------------------------------------------------------------
Start Handling Custom Attributes
---------------------------------------------------------------------------------
---------------------------------------------------------------------------------
Finished Handling Custom Attributes : Time (s): cpu = 00:00:32 ; elapsed = 00:00:44 . Memory (MB): peak = 819.297 ; gain = 537.766
---------------------------------------------------------------------------------
---------------------------------------------------------------------------------
Start Renaming Generated Nets
---------------------------------------------------------------------------------
---------------------------------------------------------------------------------
Finished Renaming Generated Nets : Time (s): cpu = 00:00:32 ; elapsed = 00:00:44 . Memory (MB): peak = 819.297 ; gain = 537.766
---------------------------------------------------------------------------------
---------------------------------------------------------------------------------
Start Writing Synthesis Report
---------------------------------------------------------------------------------

Report BlackBoxes: 
+-+--------------+----------+
| |BlackBox name |Instances |
+-+--------------+----------+
+-+--------------+----------+

Report Cell Usage: 
+------+---------+------+
|      |Cell     |Count |
+------+---------+------+
|1     |CARRY4   |    30|
|2     |LUT1     |    17|
|3     |LUT2     |    95|
|4     |LUT3     |    35|
|5     |LUT4     |    10|
|6     |LUT5     |    17|
|7     |LUT6     |    72|
|8     |RAMB36E1 |    23|
|9     |FDCE     |    32|
|10    |FDPE     |    32|
|11    |FDRE     |   109|
|12    |FDSE     |     4|
|13    |LDC      |    32|
+------+---------+------+

Report Instance Areas: 
+------+------------------+---------+------+
|      |Instance          |Module   |Cells |
+------+------------------+---------+------+
|1     |top               |         |   508|
|2     |  U0              |octaver  |   508|
|3     |    bram_oct_inst |bram_oct |    51|
+------+------------------+---------+------+
---------------------------------------------------------------------------------
Finished Writing Synthesis Report : Time (s): cpu = 00:00:32 ; elapsed = 00:00:44 . Memory (MB): peak = 819.297 ; gain = 537.766
---------------------------------------------------------------------------------
Synthesis finished with 0 errors, 0 critical warnings and 5 warnings.
Synthesis Optimization Runtime : Time (s): cpu = 00:00:19 ; elapsed = 00:00:32 . Memory (MB): peak = 819.297 ; gain = 193.391
Synthesis Optimization Complete : Time (s): cpu = 00:00:32 ; elapsed = 00:00:44 . Memory (MB): peak = 819.297 ; gain = 537.766
INFO: [Project 1-571] Translating synthesized netlist
INFO: [Netlist 29-17] Analyzing 85 Unisim elements for replacement
INFO: [Netlist 29-28] Unisim Transformation completed in 0 CPU seconds
INFO: [Project 1-570] Preparing netlist for logic optimization
INFO: [Opt 31-138] Pushed 0 inverter(s) to 0 load pin(s).
INFO: [Project 1-111] Unisim Transformation Summary:
  A total of 32 instances were transformed.
  LDC => LDCE: 32 instances

INFO: [Common 17-83] Releasing license: Synthesis
96 Infos, 11 Warnings, 0 Critical Warnings and 0 Errors encountered.
synth_design completed successfully
synth_design: Time (s): cpu = 00:00:35 ; elapsed = 00:00:49 . Memory (MB): peak = 819.340 ; gain = 542.875
WARNING: [Constraints 18-5210] No constraint will be written out.
INFO: [Common 17-1381] The checkpoint 'F:/work/zynq_work2020/Zedboard_lab2020/audio/audio.runs/system_octaver_0_0_synth_1/system_octaver_0_0.dcp' has been generated.
