22:24:27 INFO  : Registering command handlers for SDK TCF services
22:24:29 INFO  : Launching XSCT server: xsct.bat -interactive F:\work\zynq_work2020\Zedboard_lab2020\audio\audio.sdk\temp_xsdb_launch_script.tcl
22:24:34 INFO  : XSCT server has started successfully.
22:24:34 INFO  : Successfully done setting XSCT server connection channel  
22:24:37 INFO  : Successfully done setting SDK workspace  
22:24:37 INFO  : Processing command line option -hwspec F:/work/zynq_work2020/Zedboard_lab2020/audio/audio.sdk/system_wrapper.hdf.
22:34:56 INFO  : Connected to target on host '127.0.0.1' and port '3121'.
22:34:57 INFO  : Jtag cable 'Digilent Zed 210248657754' is selected.
22:34:57 INFO  : 'jtag frequency' command is executed.
22:34:57 INFO  : Sourcing of 'F:/work/zynq_work2020/Zedboard_lab2020/audio/audio.sdk/system_wrapper_hw_platform_0/ps7_init.tcl' is done.
22:34:57 INFO  : Context for 'APU' is selected.
22:34:57 INFO  : System reset is completed.
22:35:00 INFO  : 'after 3000' command is executed.
22:35:01 INFO  : 'targets -set -filter {jtag_cable_name =~ "Digilent Zed 210248657754" && level==0} -index 1' command is executed.
22:35:03 INFO  : FPGA configured successfully with bitstream "F:/work/zynq_work2020/Zedboard_lab2020/audio/audio.sdk/system_wrapper_hw_platform_0/system_wrapper.bit"
22:35:03 INFO  : Context for 'APU' is selected.
22:35:03 INFO  : Hardware design information is loaded from 'F:/work/zynq_work2020/Zedboard_lab2020/audio/audio.sdk/system_wrapper_hw_platform_0/system.hdf'.
22:35:03 INFO  : 'configparams force-mem-access 1' command is executed.
22:35:03 INFO  : Context for 'APU' is selected.
22:35:04 INFO  : 'ps7_init' command is executed.
22:35:04 INFO  : 'ps7_post_config' command is executed.
22:35:04 INFO  : Context for processor 'ps7_cortexa9_0' is selected.
22:35:04 INFO  : The application 'F:/work/zynq_work2020/Zedboard_lab2020/audio/audio.sdk/audio/Debug/audio.elf' is downloaded to processor 'ps7_cortexa9_0'.
22:35:04 INFO  : 'configparams force-mem-access 0' command is executed.
22:35:04 INFO  : ----------------XSDB Script----------------
connect -url tcp:127.0.0.1:3121
source F:/work/zynq_work2020/Zedboard_lab2020/audio/audio.sdk/system_wrapper_hw_platform_0/ps7_init.tcl
targets -set -nocase -filter {name =~"APU*" && jtag_cable_name =~ "Digilent Zed 210248657754"} -index 0
rst -system
after 3000
targets -set -filter {jtag_cable_name =~ "Digilent Zed 210248657754" && level==0} -index 1
fpga -file F:/work/zynq_work2020/Zedboard_lab2020/audio/audio.sdk/system_wrapper_hw_platform_0/system_wrapper.bit
targets -set -nocase -filter {name =~"APU*" && jtag_cable_name =~ "Digilent Zed 210248657754"} -index 0
loadhw -hw F:/work/zynq_work2020/Zedboard_lab2020/audio/audio.sdk/system_wrapper_hw_platform_0/system.hdf -mem-ranges [list {0x40000000 0xbfffffff}]
configparams force-mem-access 1
targets -set -nocase -filter {name =~"APU*" && jtag_cable_name =~ "Digilent Zed 210248657754"} -index 0
ps7_init
ps7_post_config
targets -set -nocase -filter {name =~ "ARM*#0" && jtag_cable_name =~ "Digilent Zed 210248657754"} -index 0
dow F:/work/zynq_work2020/Zedboard_lab2020/audio/audio.sdk/audio/Debug/audio.elf
configparams force-mem-access 0
----------------End of Script----------------

22:35:04 INFO  : Memory regions updated for context APU
22:35:04 INFO  : Context for processor 'ps7_cortexa9_0' is selected.
22:35:04 INFO  : 'con' command is executed.
22:35:04 INFO  : ----------------XSDB Script (After Launch)----------------
targets -set -nocase -filter {name =~ "ARM*#0" && jtag_cable_name =~ "Digilent Zed 210248657754"} -index 0
con
----------------End of Script----------------

22:35:04 INFO  : Launch script is exported to file 'F:\work\zynq_work2020\Zedboard_lab2020\audio\audio.sdk\.sdk\launch_scripts\xilinx_c-c++_application_(system_debugger)\system_debugger_using_debug_audio.elf_on_local.tcl'
22:38:19 INFO  : Disconnected from the channel tcfchan#1.
22:38:20 INFO  : Connected to target on host '127.0.0.1' and port '3121'.
22:38:20 INFO  : Jtag cable 'Digilent Zed 210248657754' is selected.
22:38:20 INFO  : 'jtag frequency' command is executed.
22:38:20 INFO  : Sourcing of 'F:/work/zynq_work2020/Zedboard_lab2020/audio/audio.sdk/system_wrapper_hw_platform_0/ps7_init.tcl' is done.
22:38:20 INFO  : Context for 'APU' is selected.
22:38:21 INFO  : System reset is completed.
22:38:24 INFO  : 'after 3000' command is executed.
22:38:24 INFO  : 'targets -set -filter {jtag_cable_name =~ "Digilent Zed 210248657754" && level==0} -index 1' command is executed.
22:38:26 INFO  : FPGA configured successfully with bitstream "F:/work/zynq_work2020/Zedboard_lab2020/audio/audio.sdk/system_wrapper_hw_platform_0/system_wrapper.bit"
22:38:26 INFO  : Context for 'APU' is selected.
22:38:30 INFO  : Hardware design information is loaded from 'F:/work/zynq_work2020/Zedboard_lab2020/audio/audio.sdk/system_wrapper_hw_platform_0/system.hdf'.
22:38:30 INFO  : 'configparams force-mem-access 1' command is executed.
22:38:30 INFO  : Context for 'APU' is selected.
22:38:31 INFO  : 'ps7_init' command is executed.
22:38:31 INFO  : 'ps7_post_config' command is executed.
22:38:31 INFO  : Context for processor 'ps7_cortexa9_0' is selected.
22:38:31 INFO  : The application 'F:/work/zynq_work2020/Zedboard_lab2020/audio/audio.sdk/audio/Debug/audio.elf' is downloaded to processor 'ps7_cortexa9_0'.
22:38:31 INFO  : 'configparams force-mem-access 0' command is executed.
22:38:31 INFO  : ----------------XSDB Script----------------
connect -url tcp:127.0.0.1:3121
source F:/work/zynq_work2020/Zedboard_lab2020/audio/audio.sdk/system_wrapper_hw_platform_0/ps7_init.tcl
targets -set -nocase -filter {name =~"APU*" && jtag_cable_name =~ "Digilent Zed 210248657754"} -index 0
rst -system
after 3000
targets -set -filter {jtag_cable_name =~ "Digilent Zed 210248657754" && level==0} -index 1
fpga -file F:/work/zynq_work2020/Zedboard_lab2020/audio/audio.sdk/system_wrapper_hw_platform_0/system_wrapper.bit
targets -set -nocase -filter {name =~"APU*" && jtag_cable_name =~ "Digilent Zed 210248657754"} -index 0
loadhw -hw F:/work/zynq_work2020/Zedboard_lab2020/audio/audio.sdk/system_wrapper_hw_platform_0/system.hdf -mem-ranges [list {0x40000000 0xbfffffff}]
configparams force-mem-access 1
targets -set -nocase -filter {name =~"APU*" && jtag_cable_name =~ "Digilent Zed 210248657754"} -index 0
ps7_init
ps7_post_config
targets -set -nocase -filter {name =~ "ARM*#0" && jtag_cable_name =~ "Digilent Zed 210248657754"} -index 0
dow F:/work/zynq_work2020/Zedboard_lab2020/audio/audio.sdk/audio/Debug/audio.elf
configparams force-mem-access 0
----------------End of Script----------------

22:38:31 INFO  : Memory regions updated for context APU
22:38:31 INFO  : Context for processor 'ps7_cortexa9_0' is selected.
22:38:31 INFO  : 'con' command is executed.
22:38:31 INFO  : ----------------XSDB Script (After Launch)----------------
targets -set -nocase -filter {name =~ "ARM*#0" && jtag_cable_name =~ "Digilent Zed 210248657754"} -index 0
con
----------------End of Script----------------

22:38:31 INFO  : Launch script is exported to file 'F:\work\zynq_work2020\Zedboard_lab2020\audio\audio.sdk\.sdk\launch_scripts\xilinx_c-c++_application_(system_debugger)\system_debugger_using_debug_audio.elf_on_local.tcl'
22:39:54 INFO  : Disconnected from the channel tcfchan#2.
22:39:55 INFO  : Connected to target on host '127.0.0.1' and port '3121'.
22:39:55 INFO  : Jtag cable 'Digilent Zed 210248657754' is selected.
22:39:55 INFO  : 'jtag frequency' command is executed.
22:39:55 INFO  : Sourcing of 'F:/work/zynq_work2020/Zedboard_lab2020/audio/audio.sdk/system_wrapper_hw_platform_0/ps7_init.tcl' is done.
22:39:55 INFO  : Context for 'APU' is selected.
22:39:56 INFO  : System reset is completed.
22:39:59 INFO  : 'after 3000' command is executed.
22:39:59 INFO  : 'targets -set -filter {jtag_cable_name =~ "Digilent Zed 210248657754" && level==0} -index 1' command is executed.
22:40:01 INFO  : FPGA configured successfully with bitstream "F:/work/zynq_work2020/Zedboard_lab2020/audio/audio.sdk/system_wrapper_hw_platform_0/system_wrapper.bit"
22:40:01 INFO  : Context for 'APU' is selected.
22:40:05 INFO  : Hardware design information is loaded from 'F:/work/zynq_work2020/Zedboard_lab2020/audio/audio.sdk/system_wrapper_hw_platform_0/system.hdf'.
22:40:05 INFO  : 'configparams force-mem-access 1' command is executed.
22:40:05 INFO  : Context for 'APU' is selected.
22:40:06 INFO  : 'ps7_init' command is executed.
22:40:06 INFO  : 'ps7_post_config' command is executed.
22:40:06 INFO  : Context for processor 'ps7_cortexa9_0' is selected.
22:40:06 INFO  : The application 'F:/work/zynq_work2020/Zedboard_lab2020/audio/audio.sdk/audio/Debug/audio.elf' is downloaded to processor 'ps7_cortexa9_0'.
22:40:06 INFO  : 'configparams force-mem-access 0' command is executed.
22:40:06 INFO  : ----------------XSDB Script----------------
connect -url tcp:127.0.0.1:3121
source F:/work/zynq_work2020/Zedboard_lab2020/audio/audio.sdk/system_wrapper_hw_platform_0/ps7_init.tcl
targets -set -nocase -filter {name =~"APU*" && jtag_cable_name =~ "Digilent Zed 210248657754"} -index 0
rst -system
after 3000
targets -set -filter {jtag_cable_name =~ "Digilent Zed 210248657754" && level==0} -index 1
fpga -file F:/work/zynq_work2020/Zedboard_lab2020/audio/audio.sdk/system_wrapper_hw_platform_0/system_wrapper.bit
targets -set -nocase -filter {name =~"APU*" && jtag_cable_name =~ "Digilent Zed 210248657754"} -index 0
loadhw -hw F:/work/zynq_work2020/Zedboard_lab2020/audio/audio.sdk/system_wrapper_hw_platform_0/system.hdf -mem-ranges [list {0x40000000 0xbfffffff}]
configparams force-mem-access 1
targets -set -nocase -filter {name =~"APU*" && jtag_cable_name =~ "Digilent Zed 210248657754"} -index 0
ps7_init
ps7_post_config
targets -set -nocase -filter {name =~ "ARM*#0" && jtag_cable_name =~ "Digilent Zed 210248657754"} -index 0
dow F:/work/zynq_work2020/Zedboard_lab2020/audio/audio.sdk/audio/Debug/audio.elf
configparams force-mem-access 0
----------------End of Script----------------

22:40:06 INFO  : Memory regions updated for context APU
22:40:06 INFO  : Context for processor 'ps7_cortexa9_0' is selected.
22:40:06 INFO  : 'con' command is executed.
22:40:06 INFO  : ----------------XSDB Script (After Launch)----------------
targets -set -nocase -filter {name =~ "ARM*#0" && jtag_cable_name =~ "Digilent Zed 210248657754"} -index 0
con
----------------End of Script----------------

22:40:06 INFO  : Launch script is exported to file 'F:\work\zynq_work2020\Zedboard_lab2020\audio\audio.sdk\.sdk\launch_scripts\xilinx_c-c++_application_(system_debugger)\system_debugger_using_debug_audio.elf_on_local.tcl'
22:47:28 INFO  : Disconnected from the channel tcfchan#3.
22:47:29 INFO  : Connected to target on host '127.0.0.1' and port '3121'.
22:47:30 INFO  : Jtag cable 'Digilent Zed 210248657754' is selected.
22:47:30 INFO  : 'jtag frequency' command is executed.
22:47:30 INFO  : Sourcing of 'F:/work/zynq_work2020/Zedboard_lab2020/audio/audio.sdk/system_wrapper_hw_platform_0/ps7_init.tcl' is done.
22:47:30 INFO  : Context for 'APU' is selected.
22:47:30 INFO  : System reset is completed.
22:47:33 INFO  : 'after 3000' command is executed.
22:47:33 INFO  : 'targets -set -filter {jtag_cable_name =~ "Digilent Zed 210248657754" && level==0} -index 1' command is executed.
22:47:36 INFO  : FPGA configured successfully with bitstream "F:/work/zynq_work2020/Zedboard_lab2020/audio/audio.sdk/system_wrapper_hw_platform_0/system_wrapper.bit"
22:47:36 INFO  : Context for 'APU' is selected.
22:47:39 INFO  : Hardware design information is loaded from 'F:/work/zynq_work2020/Zedboard_lab2020/audio/audio.sdk/system_wrapper_hw_platform_0/system.hdf'.
22:47:39 INFO  : 'configparams force-mem-access 1' command is executed.
22:47:39 INFO  : Context for 'APU' is selected.
22:47:39 INFO  : 'ps7_init' command is executed.
22:47:39 INFO  : 'ps7_post_config' command is executed.
22:47:39 INFO  : Context for processor 'ps7_cortexa9_0' is selected.
22:47:39 INFO  : The application 'F:/work/zynq_work2020/Zedboard_lab2020/audio/audio.sdk/audio/Debug/audio.elf' is downloaded to processor 'ps7_cortexa9_0'.
22:47:39 INFO  : 'configparams force-mem-access 0' command is executed.
22:47:39 INFO  : ----------------XSDB Script----------------
connect -url tcp:127.0.0.1:3121
source F:/work/zynq_work2020/Zedboard_lab2020/audio/audio.sdk/system_wrapper_hw_platform_0/ps7_init.tcl
targets -set -nocase -filter {name =~"APU*" && jtag_cable_name =~ "Digilent Zed 210248657754"} -index 0
rst -system
after 3000
targets -set -filter {jtag_cable_name =~ "Digilent Zed 210248657754" && level==0} -index 1
fpga -file F:/work/zynq_work2020/Zedboard_lab2020/audio/audio.sdk/system_wrapper_hw_platform_0/system_wrapper.bit
targets -set -nocase -filter {name =~"APU*" && jtag_cable_name =~ "Digilent Zed 210248657754"} -index 0
loadhw -hw F:/work/zynq_work2020/Zedboard_lab2020/audio/audio.sdk/system_wrapper_hw_platform_0/system.hdf -mem-ranges [list {0x40000000 0xbfffffff}]
configparams force-mem-access 1
targets -set -nocase -filter {name =~"APU*" && jtag_cable_name =~ "Digilent Zed 210248657754"} -index 0
ps7_init
ps7_post_config
targets -set -nocase -filter {name =~ "ARM*#0" && jtag_cable_name =~ "Digilent Zed 210248657754"} -index 0
dow F:/work/zynq_work2020/Zedboard_lab2020/audio/audio.sdk/audio/Debug/audio.elf
configparams force-mem-access 0
----------------End of Script----------------

22:47:40 INFO  : Memory regions updated for context APU
22:47:40 INFO  : Context for processor 'ps7_cortexa9_0' is selected.
22:47:40 INFO  : 'con' command is executed.
22:47:40 INFO  : ----------------XSDB Script (After Launch)----------------
targets -set -nocase -filter {name =~ "ARM*#0" && jtag_cable_name =~ "Digilent Zed 210248657754"} -index 0
con
----------------End of Script----------------

22:47:40 INFO  : Launch script is exported to file 'F:\work\zynq_work2020\Zedboard_lab2020\audio\audio.sdk\.sdk\launch_scripts\xilinx_c-c++_application_(system_debugger)\system_debugger_using_debug_audio.elf_on_local.tcl'
23:25:15 INFO  : Disconnected from the channel tcfchan#4.
23:25:16 INFO  : Connected to target on host '127.0.0.1' and port '3121'.
23:25:16 INFO  : Jtag cable 'Digilent Zed 210248657754' is selected.
23:25:16 INFO  : 'jtag frequency' command is executed.
23:25:16 INFO  : Sourcing of 'F:/work/zynq_work2020/Zedboard_lab2020/audio/audio.sdk/system_wrapper_hw_platform_0/ps7_init.tcl' is done.
23:25:17 INFO  : Context for 'APU' is selected.
23:25:17 INFO  : System reset is completed.
23:25:20 INFO  : 'after 3000' command is executed.
23:25:20 INFO  : 'targets -set -filter {jtag_cable_name =~ "Digilent Zed 210248657754" && level==0} -index 1' command is executed.
23:25:23 INFO  : FPGA configured successfully with bitstream "F:/work/zynq_work2020/Zedboard_lab2020/audio/audio.sdk/system_wrapper_hw_platform_0/system_wrapper.bit"
23:25:23 INFO  : Context for 'APU' is selected.
23:25:28 INFO  : Hardware design information is loaded from 'F:/work/zynq_work2020/Zedboard_lab2020/audio/audio.sdk/system_wrapper_hw_platform_0/system.hdf'.
23:25:28 INFO  : 'configparams force-mem-access 1' command is executed.
23:25:28 INFO  : Context for 'APU' is selected.
23:25:28 INFO  : 'ps7_init' command is executed.
23:25:28 INFO  : 'ps7_post_config' command is executed.
23:25:28 INFO  : Context for processor 'ps7_cortexa9_0' is selected.
23:25:28 INFO  : The application 'F:/work/zynq_work2020/Zedboard_lab2020/audio/audio.sdk/audio/Debug/audio.elf' is downloaded to processor 'ps7_cortexa9_0'.
23:25:29 INFO  : 'configparams force-mem-access 0' command is executed.
23:25:29 INFO  : ----------------XSDB Script----------------
connect -url tcp:127.0.0.1:3121
source F:/work/zynq_work2020/Zedboard_lab2020/audio/audio.sdk/system_wrapper_hw_platform_0/ps7_init.tcl
targets -set -nocase -filter {name =~"APU*" && jtag_cable_name =~ "Digilent Zed 210248657754"} -index 0
rst -system
after 3000
targets -set -filter {jtag_cable_name =~ "Digilent Zed 210248657754" && level==0} -index 1
fpga -file F:/work/zynq_work2020/Zedboard_lab2020/audio/audio.sdk/system_wrapper_hw_platform_0/system_wrapper.bit
targets -set -nocase -filter {name =~"APU*" && jtag_cable_name =~ "Digilent Zed 210248657754"} -index 0
loadhw -hw F:/work/zynq_work2020/Zedboard_lab2020/audio/audio.sdk/system_wrapper_hw_platform_0/system.hdf -mem-ranges [list {0x40000000 0xbfffffff}]
configparams force-mem-access 1
targets -set -nocase -filter {name =~"APU*" && jtag_cable_name =~ "Digilent Zed 210248657754"} -index 0
ps7_init
ps7_post_config
targets -set -nocase -filter {name =~ "ARM*#0" && jtag_cable_name =~ "Digilent Zed 210248657754"} -index 0
dow F:/work/zynq_work2020/Zedboard_lab2020/audio/audio.sdk/audio/Debug/audio.elf
configparams force-mem-access 0
----------------End of Script----------------

23:25:29 INFO  : Memory regions updated for context APU
23:25:29 INFO  : Context for processor 'ps7_cortexa9_0' is selected.
23:25:29 INFO  : 'con' command is executed.
23:25:29 INFO  : ----------------XSDB Script (After Launch)----------------
targets -set -nocase -filter {name =~ "ARM*#0" && jtag_cable_name =~ "Digilent Zed 210248657754"} -index 0
con
----------------End of Script----------------

23:25:29 INFO  : Launch script is exported to file 'F:\work\zynq_work2020\Zedboard_lab2020\audio\audio.sdk\.sdk\launch_scripts\xilinx_c-c++_application_(system_debugger)\system_debugger_using_debug_audio.elf_on_local.tcl'
23:27:10 INFO  : Disconnected from the channel tcfchan#5.
23:27:11 INFO  : Connected to target on host '127.0.0.1' and port '3121'.
23:27:12 INFO  : Jtag cable 'Digilent Zed 210248657754' is selected.
23:27:12 INFO  : 'jtag frequency' command is executed.
23:27:12 INFO  : Sourcing of 'F:/work/zynq_work2020/Zedboard_lab2020/audio/audio.sdk/system_wrapper_hw_platform_0/ps7_init.tcl' is done.
23:27:12 INFO  : Context for 'APU' is selected.
23:27:12 INFO  : System reset is completed.
23:27:15 INFO  : 'after 3000' command is executed.
23:27:15 INFO  : 'targets -set -filter {jtag_cable_name =~ "Digilent Zed 210248657754" && level==0} -index 1' command is executed.
23:27:18 INFO  : FPGA configured successfully with bitstream "F:/work/zynq_work2020/Zedboard_lab2020/audio/audio.sdk/system_wrapper_hw_platform_0/system_wrapper.bit"
23:27:18 INFO  : Context for 'APU' is selected.
23:27:23 INFO  : Hardware design information is loaded from 'F:/work/zynq_work2020/Zedboard_lab2020/audio/audio.sdk/system_wrapper_hw_platform_0/system.hdf'.
23:27:23 INFO  : 'configparams force-mem-access 1' command is executed.
23:27:23 INFO  : Context for 'APU' is selected.
23:27:23 INFO  : 'ps7_init' command is executed.
23:27:23 INFO  : 'ps7_post_config' command is executed.
23:27:23 INFO  : Context for processor 'ps7_cortexa9_0' is selected.
23:27:23 INFO  : The application 'F:/work/zynq_work2020/Zedboard_lab2020/audio/audio.sdk/audio/Debug/audio.elf' is downloaded to processor 'ps7_cortexa9_0'.
23:27:23 INFO  : 'configparams force-mem-access 0' command is executed.
23:27:23 INFO  : ----------------XSDB Script----------------
connect -url tcp:127.0.0.1:3121
source F:/work/zynq_work2020/Zedboard_lab2020/audio/audio.sdk/system_wrapper_hw_platform_0/ps7_init.tcl
targets -set -nocase -filter {name =~"APU*" && jtag_cable_name =~ "Digilent Zed 210248657754"} -index 0
rst -system
after 3000
targets -set -filter {jtag_cable_name =~ "Digilent Zed 210248657754" && level==0} -index 1
fpga -file F:/work/zynq_work2020/Zedboard_lab2020/audio/audio.sdk/system_wrapper_hw_platform_0/system_wrapper.bit
targets -set -nocase -filter {name =~"APU*" && jtag_cable_name =~ "Digilent Zed 210248657754"} -index 0
loadhw -hw F:/work/zynq_work2020/Zedboard_lab2020/audio/audio.sdk/system_wrapper_hw_platform_0/system.hdf -mem-ranges [list {0x40000000 0xbfffffff}]
configparams force-mem-access 1
targets -set -nocase -filter {name =~"APU*" && jtag_cable_name =~ "Digilent Zed 210248657754"} -index 0
ps7_init
ps7_post_config
targets -set -nocase -filter {name =~ "ARM*#0" && jtag_cable_name =~ "Digilent Zed 210248657754"} -index 0
dow F:/work/zynq_work2020/Zedboard_lab2020/audio/audio.sdk/audio/Debug/audio.elf
configparams force-mem-access 0
----------------End of Script----------------

23:27:24 INFO  : Memory regions updated for context APU
23:27:24 INFO  : Context for processor 'ps7_cortexa9_0' is selected.
23:27:24 INFO  : 'con' command is executed.
23:27:24 INFO  : ----------------XSDB Script (After Launch)----------------
targets -set -nocase -filter {name =~ "ARM*#0" && jtag_cable_name =~ "Digilent Zed 210248657754"} -index 0
con
----------------End of Script----------------

23:27:24 INFO  : Launch script is exported to file 'F:\work\zynq_work2020\Zedboard_lab2020\audio\audio.sdk\.sdk\launch_scripts\xilinx_c-c++_application_(system_debugger)\system_debugger_using_debug_audio.elf_on_local.tcl'
23:59:26 INFO  : Disconnected from the channel tcfchan#6.
23:59:27 INFO  : Connected to target on host '127.0.0.1' and port '3121'.
23:59:27 INFO  : Jtag cable 'Digilent Zed 210248657754' is selected.
23:59:27 INFO  : 'jtag frequency' command is executed.
23:59:27 INFO  : Sourcing of 'F:/work/zynq_work2020/Zedboard_lab2020/audio/audio.sdk/system_wrapper_hw_platform_0/ps7_init.tcl' is done.
23:59:27 INFO  : Context for 'APU' is selected.
23:59:28 INFO  : System reset is completed.
23:59:31 INFO  : 'after 3000' command is executed.
23:59:31 INFO  : 'targets -set -filter {jtag_cable_name =~ "Digilent Zed 210248657754" && level==0} -index 1' command is executed.
23:59:33 INFO  : FPGA configured successfully with bitstream "F:/work/zynq_work2020/Zedboard_lab2020/audio/audio.sdk/system_wrapper_hw_platform_0/system_wrapper.bit"
23:59:33 INFO  : Context for 'APU' is selected.
23:59:36 INFO  : Hardware design information is loaded from 'F:/work/zynq_work2020/Zedboard_lab2020/audio/audio.sdk/system_wrapper_hw_platform_0/system.hdf'.
23:59:36 INFO  : 'configparams force-mem-access 1' command is executed.
23:59:36 INFO  : Context for 'APU' is selected.
23:59:37 INFO  : 'ps7_init' command is executed.
23:59:37 INFO  : 'ps7_post_config' command is executed.
23:59:37 INFO  : Context for processor 'ps7_cortexa9_0' is selected.
23:59:37 INFO  : The application 'F:/work/zynq_work2020/Zedboard_lab2020/audio/audio.sdk/audio/Debug/audio.elf' is downloaded to processor 'ps7_cortexa9_0'.
23:59:37 INFO  : 'configparams force-mem-access 0' command is executed.
23:59:37 INFO  : ----------------XSDB Script----------------
connect -url tcp:127.0.0.1:3121
source F:/work/zynq_work2020/Zedboard_lab2020/audio/audio.sdk/system_wrapper_hw_platform_0/ps7_init.tcl
targets -set -nocase -filter {name =~"APU*" && jtag_cable_name =~ "Digilent Zed 210248657754"} -index 0
rst -system
after 3000
targets -set -filter {jtag_cable_name =~ "Digilent Zed 210248657754" && level==0} -index 1
fpga -file F:/work/zynq_work2020/Zedboard_lab2020/audio/audio.sdk/system_wrapper_hw_platform_0/system_wrapper.bit
targets -set -nocase -filter {name =~"APU*" && jtag_cable_name =~ "Digilent Zed 210248657754"} -index 0
loadhw -hw F:/work/zynq_work2020/Zedboard_lab2020/audio/audio.sdk/system_wrapper_hw_platform_0/system.hdf -mem-ranges [list {0x40000000 0xbfffffff}]
configparams force-mem-access 1
targets -set -nocase -filter {name =~"APU*" && jtag_cable_name =~ "Digilent Zed 210248657754"} -index 0
ps7_init
ps7_post_config
targets -set -nocase -filter {name =~ "ARM*#0" && jtag_cable_name =~ "Digilent Zed 210248657754"} -index 0
dow F:/work/zynq_work2020/Zedboard_lab2020/audio/audio.sdk/audio/Debug/audio.elf
configparams force-mem-access 0
----------------End of Script----------------

23:59:37 INFO  : Memory regions updated for context APU
23:59:37 INFO  : Context for processor 'ps7_cortexa9_0' is selected.
23:59:37 INFO  : 'con' command is executed.
23:59:37 INFO  : ----------------XSDB Script (After Launch)----------------
targets -set -nocase -filter {name =~ "ARM*#0" && jtag_cable_name =~ "Digilent Zed 210248657754"} -index 0
con
----------------End of Script----------------

23:59:37 INFO  : Launch script is exported to file 'F:\work\zynq_work2020\Zedboard_lab2020\audio\audio.sdk\.sdk\launch_scripts\xilinx_c-c++_application_(system_debugger)\system_debugger_using_debug_audio.elf_on_local.tcl'
